#
# There is insufficient memory for the Java Runtime Environment to continue.
# Native memory allocation (malloc) failed to allocate 32744 bytes for ChunkPool::allocate
# Possible reasons:
#   The system is out of physical RAM or swap space
#   In 32 bit mode, the process size limit was hit
# Possible solutions:
#   Reduce memory load on the system
#   Increase physical memory or swap space
#   Check if swap backing store is full
#   Use 64 bit Java on a 64 bit OS
#   Decrease Java heap size (-Xmx/-Xms)
#   Decrease number of Java threads
#   Decrease Java thread stack sizes (-Xss)
#   Set larger code cache with -XX:ReservedCodeCacheSize=
# This output file may be truncated or incomplete.
#
#  Out of Memory Error (allocation.cpp:273), pid=37352, tid=0x0000000000002634
#
# JRE version: Java(TM) SE Runtime Environment (8.0_191-b12) (build 1.8.0_191-b12)
# Java VM: Java HotSpot(TM) 64-Bit Server VM (25.191-b12 mixed mode windows-amd64 compressed oops)
# Failed to write core dump. Minidumps are not enabled by default on client versions of Windows
#

---------------  T H R E A D  ---------------

Current thread (0x0000000018a8a800):  JavaThread "C2 CompilerThread0" daemon [_thread_in_native, id=9780, stack(0x0000000018d20000,0x0000000018e20000)]

Stack: [0x0000000018d20000,0x0000000018e20000]
[error occurred during error reporting (printing stack bounds), id 0xc0000005]

Native frames: (J=compiled Java code, j=interpreted, Vv=VM code, C=native code)


Current CompileTask:
C2: 158943 4937       4       java.util.regex.Pattern::clazz (405 bytes)


---------------  P R O C E S S  ---------------

Java Threads: ( => current thread )
  0x0000000018b27800 JavaThread "Service Thread" daemon [_thread_blocked, id=43560, stack(0x0000000019590000,0x0000000019690000)]
  0x0000000018a62000 JavaThread "C1 CompilerThread2" daemon [_thread_blocked, id=22880, stack(0x0000000019380000,0x0000000019480000)]
  0x0000000018a8c800 JavaThread "C2 CompilerThread1" daemon [_thread_blocked, id=9448, stack(0x0000000019240000,0x0000000019340000)]
=>0x0000000018a8a800 JavaThread "C2 CompilerThread0" daemon [_thread_in_native, id=9780, stack(0x0000000018d20000,0x0000000018e20000)]
  0x0000000018a58000 JavaThread "Monitor Ctrl-Break" daemon [_thread_in_native, id=23080, stack(0x0000000019110000,0x0000000019210000)]
  0x000000001890b000 JavaThread "Attach Listener" daemon [_thread_blocked, id=5164, stack(0x0000000019010000,0x0000000019110000)]
  0x000000001890a800 JavaThread "Signal Dispatcher" daemon [_thread_blocked, id=27464, stack(0x0000000018e70000,0x0000000018f70000)]
  0x000000001741f000 JavaThread "Finalizer" daemon [_thread_blocked, id=3408, stack(0x0000000018690000,0x0000000018790000)]
  0x0000000017418000 JavaThread "Reference Handler" daemon [_thread_blocked, id=24168, stack(0x0000000018800000,0x0000000018900000)]
  0x0000000001e2a800 JavaThread "main" [_thread_in_Java, id=49440, stack(0x0000000002080000,0x0000000002180000)]

Other Threads:
  0x00000000173d0000 VMThread [stack: 0x0000000018530000,0x0000000018630000] [id=40724]
  0x0000000018b28800 WatcherThread [stack: 0x0000000019840000,0x0000000019940000] [id=35608]

VM state:not at safepoint (normal execution)

VM Mutex/Monitor currently owned by a thread: None

Heap:
 PSYoungGen      total 561664K, used 355090K [0x00000000d5580000, 0x00000000f8e80000, 0x0000000100000000)
  eden space 547328K, 64% used [0x00000000d5580000,0x00000000eab9ca28,0x00000000f6c00000)
  from space 14336K, 33% used [0x00000000f7980000,0x00000000f7e28000,0x00000000f8780000)
  to   space 13824K, 0% used [0x00000000f6c00000,0x00000000f6c00000,0x00000000f7980000)
 ParOldGen       total 1398272K, used 1257605K [0x0000000080000000, 0x00000000d5580000, 0x00000000d5580000)
  object space 1398272K, 89% used [0x0000000080000000,0x00000000ccc21428,0x00000000d5580000)
 Metaspace       used 14717K, capacity 15344K, committed 15488K, reserved 1062912K
  class space    used 1469K, capacity 1636K, committed 1664K, reserved 1048576K

Card table byte_map: [0x0000000011990000,0x0000000011da0000] byte_map_base: 0x0000000011590000

Marking Bits: (ParMarkBitMap*) 0x00000000538c3e30
 Begin Bits: [0x0000000012640000, 0x0000000014640000)
 End Bits:   [0x0000000014640000, 0x0000000016640000)

Polling page: 0x0000000000330000

CodeCache: size=245760Kb used=17203Kb max_used=17649Kb free=228556Kb
 bounds [0x00000000025d0000, 0x00000000038d0000, 0x00000000115d0000]
 total_blobs=3349 nmethods=2975 adapters=286
 compilation: enabled

Compilation events (10 events):
Event: 155.915 Thread 0x0000000018a62000 nmethod 4932 0x0000000002e58190 code [0x0000000002e58400, 0x0000000002e59138]
Event: 156.172 Thread 0x0000000018a62000 4933       3       java.lang.StringBuilder::charAt (6 bytes)
Event: 156.172 Thread 0x0000000018a62000 nmethod 4933 0x000000000270c390 code [0x000000000270c500, 0x000000000270c7e8]
Event: 156.172 Thread 0x0000000018a62000 4934       3       java.lang.AbstractStringBuilder::charAt (28 bytes)
Event: 156.173 Thread 0x0000000018a62000 nmethod 4934 0x0000000002edb350 code [0x0000000002edb4c0, 0x0000000002edb728]
Event: 157.681 Thread 0x0000000018a62000 4935       3       java.util.IdentityHashMap$IdentityHashMapIterator::hasNext (50 bytes)
Event: 157.681 Thread 0x0000000018a62000 nmethod 4935 0x000000000342d510 code [0x000000000342d680, 0x000000000342d910]
Event: 158.858 Thread 0x0000000018a8c800 4936       4       edu.stanford.nlp.trees.ud.EnhancementOptions::<init> (77 bytes)
Event: 158.859 Thread 0x0000000018a8c800 nmethod 4936 0x00000000027b1490 code [0x00000000027b15c0, 0x00000000027b1678]
Event: 158.898 Thread 0x0000000018a8a800 4937       4       java.util.regex.Pattern::clazz (405 bytes)

GC Heap History (10 events):
Event: 148.930 GC heap before
{Heap before GC invocations=156 (full 5):
 PSYoungGen      total 553984K, used 542944K [0x00000000d5580000, 0x00000000f8280000, 0x0000000100000000)
  eden space 539136K, 100% used [0x00000000d5580000,0x00000000f6400000,0x00000000f6400000)
  from space 14848K, 25% used [0x00000000f6400000,0x00000000f67b8000,0x00000000f7280000)
  to   space 13824K, 0% used [0x00000000f7500000,0x00000000f7500000,0x00000000f8280000)
 ParOldGen       total 1398272K, used 1256509K [0x0000000080000000, 0x00000000d5580000, 0x00000000d5580000)
  object space 1398272K, 89% used [0x0000000080000000,0x00000000ccb0f428,0x00000000d5580000)
 Metaspace       used 14716K, capacity 15344K, committed 15488K, reserved 1062912K
  class space    used 1469K, capacity 1636K, committed 1664K, reserved 1048576K
Event: 148.946 GC heap after
Heap after GC invocations=156 (full 5):
 PSYoungGen      total 555520K, used 5472K [0x00000000d5580000, 0x00000000f8180000, 0x0000000100000000)
  eden space 542720K, 0% used [0x00000000d5580000,0x00000000d5580000,0x00000000f6780000)
  from space 12800K, 42% used [0x00000000f7500000,0x00000000f7a58000,0x00000000f8180000)
  to   space 13312K, 0% used [0x00000000f6780000,0x00000000f6780000,0x00000000f7480000)
 ParOldGen       total 1398272K, used 1256509K [0x0000000080000000, 0x00000000d5580000, 0x00000000d5580000)
  object space 1398272K, 89% used [0x0000000080000000,0x00000000ccb0f428,0x00000000d5580000)
 Metaspace       used 14716K, capacity 15344K, committed 15488K, reserved 1062912K
  class space    used 1469K, capacity 1636K, committed 1664K, reserved 1048576K
}
Event: 151.234 GC heap before
{Heap before GC invocations=157 (full 5):
 PSYoungGen      total 555520K, used 548192K [0x00000000d5580000, 0x00000000f8180000, 0x0000000100000000)
  eden space 542720K, 100% used [0x00000000d5580000,0x00000000f6780000,0x00000000f6780000)
  from space 12800K, 42% used [0x00000000f7500000,0x00000000f7a58000,0x00000000f8180000)
  to   space 13312K, 0% used [0x00000000f6780000,0x00000000f6780000,0x00000000f7480000)
 ParOldGen       total 1398272K, used 1256509K [0x0000000080000000, 0x00000000d5580000, 0x00000000d5580000)
  object space 1398272K, 89% used [0x0000000080000000,0x00000000ccb0f428,0x00000000d5580000)
 Metaspace       used 14716K, capacity 15344K, committed 15488K, reserved 1062912K
  class space    used 1469K, capacity 1636K, committed 1664K, reserved 1048576K
Event: 151.246 GC heap after
Heap after GC invocations=157 (full 5):
 PSYoungGen      total 556032K, used 3904K [0x00000000d5580000, 0x00000000f8380000, 0x0000000100000000)
  eden space 542720K, 0% used [0x00000000d5580000,0x00000000d5580000,0x00000000f6780000)
  from space 13312K, 29% used [0x00000000f6780000,0x00000000f6b50000,0x00000000f7480000)
  to   space 12800K, 0% used [0x00000000f7700000,0x00000000f7700000,0x00000000f8380000)
 ParOldGen       total 1398272K, used 1256517K [0x0000000080000000, 0x00000000d5580000, 0x00000000d5580000)
  object space 1398272K, 89% used [0x0000000080000000,0x00000000ccb11428,0x00000000d5580000)
 Metaspace       used 14716K, capacity 15344K, committed 15488K, reserved 1062912K
  class space    used 1469K, capacity 1636K, committed 1664K, reserved 1048576K
}
Event: 153.965 GC heap before
{Heap before GC invocations=158 (full 5):
 PSYoungGen      total 556032K, used 546624K [0x00000000d5580000, 0x00000000f8380000, 0x0000000100000000)
  eden space 542720K, 100% used [0x00000000d5580000,0x00000000f6780000,0x00000000f6780000)
  from space 13312K, 29% used [0x00000000f6780000,0x00000000f6b50000,0x00000000f7480000)
  to   space 12800K, 0% used [0x00000000f7700000,0x00000000f7700000,0x00000000f8380000)
 ParOldGen       total 1398272K, used 1256517K [0x0000000080000000, 0x00000000d5580000, 0x00000000d5580000)
  object space 1398272K, 89% used [0x0000000080000000,0x00000000ccb11428,0x00000000d5580000)
 Metaspace       used 14716K, capacity 15344K, committed 15488K, reserved 1062912K
  class space    used 1469K, capacity 1636K, committed 1664K, reserved 1048576K
Event: 154.026 GC heap after
Heap after GC invocations=158 (full 5):
 PSYoungGen      total 556032K, used 12800K [0x00000000d5580000, 0x00000000f8980000, 0x0000000100000000)
  eden space 543232K, 0% used [0x00000000d5580000,0x00000000d5580000,0x00000000f6800000)
  from space 12800K, 100% used [0x00000000f7700000,0x00000000f8380000,0x00000000f8380000)
  to   space 15360K, 0% used [0x00000000f6800000,0x00000000f6800000,0x00000000f7700000)
 ParOldGen       total 1398272K, used 1257605K [0x0000000080000000, 0x00000000d5580000, 0x00000000d5580000)
  object space 1398272K, 89% used [0x0000000080000000,0x00000000ccc21428,0x00000000d5580000)
 Metaspace       used 14716K, capacity 15344K, committed 15488K, reserved 1062912K
  class space    used 1469K, capacity 1636K, committed 1664K, reserved 1048576K
}
Event: 156.632 GC heap before
{Heap before GC invocations=159 (full 5):
 PSYoungGen      total 556032K, used 556032K [0x00000000d5580000, 0x00000000f8980000, 0x0000000100000000)
  eden space 543232K, 100% used [0x00000000d5580000,0x00000000f6800000,0x00000000f6800000)
  from space 12800K, 100% used [0x00000000f7700000,0x00000000f8380000,0x00000000f8380000)
  to   space 15360K, 0% used [0x00000000f6800000,0x00000000f6800000,0x00000000f7700000)
 ParOldGen       total 1398272K, used 1257605K [0x0000000080000000, 0x00000000d5580000, 0x00000000d5580000)
  object space 1398272K, 89% used [0x0000000080000000,0x00000000ccc21428,0x00000000d5580000)
 Metaspace       used 14717K, capacity 15344K, committed 15488K, reserved 1062912K
  class space    used 1469K, capacity 1636K, committed 1664K, reserved 1048576K
Event: 156.652 GC heap after
Heap after GC invocations=159 (full 5):
 PSYoungGen      total 558592K, used 4768K [0x00000000d5580000, 0x00000000f8780000, 0x0000000100000000)
  eden space 543232K, 0% used [0x00000000d5580000,0x00000000d5580000,0x00000000f6800000)
  from space 15360K, 31% used [0x00000000f6800000,0x00000000f6ca8000,0x00000000f7700000)
  to   space 14336K, 0% used [0x00000000f7980000,0x00000000f7980000,0x00000000f8780000)
 ParOldGen       total 1398272K, used 1257605K [0x0000000080000000, 0x00000000d5580000, 0x00000000d5580000)
  object space 1398272K, 89% used [0x0000000080000000,0x00000000ccc21428,0x00000000d5580000)
 Metaspace       used 14717K, capacity 15344K, committed 15488K, reserved 1062912K
  class space    used 1469K, capacity 1636K, committed 1664K, reserved 1048576K
}
Event: 157.063 GC heap before
{Heap before GC invocations=160 (full 5):
 PSYoungGen      total 558592K, used 548000K [0x00000000d5580000, 0x00000000f8780000, 0x0000000100000000)
  eden space 543232K, 100% used [0x00000000d5580000,0x00000000f6800000,0x00000000f6800000)
  from space 15360K, 31% used [0x00000000f6800000,0x00000000f6ca8000,0x00000000f7700000)
  to   space 14336K, 0% used [0x00000000f7980000,0x00000000f7980000,0x00000000f8780000)
 ParOldGen       total 1398272K, used 1257605K [0x0000000080000000, 0x00000000d5580000, 0x00000000d5580000)
  object space 1398272K, 89% used [0x0000000080000000,0x00000000ccc21428,0x00000000d5580000)
 Metaspace       used 14717K, capacity 15344K, committed 15488K, reserved 1062912K
  class space    used 1469K, capacity 1636K, committed 1664K, reserved 1048576K
Event: 157.132 GC heap after
Heap after GC invocations=160 (full 5):
 PSYoungGen      total 561664K, used 4768K [0x00000000d5580000, 0x00000000f8e80000, 0x0000000100000000)
  eden space 547328K, 0% used [0x00000000d5580000,0x00000000d5580000,0x00000000f6c00000)
  from space 14336K, 33% used [0x00000000f7980000,0x00000000f7e28000,0x00000000f8780000)
  to   space 13824K, 0% used [0x00000000f6c00000,0x00000000f6c00000,0x00000000f7980000)
 ParOldGen       total 1398272K, used 1257605K [0x0000000080000000, 0x00000000d5580000, 0x00000000d5580000)
  object space 1398272K, 89% used [0x0000000080000000,0x00000000ccc21428,0x00000000d5580000)
 Metaspace       used 14717K, capacity 15344K, committed 15488K, reserved 1062912K
  class space    used 1469K, capacity 1636K, committed 1664K, reserved 1048576K
}

Deoptimization events (10 events):
Event: 105.568 Thread 0x0000000001e2a800 Uncommon trap: reason=null_check action=make_not_entrant pc=0x0000000002e8d2a8 method=edu.stanford.nlp.graph.DirectedMultiGraph$EdgeIterator.<init>(Ljava/lang/Object;Ljava/util/Map;Ljava/util/Map;)V @ 36
Event: 105.970 Thread 0x0000000001e2a800 Uncommon trap: reason=unstable_if action=reinterpret pc=0x00000000035fd978 method=edu.stanford.nlp.naturalli.ForwardEntailerSearchProblem.searchImplementation()Ljava/util/List; @ 760
Event: 105.971 Thread 0x0000000001e2a800 Uncommon trap: reason=unstable_if action=reinterpret pc=0x000000000281ba5c method=edu.stanford.nlp.naturalli.ForwardEntailerSearchProblem.lambda$search$1(Ledu/stanford/nlp/naturalli/SentenceFragment;)Z @ 9
Event: 106.562 Thread 0x0000000001e2a800 Uncommon trap: reason=unstable_if action=reinterpret pc=0x00000000033ff6a4 method=edu.stanford.nlp.naturalli.NaturalLogicRelation.forDependencyInsertion(Ljava/lang/String;ZLjava/util/Optional;)Ledu/stanford/nlp/naturalli/NaturalLogicRelation; @ 198
Event: 106.962 Thread 0x0000000001e2a800 Uncommon trap: reason=unstable_if action=reinterpret pc=0x00000000037764cc method=edu.stanford.nlp.naturalli.ClauseSplitterSearchProblem.search(Ledu/stanford/nlp/ling/IndexedWord;Ljava/util/function/Predicate;Ledu/stanford/nlp/classify/Classifier;Ljava/ut
Event: 112.338 Thread 0x0000000001e2a800 Uncommon trap: reason=unstable_if action=reinterpret pc=0x00000000036effdc method=java.lang.Character.valueOf(C)Ljava/lang/Character; @ 3
Event: 116.004 Thread 0x0000000001e2a800 Uncommon trap: reason=unstable_if action=reinterpret pc=0x00000000037d6b84 method=edu.stanford.nlp.ie.machinereading.structure.Span.overlaps(Ledu/stanford/nlp/ie/machinereading/structure/Span;Ledu/stanford/nlp/ie/machinereading/structure/Span;)Z @ 5
Event: 117.725 Thread 0x0000000001e2a800 Uncommon trap: reason=unstable_if action=reinterpret pc=0x0000000003470cbc method=edu.stanford.nlp.trees.UniversalEnglishGrammaticalStructure.conjValue(Ledu/stanford/nlp/ling/IndexedWord;Ledu/stanford/nlp/semgraph/SemanticGraph;)Ledu/stanford/nlp/trees/Gr
Event: 128.508 Thread 0x0000000001e2a800 Uncommon trap: reason=unstable_if action=reinterpret pc=0x00000000033b3968 method=edu.stanford.nlp.naturalli.ForwardEntailerSearchProblem.searchImplementation()Ljava/util/List; @ 440
Event: 135.182 Thread 0x0000000001e2a800 Uncommon trap: reason=unstable_if action=reinterpret pc=0x000000000373931c method=edu.stanford.nlp.naturalli.Util.cleanTree(Ledu/stanford/nlp/semgraph/SemanticGraph;)Ljava/util/List; @ 1553

Classes redefined (0 events):
No events

Internal exceptions (10 events):
Event: 34.331 Thread 0x0000000001e2a800 Implicit null exception at 0x0000000002a93496 to 0x0000000002a99850
Event: 41.356 Thread 0x0000000001e2a800 Implicit null exception at 0x00000000028d33bc to 0x00000000028d3531
Event: 43.963 Thread 0x0000000001e2a800 Implicit null exception at 0x0000000002e1ab1d to 0x0000000002e1b319
Event: 45.479 Thread 0x0000000001e2a800 Implicit null exception at 0x0000000002d2ea9c to 0x0000000002d2fa25
Event: 48.661 Thread 0x0000000001e2a800 Implicit null exception at 0x00000000029d584a to 0x00000000029d5a0d
Event: 57.047 Thread 0x0000000001e2a800 Implicit null exception at 0x0000000002e0764c to 0x0000000002e07691
Event: 69.473 Thread 0x0000000001e2a800 Implicit null exception at 0x00000000033c9213 to 0x00000000033d12cd
Event: 72.610 Thread 0x0000000001e2a800 Implicit null exception at 0x000000000362bb2c to 0x00000000036306cd
Event: 73.843 Thread 0x0000000001e2a800 Implicit null exception at 0x00000000034fbc2e to 0x00000000034fbcfd
Event: 105.568 Thread 0x0000000001e2a800 Implicit null exception at 0x0000000002e8ccbd to 0x0000000002e8d299

Events (10 events):
Event: 154.027 Executing VM operation: RevokeBias done
Event: 154.027 Executing VM operation: RevokeBias
Event: 154.027 Executing VM operation: RevokeBias done
Event: 156.173 Thread 0x0000000018a62000 flushing nmethod 0x000000000285ce90
Event: 156.631 Executing VM operation: ParallelGCFailedAllocation
Event: 156.652 Executing VM operation: ParallelGCFailedAllocation done
Event: 157.063 Executing VM operation: ParallelGCFailedAllocation
Event: 157.132 Executing VM operation: ParallelGCFailedAllocation done
Event: 157.681 Thread 0x0000000018a62000 flushing nmethod 0x00000000028ad110
Event: 158.859 Thread 0x0000000018a8c800 flushing nmethod 0x000000000298ee90


Dynamic libraries:
0x000000013f1b0000 - 0x000000013f1e7000 	C:\Program Files\Java\jdk1.8.0_191\bin\java.exe
0x0000000077340000 - 0x00000000774ea000 	C:\Windows\SYSTEM32\ntdll.dll
0x0000000077120000 - 0x000000007723f000 	C:\Windows\system32\kernel32.dll
0x000007fefd270000 - 0x000007fefd2da000 	C:\Windows\system32\KERNELBASE.dll
0x000007fefddd0000 - 0x000007fefdeab000 	C:\Windows\system32\ADVAPI32.dll
0x000007fefda50000 - 0x000007fefdaef000 	C:\Windows\system32\msvcrt.dll
0x000007fefd520000 - 0x000007fefd53f000 	C:\Windows\SYSTEM32\sechost.dll
0x000007fefdf30000 - 0x000007fefe05d000 	C:\Windows\system32\RPCRT4.dll
0x0000000077240000 - 0x000000007733a000 	C:\Windows\system32\USER32.dll
0x000007fefdec0000 - 0x000007fefdf27000 	C:\Windows\system32\GDI32.dll
0x000007fefe060000 - 0x000007fefe06e000 	C:\Windows\system32\LPK.dll
0x000007fefdd00000 - 0x000007fefddca000 	C:\Windows\system32\USP10.dll
0x000007fefb5d0000 - 0x000007fefb7c4000 	C:\Windows\WinSxS\amd64_microsoft.windows.common-controls_6595b64144ccf1df_6.0.7601.18837_none_fa3b1e3d17594757\COMCTL32.dll
0x000007feff370000 - 0x000007feff3e1000 	C:\Windows\system32\SHLWAPI.dll
0x000007fefd540000 - 0x000007fefd56e000 	C:\Windows\system32\IMM32.DLL
0x000007fefdbf0000 - 0x000007fefdcf9000 	C:\Windows\system32\MSCTF.dll
0x000000006af70000 - 0x000000006b042000 	C:\Program Files\Java\jdk1.8.0_191\jre\bin\msvcr100.dll
0x00000000530a0000 - 0x0000000053944000 	C:\Program Files\Java\jdk1.8.0_191\jre\bin\server\jvm.dll
0x000007fefb3a0000 - 0x000007fefb3a9000 	C:\Windows\system32\WSOCK32.dll
0x000007feff3f0000 - 0x000007feff43d000 	C:\Windows\system32\WS2_32.dll
0x000007fefdeb0000 - 0x000007fefdeb8000 	C:\Windows\system32\NSI.dll
0x000007fefa750000 - 0x000007fefa78b000 	C:\Windows\system32\WINMM.dll
0x000007fefc1a0000 - 0x000007fefc1ac000 	C:\Windows\system32\VERSION.dll
0x0000000077500000 - 0x0000000077507000 	C:\Windows\system32\PSAPI.DLL
0x000000006dbf0000 - 0x000000006dbff000 	C:\Program Files\Java\jdk1.8.0_191\jre\bin\verify.dll
0x000000006d5a0000 - 0x000000006d5c9000 	C:\Program Files\Java\jdk1.8.0_191\jre\bin\java.dll
0x000000006d570000 - 0x000000006d593000 	C:\Program Files\Java\jdk1.8.0_191\jre\bin\instrument.dll
0x000000006dbd0000 - 0x000000006dbe6000 	C:\Program Files\Java\jdk1.8.0_191\jre\bin\zip.dll
0x000007fefe170000 - 0x000007fefeef9000 	C:\Windows\system32\SHELL32.dll
0x000007feff440000 - 0x000007feff643000 	C:\Windows\system32\ole32.dll
0x000007fefd0c0000 - 0x000007fefd0cf000 	C:\Windows\system32\profapi.dll
0x000007fef2e60000 - 0x000007fef2e7a000 	C:\Program Files\JetBrains\IntelliJ IDEA Community Edition 2017.2.1\bin\breakgen64.dll
0x000000006d550000 - 0x000000006d56a000 	C:\Program Files\Java\jdk1.8.0_191\jre\bin\net.dll
0x000007fefc8a0000 - 0x000007fefc8f5000 	C:\Windows\system32\mswsock.dll
0x000007fefc890000 - 0x000007fefc897000 	C:\Windows\System32\wship6.dll
0x000007fefb9e0000 - 0x000007fefb9f5000 	C:\Windows\system32\NLAapi.dll
0x000007fef27a0000 - 0x000007fef27b5000 	C:\Windows\system32\napinsp.dll
0x000007fef2780000 - 0x000007fef2799000 	C:\Windows\system32\pnrpnsp.dll
0x000007fefc720000 - 0x000007fefc77b000 	C:\Windows\system32\DNSAPI.dll
0x000007fef2770000 - 0x000007fef277b000 	C:\Windows\System32\winrnr.dll
0x000007fef2760000 - 0x000007fef2770000 	C:\Windows\system32\wshbth.dll
0x000000005dfa0000 - 0x000000005dfc6000 	C:\Program Files\Bonjour\mdnsNSP.dll
0x000007fefb370000 - 0x000007fefb397000 	C:\Windows\system32\Iphlpapi.DLL
0x000007fefb360000 - 0x000007fefb36b000 	C:\Windows\system32\WINNSI.DLL
0x000007fefc270000 - 0x000007fefc277000 	C:\Windows\System32\wshtcpip.dll
0x000007fef2610000 - 0x000007fef2618000 	C:\Windows\system32\rasadhlp.dll
0x000007fef9cb0000 - 0x000007fef9d03000 	C:\Windows\System32\fwpuclnt.dll
0x000000006db80000 - 0x000000006db91000 	C:\Program Files\Java\jdk1.8.0_191\jre\bin\nio.dll

VM Arguments:
jvm_args: -Xmx2048m -javaagent:C:\Program Files\JetBrains\IntelliJ IDEA Community Edition 2017.2.1\lib\idea_rt.jar=65504:C:\Program Files\JetBrains\IntelliJ IDEA Community Edition 2017.2.1\bin -Dfile.encoding=UTF-8 
java_command: EventExtractor C:\Users\arjunb\Documents\workspace\StanfordCoreNLP\Sports_NER.tsv.model C:\Users\arjunb\Documents\workspace\StanfordCoreNLP\2018_nfl_regular_season
java_class_path (initial): C:\Program Files\Java\jdk1.8.0_191\jre\lib\charsets.jar;C:\Program Files\Java\jdk1.8.0_191\jre\lib\deploy.jar;C:\Program Files\Java\jdk1.8.0_191\jre\lib\ext\access-bridge-64.jar;C:\Program Files\Java\jdk1.8.0_191\jre\lib\ext\cldrdata.jar;C:\Program Files\Java\jdk1.8.0_191\jre\lib\ext\dnsns.jar;C:\Program Files\Java\jdk1.8.0_191\jre\lib\ext\jaccess.jar;C:\Program Files\Java\jdk1.8.0_191\jre\lib\ext\jfxrt.jar;C:\Program Files\Java\jdk1.8.0_191\jre\lib\ext\localedata.jar;C:\Program Files\Java\jdk1.8.0_191\jre\lib\ext\nashorn.jar;C:\Program Files\Java\jdk1.8.0_191\jre\lib\ext\sunec.jar;C:\Program Files\Java\jdk1.8.0_191\jre\lib\ext\sunjce_provider.jar;C:\Program Files\Java\jdk1.8.0_191\jre\lib\ext\sunmscapi.jar;C:\Program Files\Java\jdk1.8.0_191\jre\lib\ext\sunpkcs11.jar;C:\Program Files\Java\jdk1.8.0_191\jre\lib\ext\zipfs.jar;C:\Program Files\Java\jdk1.8.0_191\jre\lib\javaws.jar;C:\Program Files\Java\jdk1.8.0_191\jre\lib\jce.jar;C:\Program Files\Java\jdk1.8.0_191\jre\lib\jfr.jar;C:\Program Files\Java\jdk1.8.0_191\jre\lib\jfxswt.jar;C:\Program Files\Java\jdk1.8.0_191\jre\lib\jsse.jar;C:\Program Files\Java\jdk1.8.0_191\jre\lib\management-agent.jar;C:\Program Files\Java\jdk1.8.0_191\jre\lib\plugin.jar;C:\Program Files\Java\jdk1.8.0_191\jre\lib\resources.jar;C:\Program Files\Java\jdk1.8.0_191\jre\lib\rt.jar;C:\Users\arjunb\Documents\workspace\StanfordCoreNLP\out\production\StanfordCoreNLP;C:\Users\arjunb\Documents\workspace\stanford-corenlp-full-2018-10-05\xom.jar;C:\Users\arjunb\Documents\workspace\stanford-corenlp-full-2018-10-05\jollyday.jar;C:\Users\arjunb\Documents\workspace\stanford-corenlp-full-2018-10-05\protobuf.jar;C:\Users\arjunb\Documents\workspace\stanford-corenlp-full-2018-10-05\ejml-0.23.jar;C:\Users\arjunb\Documents\workspace\stanford-corenlp-full-2018-10-05\joda-time.jar;C:\Users\arjunb\Documents\workspace\stanford-corenlp-full-2018-10-05\slf4j-api.jar;C:\Users\arjunb\Documents\workspace\stanford-corenlp-full-2018-10-05\javax.j
Launcher Type: SUN_STANDARD

Environment Variables:
PATH=C:\Program Files (x86)\Common Files\Oracle\Java\javapath;C:\Program Files (x86)\Java\jdk1.8.0_73\bin;C:\ProgramData\Oracle\Java\javapath;C:\Program Files (x86)\Intel\iCLS Client\;C:\Program Files\Intel\iCLS Client\;C:\Windows\system32;C:\Windows;C:\Windows\System32\Wbem;C:\Windows\System32\WindowsPowerShell\v1.0\;C:\Program Files\Intel\Intel(R) Management Engine Components\DAL;C:\Program Files (x86)\Intel\Intel(R) Management Engine Components\DAL;C:\Program Files\Intel\Intel(R) Management Engine Components\IPT;C:\Program Files (x86)\Intel\Intel(R) Management Engine Components\IPT;C:\Program Files\Lenovo\Fingerprint Manager Pro\;C:\Program Files (x86)\Common Files\Lenovo;C:\Program Files\Condusiv Technologies\ExpressCache\;C:\Program Files (x86)\Common Files\lenovo\easyplussdk\bin;C:\SWTOOLS\ReadyApps;C:\Program Files\TortoiseSVN\bin;C:\Program Files\Microsoft Windows Performance Toolkit\;C:\Program Files (x86)\Windows Kits\8.1\Windows Performance Toolkit\;C:\HashiCorp\Vagrant\bin;C:\Program Files (x86)\7-Zip;C:\Program Files\Intel\WiFi\bin\;C:\Program Files\Common Files\Intel\WirelessCommon\;c:\Program Files (x86)\Microsoft SQL Server\100\Tools\Binn\;c:\Program Files\Microsoft SQL Server\100\Tools\Binn\;c:\Program Files\Microsoft SQL Server\100\DTS\Binn\;C:\Users\arjunb\Downloads\twitter4j\bin;C:\Users\arjunb\Downloads\twitter4j\lib\twitter4j-core-4.0.4.jar;C:\Program Files (x86)\Skype\Phone\;C:\Python27\Scripts\;C:\Program Files\Git\cmd;C:\Program Files\Intel\WiFi\bin\;C:\Program Files\Common Files\Intel\WirelessCommon\;C:\Program Files\R\R-3.4.2\bin;C:\Users\arjunb\Downloads\i686-4.9.1-release-posix-sjlj-rt_v3-rev2\mingw32\bin;C:\Users\arjunb\Downloads\curl-7.56.0\include;C:\Users\arjunb\Downloads\curl-7.56.0\I386\LIBCURL.LIB;C:\Users\arjunb\Downloads\curl-7.56.0\AMD64\LIBCURL.LIB;C:\Users\arjunb\Downloads\curl-7.56.0\IA64\LIBCURL.LIB;C:\Users\arjunb\AppData\Local\Programs\Python\Python36-32;C:\Users\arjunb\AppData\Local\Programs\Python\Python36-32\Scripts
USERNAME=arjunb
OS=Windows_NT
PROCESSOR_IDENTIFIER=Intel64 Family 6 Model 61 Stepping 4, GenuineIntel



---------------  S Y S T E M  ---------------

OS: Windows 7 , 64 bit Build 7601 (6.1.7601.23418)

CPU:total 4 (initial active 4) (2 cores per cpu, 2 threads per core) family 6 model 61 stepping 4, cmov, cx8, fxsr, mmx, sse, sse2, sse3, ssse3, sse4.1, sse4.2, popcnt, avx, avx2, aes, clmul, erms, 3dnowpref, lzcnt, ht, tsc, tscinvbit, bmi1, bmi2, adx

Memory: 4k page, physical 12272000k(1383408k free), swap 12270140k(4412k free)

vm_info: Java HotSpot(TM) 64-Bit Server VM (25.191-b12) for windows-amd64 JRE (1.8.0_191-b12), built on Oct  6 2018 09:29:03 by "java_re" with MS VC++ 10.0 (VS2010)

time: Tue Nov 20 22:46:55 2018
elapsed time: 158 seconds (0d 0h 2m 38s)

