#
# There is insufficient memory for the Java Runtime Environment to continue.
# Native memory allocation (malloc) failed to allocate 32744 bytes for ChunkPool::allocate
# Possible reasons:
#   The system is out of physical RAM or swap space
#   In 32 bit mode, the process size limit was hit
# Possible solutions:
#   Reduce memory load on the system
#   Increase physical memory or swap space
#   Check if swap backing store is full
#   Use 64 bit Java on a 64 bit OS
#   Decrease Java heap size (-Xmx/-Xms)
#   Decrease number of Java threads
#   Decrease Java thread stack sizes (-Xss)
#   Set larger code cache with -XX:ReservedCodeCacheSize=
# This output file may be truncated or incomplete.
#
#  Out of Memory Error (allocation.cpp:273), pid=16260, tid=0x0000000000004e28
#
# JRE version: Java(TM) SE Runtime Environment (8.0_191-b12) (build 1.8.0_191-b12)
# Java VM: Java HotSpot(TM) 64-Bit Server VM (25.191-b12 mixed mode windows-amd64 compressed oops)
# Failed to write core dump. Minidumps are not enabled by default on client versions of Windows
#

---------------  T H R E A D  ---------------

Current thread (0x000000001b06c000):  JavaThread "C1 CompilerThread2" daemon [_thread_in_native, id=20008, stack(0x000000001ba40000,0x000000001bb40000)]

Stack: [0x000000001ba40000,0x000000001bb40000]
[error occurred during error reporting (printing stack bounds), id 0xc0000005]

Native frames: (J=compiled Java code, j=interpreted, Vv=VM code, C=native code)


Current CompileTask:
C1:   1083  659       3       edu.stanford.nlp.ie.NERFeatureFactory::featuresCpC (2399 bytes)


---------------  P R O C E S S  ---------------

Java Threads: ( => current thread )
  0x000000001b11f800 JavaThread "Service Thread" daemon [_thread_blocked, id=7464, stack(0x000000001bba0000,0x000000001bca0000)]
=>0x000000001b06c000 JavaThread "C1 CompilerThread2" daemon [_thread_in_native, id=20008, stack(0x000000001ba40000,0x000000001bb40000)]
  0x000000001b06a800 JavaThread "C2 CompilerThread1" daemon [_thread_in_native, id=14988, stack(0x000000001b860000,0x000000001b960000)]
  0x000000001b069800 JavaThread "C2 CompilerThread0" daemon [_thread_in_native, id=30164, stack(0x000000001b320000,0x000000001b420000)]
  0x000000001b021000 JavaThread "Monitor Ctrl-Break" daemon [_thread_in_native, id=10056, stack(0x000000001b5c0000,0x000000001b6c0000)]
  0x00000000199e8000 JavaThread "Attach Listener" daemon [_thread_blocked, id=17456, stack(0x000000001b4c0000,0x000000001b5c0000)]
  0x00000000199e6800 JavaThread "Signal Dispatcher" daemon [_thread_blocked, id=47924, stack(0x000000001a970000,0x000000001aa70000)]
  0x00000000199d0000 JavaThread "Finalizer" daemon [_thread_blocked, id=48016, stack(0x000000001ae10000,0x000000001af10000)]
  0x00000000199c9000 JavaThread "Reference Handler" daemon [_thread_blocked, id=32336, stack(0x000000001ac90000,0x000000001ad90000)]
  0x0000000001e1a000 JavaThread "main" [_thread_in_Java, id=43060, stack(0x0000000002190000,0x0000000002290000)]

Other Threads:
  0x0000000019981800 VMThread [stack: 0x000000001aab0000,0x000000001abb0000] [id=16192]
  0x000000001b142800 WatcherThread [stack: 0x000000001bcb0000,0x000000001bdb0000] [id=43580]

VM state:synchronizing (normal execution)

VM Mutex/Monitor currently owned by a thread:  ([mutex/lock_event])
[0x0000000001e18900] Safepoint_lock - owner thread: 0x0000000019981800
[0x0000000001e18980] Threads_lock - owner thread: 0x0000000019981800

Heap:
 PSYoungGen      total 917504K, used 94371K [0x0000000780000000, 0x00000007c0000000, 0x00000007c0000000)
  eden space 786432K, 12% used [0x0000000780000000,0x0000000785c28f88,0x00000007b0000000)
  from space 131072K, 0% used [0x00000007b8000000,0x00000007b8000000,0x00000007c0000000)
  to   space 131072K, 0% used [0x00000007b0000000,0x00000007b0000000,0x00000007b8000000)
 ParOldGen       total 2097152K, used 0K [0x0000000700000000, 0x0000000780000000, 0x0000000780000000)
  object space 2097152K, 0% used [0x0000000700000000,0x0000000700000000,0x0000000780000000)
 Metaspace       used 6513K, capacity 6706K, committed 7040K, reserved 1056768K
  class space    used 710K, capacity 783K, committed 896K, reserved 1048576K

Card table byte_map: [0x0000000011ab0000,0x00000000120c0000] byte_map_base: 0x000000000e2b0000

Marking Bits: (ParMarkBitMap*) 0x0000000064343e30
 Begin Bits: [0x00000000129f0000, 0x00000000159f0000)
 End Bits:   [0x00000000159f0000, 0x00000000189f0000)

Polling page: 0x0000000000230000

CodeCache: size=245760Kb used=2793Kb max_used=2806Kb free=242966Kb
 bounds [0x00000000026f0000, 0x00000000029c0000, 0x00000000116f0000]
 total_blobs=960 nmethods=666 adapters=207
 compilation: enabled

Compilation events (10 events):
Event: 1.049 Thread 0x000000001b069800 nmethod 673 0x00000000029ac410 code [0x00000000029ac540, 0x00000000029ac598]
Event: 1.051 Thread 0x000000001b06a800 nmethod 669 0x00000000029ab5d0 code [0x00000000029ab760, 0x00000000029abc78]
Event: 1.052 Thread 0x000000001b069800  674       4       java.util.AbstractCollection::addAll (42 bytes)
Event: 1.054 Thread 0x000000001b06a800  675       4       edu.stanford.nlp.ie.NERFeatureFactory::intern (17 bytes)
Event: 1.055 Thread 0x000000001b06a800 nmethod 675 0x00000000029ab310 code [0x00000000029ab440, 0x00000000029ab4d8]
Event: 1.057 Thread 0x000000001b069800 nmethod 674 0x00000000029adc10 code [0x00000000029add60, 0x00000000029adfa8]
Event: 1.058 Thread 0x000000001b06a800  677       4       edu.stanford.nlp.sequences.FeatureFactory::addAllInterningAndSuffixing (99 bytes)
Event: 1.060 Thread 0x000000001b069800  678       4       java.util.AbstractCollection::toArray (70 bytes)
Event: 1.075 Thread 0x000000001b069800 nmethod 678 0x00000000029acc90 code [0x00000000029ace00, 0x00000000029ad3f8]
Event: 1.075 Thread 0x000000001b069800  679       4       edu.stanford.nlp.sequences.FeatureFactory::getCliques (70 bytes)

GC Heap History (0 events):
No events

Deoptimization events (10 events):
Event: 0.898 Thread 0x0000000001e1a000 Uncommon trap: reason=predicate action=maybe_recompile pc=0x0000000002960868 method=java.util.AbstractCollection.toArray([Ljava/lang/Object;)[Ljava/lang/Object; @ 49
Event: 0.918 Thread 0x0000000001e1a000 Uncommon trap: reason=array_check action=maybe_recompile pc=0x0000000002961484 method=java.util.AbstractCollection.toArray([Ljava/lang/Object;)[Ljava/lang/Object; @ 119
Event: 0.918 Thread 0x0000000001e1a000 Uncommon trap: reason=array_check action=maybe_recompile pc=0x0000000002961484 method=java.util.AbstractCollection.toArray([Ljava/lang/Object;)[Ljava/lang/Object; @ 119
Event: 0.918 Thread 0x0000000001e1a000 Uncommon trap: reason=array_check action=maybe_recompile pc=0x0000000002961484 method=java.util.AbstractCollection.toArray([Ljava/lang/Object;)[Ljava/lang/Object; @ 119
Event: 0.918 Thread 0x0000000001e1a000 Uncommon trap: reason=array_check action=maybe_recompile pc=0x0000000002961484 method=java.util.AbstractCollection.toArray([Ljava/lang/Object;)[Ljava/lang/Object; @ 119
Event: 0.973 Thread 0x0000000001e1a000 Uncommon trap: reason=unstable_if action=reinterpret pc=0x0000000002953cf0 method=edu.stanford.nlp.util.ArrayCoreMap.get(Ljava/lang/Class;)Ljava/lang/Object; @ 7
Event: 0.975 Thread 0x0000000001e1a000 Uncommon trap: reason=unstable_if action=reinterpret pc=0x00000000028fdb58 method=java.lang.AbstractStringBuilder.append(Ljava/lang/String;)Ljava/lang/AbstractStringBuilder; @ 1
Event: 0.978 Thread 0x0000000001e1a000 Uncommon trap: reason=unstable_if action=reinterpret pc=0x00000000028fe510 method=java.lang.AbstractStringBuilder.append(Ljava/lang/String;)Ljava/lang/AbstractStringBuilder; @ 1
Event: 1.008 Thread 0x0000000001e1a000 Uncommon trap: reason=unstable_if action=reinterpret pc=0x000000000297b65c method=java.util.HashMap.getNode(ILjava/lang/Object;)Ljava/util/HashMap$Node; @ 116
Event: 1.008 Thread 0x0000000001e1a000 Uncommon trap: reason=unstable_if action=reinterpret pc=0x0000000002954554 method=java.util.HashMap.getNode(ILjava/lang/Object;)Ljava/util/HashMap$Node; @ 116

Classes redefined (0 events):
No events

Internal exceptions (10 events):
Event: 0.220 Thread 0x0000000001e1a000 Exception <a 'java/security/PrivilegedActionException'> (0x0000000780173840) thrown at [C:\re\workspace\8-2-build-windows-amd64-cygwin\jdk8u191\11896\hotspot\src\share\vm\prims\jvm.cpp, line 1435]
Event: 0.384 Thread 0x0000000001e1a000 Exception <a 'java/lang/NoSuchFieldError': method resolution failed> (0x000000078049f910) thrown at [C:\re\workspace\8-2-build-windows-amd64-cygwin\jdk8u191\11896\hotspot\src\share\vm\prims\methodHandles.cpp, line 1167]
Event: 0.386 Thread 0x0000000001e1a000 Exception <a 'java/lang/NoSuchFieldError': method resolution failed> (0x00000007804ad530) thrown at [C:\re\workspace\8-2-build-windows-amd64-cygwin\jdk8u191\11896\hotspot\src\share\vm\prims\methodHandles.cpp, line 1167]
Event: 0.530 Thread 0x0000000001e1a000 Exception <a 'java/lang/NoSuchMethodError': java.lang.Object.lambda$comparing$77a9974f$1(Ljava/util/function/Function;Ljava/lang/Object;Ljava/lang/Object;)I> (0x00000007807a1958) thrown at [C:\re\workspace\8-2-build-windows-amd64-cygwin\jdk8u191\11896\hot
Event: 0.556 Thread 0x0000000001e1a000 Exception <a 'java/security/PrivilegedActionException'> (0x0000000780807dd0) thrown at [C:\re\workspace\8-2-build-windows-amd64-cygwin\jdk8u191\11896\hotspot\src\share\vm\prims\jvm.cpp, line 1435]
Event: 0.556 Thread 0x0000000001e1a000 Exception <a 'java/security/PrivilegedActionException'> (0x00000007808081c8) thrown at [C:\re\workspace\8-2-build-windows-amd64-cygwin\jdk8u191\11896\hotspot\src\share\vm\prims\jvm.cpp, line 1435]
Event: 0.558 Thread 0x0000000001e1a000 Exception <a 'java/security/PrivilegedActionException'> (0x000000078080c2c0) thrown at [C:\re\workspace\8-2-build-windows-amd64-cygwin\jdk8u191\11896\hotspot\src\share\vm\prims\jvm.cpp, line 1435]
Event: 0.558 Thread 0x0000000001e1a000 Exception <a 'java/security/PrivilegedActionException'> (0x000000078080c6b8) thrown at [C:\re\workspace\8-2-build-windows-amd64-cygwin\jdk8u191\11896\hotspot\src\share\vm\prims\jvm.cpp, line 1435]
Event: 0.975 Thread 0x0000000001e1a000 Implicit null exception at 0x00000000028fd796 to 0x00000000028fdb41
Event: 0.978 Thread 0x0000000001e1a000 Implicit null exception at 0x00000000028fe156 to 0x00000000028fe4f9

Events (10 events):
Event: 0.982 loading class sun/reflect/ClassDefiner$1
Event: 0.982 loading class sun/reflect/ClassDefiner$1 done
Event: 0.982 loading class sun/reflect/BootstrapConstructorAccessorImpl
Event: 0.982 loading class sun/reflect/BootstrapConstructorAccessorImpl done
Event: 1.008 Thread 0x0000000001e1a000 Uncommon trap: trap_request=0xffffff65 fr.pc=0x000000000297b65c
Event: 1.008 Thread 0x0000000001e1a000 DEOPT PACKING pc=0x000000000297b65c sp=0x000000000228f3c0
Event: 1.008 Thread 0x0000000001e1a000 DEOPT UNPACKING pc=0x000000000273583b sp=0x000000000228f2d8 mode 2
Event: 1.008 Thread 0x0000000001e1a000 Uncommon trap: trap_request=0xffffff65 fr.pc=0x0000000002954554
Event: 1.008 Thread 0x0000000001e1a000 DEOPT PACKING pc=0x0000000002954554 sp=0x000000000228f350
Event: 1.008 Thread 0x0000000001e1a000 DEOPT UNPACKING pc=0x000000000273583b sp=0x000000000228f2d8 mode 2


Dynamic libraries:
0x000000013fd70000 - 0x000000013fda7000 	C:\Program Files\Java\jdk1.8.0_191\bin\java.exe
0x0000000077340000 - 0x00000000774ea000 	C:\Windows\SYSTEM32\ntdll.dll
0x0000000077120000 - 0x000000007723f000 	C:\Windows\system32\kernel32.dll
0x000007fefd270000 - 0x000007fefd2da000 	C:\Windows\system32\KERNELBASE.dll
0x000007fefddd0000 - 0x000007fefdeab000 	C:\Windows\system32\ADVAPI32.dll
0x000007fefda50000 - 0x000007fefdaef000 	C:\Windows\system32\msvcrt.dll
0x000007fefd520000 - 0x000007fefd53f000 	C:\Windows\SYSTEM32\sechost.dll
0x000007fefdf30000 - 0x000007fefe05d000 	C:\Windows\system32\RPCRT4.dll
0x0000000077240000 - 0x000000007733a000 	C:\Windows\system32\USER32.dll
0x000007fefdec0000 - 0x000007fefdf27000 	C:\Windows\system32\GDI32.dll
0x000007fefe060000 - 0x000007fefe06e000 	C:\Windows\system32\LPK.dll
0x000007fefdd00000 - 0x000007fefddca000 	C:\Windows\system32\USP10.dll
0x000007fefb5d0000 - 0x000007fefb7c4000 	C:\Windows\WinSxS\amd64_microsoft.windows.common-controls_6595b64144ccf1df_6.0.7601.18837_none_fa3b1e3d17594757\COMCTL32.dll
0x000007feff370000 - 0x000007feff3e1000 	C:\Windows\system32\SHLWAPI.dll
0x000007fefd540000 - 0x000007fefd56e000 	C:\Windows\system32\IMM32.DLL
0x000007fefdbf0000 - 0x000007fefdcf9000 	C:\Windows\system32\MSCTF.dll
0x000000006d6c0000 - 0x000000006d792000 	C:\Program Files\Java\jdk1.8.0_191\jre\bin\msvcr100.dll
0x0000000063b20000 - 0x00000000643c4000 	C:\Program Files\Java\jdk1.8.0_191\jre\bin\server\jvm.dll
0x000007fefb3a0000 - 0x000007fefb3a9000 	C:\Windows\system32\WSOCK32.dll
0x000007feff3f0000 - 0x000007feff43d000 	C:\Windows\system32\WS2_32.dll
0x000007fefdeb0000 - 0x000007fefdeb8000 	C:\Windows\system32\NSI.dll
0x000007fefa750000 - 0x000007fefa78b000 	C:\Windows\system32\WINMM.dll
0x000007fefc1a0000 - 0x000007fefc1ac000 	C:\Windows\system32\VERSION.dll
0x0000000077500000 - 0x0000000077507000 	C:\Windows\system32\PSAPI.DLL
0x0000000073d70000 - 0x0000000073d7f000 	C:\Program Files\Java\jdk1.8.0_191\jre\bin\verify.dll
0x000000006e1b0000 - 0x000000006e1d9000 	C:\Program Files\Java\jdk1.8.0_191\jre\bin\java.dll
0x000000006e180000 - 0x000000006e1a3000 	C:\Program Files\Java\jdk1.8.0_191\jre\bin\instrument.dll
0x0000000072370000 - 0x0000000072386000 	C:\Program Files\Java\jdk1.8.0_191\jre\bin\zip.dll
0x000007fefe170000 - 0x000007fefeef9000 	C:\Windows\system32\SHELL32.dll
0x000007feff440000 - 0x000007feff643000 	C:\Windows\system32\ole32.dll
0x000007fefd0c0000 - 0x000007fefd0cf000 	C:\Windows\system32\profapi.dll
0x000007fef2930000 - 0x000007fef294a000 	C:\Program Files\JetBrains\IntelliJ IDEA Community Edition 2017.2.1\bin\breakgen64.dll
0x000000006e290000 - 0x000000006e2aa000 	C:\Program Files\Java\jdk1.8.0_191\jre\bin\net.dll
0x000007fefc8a0000 - 0x000007fefc8f5000 	C:\Windows\system32\mswsock.dll
0x000007fefc890000 - 0x000007fefc897000 	C:\Windows\System32\wship6.dll

VM Arguments:
jvm_args: -Xmx3072m -Xms3072m -javaagent:C:\Program Files\JetBrains\IntelliJ IDEA Community Edition 2017.2.1\lib\idea_rt.jar=59789:C:\Program Files\JetBrains\IntelliJ IDEA Community Edition 2017.2.1\bin -Dfile.encoding=UTF-8 
java_command: StanfordNER C:\Users\arjunb\Documents\workspace\StanfordCoreNLP\src\propfile.txt C:\Users\arjunb\Documents\workspace\Sports_NER_toWk3.tsv C:\Users\arjunb\Documents\workspace\2018_nfl_regular_season
java_class_path (initial): C:\Program Files\Java\jdk1.8.0_191\jre\lib\charsets.jar;C:\Program Files\Java\jdk1.8.0_191\jre\lib\deploy.jar;C:\Program Files\Java\jdk1.8.0_191\jre\lib\ext\access-bridge-64.jar;C:\Program Files\Java\jdk1.8.0_191\jre\lib\ext\cldrdata.jar;C:\Program Files\Java\jdk1.8.0_191\jre\lib\ext\dnsns.jar;C:\Program Files\Java\jdk1.8.0_191\jre\lib\ext\jaccess.jar;C:\Program Files\Java\jdk1.8.0_191\jre\lib\ext\jfxrt.jar;C:\Program Files\Java\jdk1.8.0_191\jre\lib\ext\localedata.jar;C:\Program Files\Java\jdk1.8.0_191\jre\lib\ext\nashorn.jar;C:\Program Files\Java\jdk1.8.0_191\jre\lib\ext\sunec.jar;C:\Program Files\Java\jdk1.8.0_191\jre\lib\ext\sunjce_provider.jar;C:\Program Files\Java\jdk1.8.0_191\jre\lib\ext\sunmscapi.jar;C:\Program Files\Java\jdk1.8.0_191\jre\lib\ext\sunpkcs11.jar;C:\Program Files\Java\jdk1.8.0_191\jre\lib\ext\zipfs.jar;C:\Program Files\Java\jdk1.8.0_191\jre\lib\javaws.jar;C:\Program Files\Java\jdk1.8.0_191\jre\lib\jce.jar;C:\Program Files\Java\jdk1.8.0_191\jre\lib\jfr.jar;C:\Program Files\Java\jdk1.8.0_191\jre\lib\jfxswt.jar;C:\Program Files\Java\jdk1.8.0_191\jre\lib\jsse.jar;C:\Program Files\Java\jdk1.8.0_191\jre\lib\management-agent.jar;C:\Program Files\Java\jdk1.8.0_191\jre\lib\plugin.jar;C:\Program Files\Java\jdk1.8.0_191\jre\lib\resources.jar;C:\Program Files\Java\jdk1.8.0_191\jre\lib\rt.jar;C:\Users\arjunb\Documents\workspace\StanfordCoreNLP\out\production\StanfordCoreNLP;C:\Users\arjunb\Documents\workspace\stanford-corenlp-full-2018-10-05\xom.jar;C:\Users\arjunb\Documents\workspace\stanford-corenlp-full-2018-10-05\jollyday.jar;C:\Users\arjunb\Documents\workspace\stanford-corenlp-full-2018-10-05\protobuf.jar;C:\Users\arjunb\Documents\workspace\stanford-corenlp-full-2018-10-05\ejml-0.23.jar;C:\Users\arjunb\Documents\workspace\stanford-corenlp-full-2018-10-05\joda-time.jar;C:\Users\arjunb\Documents\workspace\stanford-corenlp-full-2018-10-05\slf4j-api.jar;C:\Users\arjunb\Documents\workspace\stanford-corenlp-full-2018-10-05\javax.j
Launcher Type: SUN_STANDARD

Environment Variables:
PATH=C:\Program Files (x86)\Common Files\Oracle\Java\javapath;C:\Program Files (x86)\Java\jdk1.8.0_73\bin;C:\ProgramData\Oracle\Java\javapath;C:\Program Files (x86)\Intel\iCLS Client\;C:\Program Files\Intel\iCLS Client\;C:\Windows\system32;C:\Windows;C:\Windows\System32\Wbem;C:\Windows\System32\WindowsPowerShell\v1.0\;C:\Program Files\Intel\Intel(R) Management Engine Components\DAL;C:\Program Files (x86)\Intel\Intel(R) Management Engine Components\DAL;C:\Program Files\Intel\Intel(R) Management Engine Components\IPT;C:\Program Files (x86)\Intel\Intel(R) Management Engine Components\IPT;C:\Program Files\Lenovo\Fingerprint Manager Pro\;C:\Program Files (x86)\Common Files\Lenovo;C:\Program Files\Condusiv Technologies\ExpressCache\;C:\Program Files (x86)\Common Files\lenovo\easyplussdk\bin;C:\SWTOOLS\ReadyApps;C:\Program Files\TortoiseSVN\bin;C:\Program Files\Microsoft Windows Performance Toolkit\;C:\Program Files (x86)\Windows Kits\8.1\Windows Performance Toolkit\;C:\HashiCorp\Vagrant\bin;C:\Program Files (x86)\7-Zip;C:\Program Files\Intel\WiFi\bin\;C:\Program Files\Common Files\Intel\WirelessCommon\;c:\Program Files (x86)\Microsoft SQL Server\100\Tools\Binn\;c:\Program Files\Microsoft SQL Server\100\Tools\Binn\;c:\Program Files\Microsoft SQL Server\100\DTS\Binn\;C:\Users\arjunb\Downloads\twitter4j\bin;C:\Users\arjunb\Downloads\twitter4j\lib\twitter4j-core-4.0.4.jar;C:\Python27\Scripts\;C:\Program Files\Git\cmd
USERNAME=arjunb
OS=Windows_NT
PROCESSOR_IDENTIFIER=Intel64 Family 6 Model 61 Stepping 4, GenuineIntel



---------------  S Y S T E M  ---------------

OS: Windows 7 , 64 bit Build 7601 (6.1.7601.23418)

CPU:total 4 (initial active 4) (2 cores per cpu, 2 threads per core) family 6 model 61 stepping 4, cmov, cx8, fxsr, mmx, sse, sse2, sse3, ssse3, sse4.1, sse4.2, popcnt, avx, avx2, aes, clmul, erms, 3dnowpref, lzcnt, ht, tsc, tscinvbit, bmi1, bmi2, adx

Memory: 4k page, physical 12272000k(3779812k free), swap 12270140k(5116k free)

vm_info: Java HotSpot(TM) 64-Bit Server VM (25.191-b12) for windows-amd64 JRE (1.8.0_191-b12), built on Oct  6 2018 09:29:03 by "java_re" with MS VC++ 10.0 (VS2010)

time: Mon Nov 12 14:22:07 2018
elapsed time: 1 seconds (0d 0h 0m 1s)

