#
# There is insufficient memory for the Java Runtime Environment to continue.
# Native memory allocation (malloc) failed to allocate 667056 bytes for Chunk::new
# Possible reasons:
#   The system is out of physical RAM or swap space
#   In 32 bit mode, the process size limit was hit
# Possible solutions:
#   Reduce memory load on the system
#   Increase physical memory or swap space
#   Check if swap backing store is full
#   Use 64 bit Java on a 64 bit OS
#   Decrease Java heap size (-Xmx/-Xms)
#   Decrease number of Java threads
#   Decrease Java thread stack sizes (-Xss)
#   Set larger code cache with -XX:ReservedCodeCacheSize=
# This output file may be truncated or incomplete.
#
#  Out of Memory Error (allocation.cpp:390), pid=46156, tid=0x000000000000987c
#
# JRE version: Java(TM) SE Runtime Environment (8.0_191-b12) (build 1.8.0_191-b12)
# Java VM: Java HotSpot(TM) 64-Bit Server VM (25.191-b12 mixed mode windows-amd64 compressed oops)
# Failed to write core dump. Minidumps are not enabled by default on client versions of Windows
#

---------------  T H R E A D  ---------------

Current thread (0x000000001ae1a800):  JavaThread "C2 CompilerThread1" daemon [_thread_in_native, id=39036, stack(0x000000001b700000,0x000000001b800000)]

Stack: [0x000000001b700000,0x000000001b800000]
[error occurred during error reporting (printing stack bounds), id 0xc0000005]

Native frames: (J=compiled Java code, j=interpreted, Vv=VM code, C=native code)


Current CompileTask:
C2:    901  476       4       java.util.regex.Pattern$Curly::match0 (174 bytes)


---------------  P R O C E S S  ---------------

Java Threads: ( => current thread )
  0x000000001aecc000 JavaThread "Service Thread" daemon [_thread_blocked, id=43376, stack(0x000000001bae0000,0x000000001bbe0000)]
  0x000000001ae1c000 JavaThread "C1 CompilerThread2" daemon [_thread_blocked, id=26860, stack(0x000000001b9a0000,0x000000001baa0000)]
=>0x000000001ae1a800 JavaThread "C2 CompilerThread1" daemon [_thread_in_native, id=39036, stack(0x000000001b700000,0x000000001b800000)]
  0x000000001ae19800 JavaThread "C2 CompilerThread0" daemon [_thread_in_native, id=13724, stack(0x000000001b510000,0x000000001b610000)]
  0x000000001add1800 JavaThread "Monitor Ctrl-Break" daemon [_thread_in_native, id=33868, stack(0x000000001b0e0000,0x000000001b1e0000)]
  0x00000000198c8000 JavaThread "Attach Listener" daemon [_thread_blocked, id=21296, stack(0x000000001b3d0000,0x000000001b4d0000)]
  0x00000000198c6800 JavaThread "Signal Dispatcher" daemon [_thread_blocked, id=20308, stack(0x000000001b210000,0x000000001b310000)]
  0x00000000198b0000 JavaThread "Finalizer" daemon [_thread_blocked, id=40404, stack(0x000000001abc0000,0x000000001acc0000)]
  0x00000000198a9000 JavaThread "Reference Handler" daemon [_thread_blocked, id=44000, stack(0x000000001aa10000,0x000000001ab10000)]
  0x0000000001e0a000 JavaThread "main" [_thread_in_vm, id=11572, stack(0x0000000002040000,0x0000000002140000)]

Other Threads:
  0x0000000019861800 VMThread [stack: 0x000000001a8c0000,0x000000001a9c0000] [id=44212]
  0x000000001aef6000 WatcherThread [stack: 0x000000001bc00000,0x000000001bd00000] [id=42532]

VM state:not at safepoint (normal execution)

VM Mutex/Monitor currently owned by a thread: None

Heap:
 PSYoungGen      total 917504K, used 62914K [0x0000000780000000, 0x00000007c0000000, 0x00000007c0000000)
  eden space 786432K, 8% used [0x0000000780000000,0x0000000783d70a60,0x00000007b0000000)
  from space 131072K, 0% used [0x00000007b8000000,0x00000007b8000000,0x00000007c0000000)
  to   space 131072K, 0% used [0x00000007b0000000,0x00000007b0000000,0x00000007b8000000)
 ParOldGen       total 2097152K, used 0K [0x0000000700000000, 0x0000000780000000, 0x0000000780000000)
  object space 2097152K, 0% used [0x0000000700000000,0x0000000700000000,0x0000000780000000)
 Metaspace       used 6177K, capacity 6324K, committed 6400K, reserved 1056768K
  class space    used 688K, capacity 750K, committed 768K, reserved 1048576K

Card table byte_map: [0x00000000118d0000,0x0000000011ee0000] byte_map_base: 0x000000000e0d0000

Marking Bits: (ParMarkBitMap*) 0x0000000064bf3e30
 Begin Bits: [0x00000000128d0000, 0x00000000158d0000)
 End Bits:   [0x00000000158d0000, 0x00000000188d0000)

Polling page: 0x0000000000230000

CodeCache: size=245760Kb used=2407Kb max_used=2407Kb free=243352Kb
 bounds [0x0000000002510000, 0x0000000002780000, 0x0000000011510000]
 total_blobs=813 nmethods=522 adapters=204
 compilation: enabled

Compilation events (10 events):
Event: 0.891 Thread 0x000000001ae1c000  525       3       edu.stanford.nlp.ling.CoreLabel::<init> (13 bytes)
Event: 0.891 Thread 0x000000001ae1c000 nmethod 525 0x00000000027694d0 code [0x0000000002769660, 0x0000000002769a48]
Event: 0.891 Thread 0x000000001ae1c000  521       3       java.lang.String::trim (77 bytes)
Event: 0.892 Thread 0x000000001ae1c000 nmethod 521 0x0000000002769c50 code [0x0000000002769de0, 0x000000000276a288]
Event: 0.892 Thread 0x000000001ae1c000  522       3       java.lang.String::isEmpty (14 bytes)
Event: 0.892 Thread 0x000000001ae1c000 nmethod 522 0x000000000276a410 code [0x000000000276a560, 0x000000000276a710]
Event: 0.897 Thread 0x000000001ae1c000  533       3       java.util.ArrayList::iterator (9 bytes)
Event: 0.898 Thread 0x000000001ae1c000 nmethod 533 0x000000000276a7d0 code [0x000000000276a940, 0x000000000276abd0]
Event: 0.898 Thread 0x000000001ae1c000  534       3       java.util.ArrayList$Itr::<init> (26 bytes)
Event: 0.898 Thread 0x000000001ae1c000 nmethod 534 0x000000000276acd0 code [0x000000000276ae40, 0x000000000276b030]

GC Heap History (0 events):
No events

Deoptimization events (5 events):
Event: 0.586 Thread 0x0000000001e0a000 Uncommon trap: reason=unstable_if action=reinterpret pc=0x00000000026ab720 method=java.lang.String.indexOf([CII[CIII)I @ 134
Event: 0.817 Thread 0x0000000001e0a000 Uncommon trap: reason=unstable_if action=reinterpret pc=0x000000000272ec90 method=sun.nio.cs.UTF_8$Decoder.decodeArrayLoop(Ljava/nio/ByteBuffer;Ljava/nio/CharBuffer;)Ljava/nio/charset/CoderResult; @ 84
Event: 0.819 Thread 0x0000000001e0a000 Uncommon trap: reason=unstable_if action=reinterpret pc=0x0000000002719338 method=sun.nio.cs.UTF_8$Decoder.decodeArrayLoop(Ljava/nio/ByteBuffer;Ljava/nio/CharBuffer;)Ljava/nio/charset/CoderResult; @ 110
Event: 0.822 Thread 0x0000000001e0a000 Uncommon trap: reason=unstable_if action=reinterpret pc=0x000000000272dc34 method=java.io.BufferedReader.readLine(Z)Ljava/lang/String; @ 55
Event: 0.859 Thread 0x0000000001e0a000 Uncommon trap: reason=unstable_if action=reinterpret pc=0x000000000272b0cc method=java.util.regex.Pattern$Ctype.isSatisfiedBy(I)Z @ 4

Classes redefined (0 events):
No events

Internal exceptions (10 events):
Event: 0.240 Thread 0x0000000001e0a000 Exception <a 'java/security/PrivilegedActionException'> (0x0000000780172358) thrown at [C:\re\workspace\8-2-build-windows-amd64-cygwin\jdk8u191\11896\hotspot\src\share\vm\prims\jvm.cpp, line 1435]
Event: 0.241 Thread 0x0000000001e0a000 Exception <a 'java/security/PrivilegedActionException'> (0x0000000780173620) thrown at [C:\re\workspace\8-2-build-windows-amd64-cygwin\jdk8u191\11896\hotspot\src\share\vm\prims\jvm.cpp, line 1435]
Event: 0.241 Thread 0x0000000001e0a000 Exception <a 'java/security/PrivilegedActionException'> (0x0000000780173830) thrown at [C:\re\workspace\8-2-build-windows-amd64-cygwin\jdk8u191\11896\hotspot\src\share\vm\prims\jvm.cpp, line 1435]
Event: 0.420 Thread 0x0000000001e0a000 Exception <a 'java/lang/NoSuchFieldError': method resolution failed> (0x000000078049f8a8) thrown at [C:\re\workspace\8-2-build-windows-amd64-cygwin\jdk8u191\11896\hotspot\src\share\vm\prims\methodHandles.cpp, line 1167]
Event: 0.423 Thread 0x0000000001e0a000 Exception <a 'java/lang/NoSuchFieldError': method resolution failed> (0x00000007804ad4c8) thrown at [C:\re\workspace\8-2-build-windows-amd64-cygwin\jdk8u191\11896\hotspot\src\share\vm\prims\methodHandles.cpp, line 1167]
Event: 0.558 Thread 0x0000000001e0a000 Exception <a 'java/lang/NoSuchMethodError': java.lang.Object.lambda$comparing$77a9974f$1(Ljava/util/function/Function;Ljava/lang/Object;Ljava/lang/Object;)I> (0x00000007807a18f0) thrown at [C:\re\workspace\8-2-build-windows-amd64-cygwin\jdk8u191\11896\hot
Event: 0.584 Thread 0x0000000001e0a000 Exception <a 'java/security/PrivilegedActionException'> (0x0000000780807d68) thrown at [C:\re\workspace\8-2-build-windows-amd64-cygwin\jdk8u191\11896\hotspot\src\share\vm\prims\jvm.cpp, line 1435]
Event: 0.584 Thread 0x0000000001e0a000 Exception <a 'java/security/PrivilegedActionException'> (0x0000000780808160) thrown at [C:\re\workspace\8-2-build-windows-amd64-cygwin\jdk8u191\11896\hotspot\src\share\vm\prims\jvm.cpp, line 1435]
Event: 0.585 Thread 0x0000000001e0a000 Exception <a 'java/security/PrivilegedActionException'> (0x000000078080c258) thrown at [C:\re\workspace\8-2-build-windows-amd64-cygwin\jdk8u191\11896\hotspot\src\share\vm\prims\jvm.cpp, line 1435]
Event: 0.585 Thread 0x0000000001e0a000 Exception <a 'java/security/PrivilegedActionException'> (0x000000078080c650) thrown at [C:\re\workspace\8-2-build-windows-amd64-cygwin\jdk8u191\11896\hotspot\src\share\vm\prims\jvm.cpp, line 1435]

Events (10 events):
Event: 0.819 Thread 0x0000000001e0a000 DEOPT PACKING pc=0x0000000002719338 sp=0x000000000213ea10
Event: 0.819 Thread 0x0000000001e0a000 DEOPT UNPACKING pc=0x000000000255583b sp=0x000000000213e968 mode 2
Event: 0.822 Thread 0x0000000001e0a000 Uncommon trap: trap_request=0xffffff65 fr.pc=0x000000000272dc34
Event: 0.822 Thread 0x0000000001e0a000 DEOPT PACKING pc=0x000000000272dc34 sp=0x000000000213eeb0
Event: 0.822 Thread 0x0000000001e0a000 DEOPT UNPACKING pc=0x000000000255583b sp=0x000000000213ee18 mode 2
Event: 0.859 Thread 0x0000000001e0a000 Uncommon trap: trap_request=0xffffff65 fr.pc=0x000000000272b0cc
Event: 0.859 Thread 0x0000000001e0a000 DEOPT PACKING pc=0x000000000272b0cc sp=0x000000000213eb90
Event: 0.859 Thread 0x0000000001e0a000 DEOPT UNPACKING pc=0x000000000255583b sp=0x000000000213eb20 mode 2
Event: 0.863 loading class edu/stanford/nlp/ling/CoreAnnotations$PositionAnnotation
Event: 0.863 loading class edu/stanford/nlp/ling/CoreAnnotations$PositionAnnotation done


Dynamic libraries:
0x000000013fb60000 - 0x000000013fb97000 	C:\Program Files\Java\jdk1.8.0_191\bin\java.exe
0x0000000077340000 - 0x00000000774ea000 	C:\Windows\SYSTEM32\ntdll.dll
0x0000000077120000 - 0x000000007723f000 	C:\Windows\system32\kernel32.dll
0x000007fefd270000 - 0x000007fefd2da000 	C:\Windows\system32\KERNELBASE.dll
0x000007fefddd0000 - 0x000007fefdeab000 	C:\Windows\system32\ADVAPI32.dll
0x000007fefda50000 - 0x000007fefdaef000 	C:\Windows\system32\msvcrt.dll
0x000007fefd520000 - 0x000007fefd53f000 	C:\Windows\SYSTEM32\sechost.dll
0x000007fefdf30000 - 0x000007fefe05d000 	C:\Windows\system32\RPCRT4.dll
0x0000000077240000 - 0x000000007733a000 	C:\Windows\system32\USER32.dll
0x000007fefdec0000 - 0x000007fefdf27000 	C:\Windows\system32\GDI32.dll
0x000007fefe060000 - 0x000007fefe06e000 	C:\Windows\system32\LPK.dll
0x000007fefdd00000 - 0x000007fefddca000 	C:\Windows\system32\USP10.dll
0x000007fefb5d0000 - 0x000007fefb7c4000 	C:\Windows\WinSxS\amd64_microsoft.windows.common-controls_6595b64144ccf1df_6.0.7601.18837_none_fa3b1e3d17594757\COMCTL32.dll
0x000007feff370000 - 0x000007feff3e1000 	C:\Windows\system32\SHLWAPI.dll
0x000007fefd540000 - 0x000007fefd56e000 	C:\Windows\system32\IMM32.DLL
0x000007fefdbf0000 - 0x000007fefdcf9000 	C:\Windows\system32\MSCTF.dll
0x000000006d4e0000 - 0x000000006d5b2000 	C:\Program Files\Java\jdk1.8.0_191\jre\bin\msvcr100.dll
0x00000000643d0000 - 0x0000000064c74000 	C:\Program Files\Java\jdk1.8.0_191\jre\bin\server\jvm.dll
0x000007fefb3a0000 - 0x000007fefb3a9000 	C:\Windows\system32\WSOCK32.dll
0x000007feff3f0000 - 0x000007feff43d000 	C:\Windows\system32\WS2_32.dll
0x000007fefdeb0000 - 0x000007fefdeb8000 	C:\Windows\system32\NSI.dll
0x000007fefa750000 - 0x000007fefa78b000 	C:\Windows\system32\WINMM.dll
0x000007fefc1a0000 - 0x000007fefc1ac000 	C:\Windows\system32\VERSION.dll
0x0000000077500000 - 0x0000000077507000 	C:\Windows\system32\PSAPI.DLL
0x0000000073d60000 - 0x0000000073d6f000 	C:\Program Files\Java\jdk1.8.0_191\jre\bin\verify.dll
0x000000006e180000 - 0x000000006e1a9000 	C:\Program Files\Java\jdk1.8.0_191\jre\bin\java.dll
0x000000006e1b0000 - 0x000000006e1d3000 	C:\Program Files\Java\jdk1.8.0_191\jre\bin\instrument.dll
0x000000006e290000 - 0x000000006e2a6000 	C:\Program Files\Java\jdk1.8.0_191\jre\bin\zip.dll
0x000007fefe170000 - 0x000007fefeef9000 	C:\Windows\system32\SHELL32.dll
0x000007feff440000 - 0x000007feff643000 	C:\Windows\system32\ole32.dll
0x000007fefd0c0000 - 0x000007fefd0cf000 	C:\Windows\system32\profapi.dll
0x000007fef2980000 - 0x000007fef299a000 	C:\Program Files\JetBrains\IntelliJ IDEA Community Edition 2017.2.1\bin\breakgen64.dll
0x0000000072370000 - 0x000000007238a000 	C:\Program Files\Java\jdk1.8.0_191\jre\bin\net.dll
0x000007fefc8a0000 - 0x000007fefc8f5000 	C:\Windows\system32\mswsock.dll
0x000007fefc890000 - 0x000007fefc897000 	C:\Windows\System32\wship6.dll

VM Arguments:
jvm_args: -Xmx3072m -Xms3072m -javaagent:C:\Program Files\JetBrains\IntelliJ IDEA Community Edition 2017.2.1\lib\idea_rt.jar=59730:C:\Program Files\JetBrains\IntelliJ IDEA Community Edition 2017.2.1\bin -Dfile.encoding=UTF-8 
java_command: StanfordNER C:\Users\arjunb\Documents\workspace\StanfordCoreNLP\src\propfile.txt C:\Users\arjunb\Documents\workspace\Sports_NER.tsv C:\Users\arjunb\Documents\workspace\2018_nfl_regular_season
java_class_path (initial): C:\Program Files\Java\jdk1.8.0_191\jre\lib\charsets.jar;C:\Program Files\Java\jdk1.8.0_191\jre\lib\deploy.jar;C:\Program Files\Java\jdk1.8.0_191\jre\lib\ext\access-bridge-64.jar;C:\Program Files\Java\jdk1.8.0_191\jre\lib\ext\cldrdata.jar;C:\Program Files\Java\jdk1.8.0_191\jre\lib\ext\dnsns.jar;C:\Program Files\Java\jdk1.8.0_191\jre\lib\ext\jaccess.jar;C:\Program Files\Java\jdk1.8.0_191\jre\lib\ext\jfxrt.jar;C:\Program Files\Java\jdk1.8.0_191\jre\lib\ext\localedata.jar;C:\Program Files\Java\jdk1.8.0_191\jre\lib\ext\nashorn.jar;C:\Program Files\Java\jdk1.8.0_191\jre\lib\ext\sunec.jar;C:\Program Files\Java\jdk1.8.0_191\jre\lib\ext\sunjce_provider.jar;C:\Program Files\Java\jdk1.8.0_191\jre\lib\ext\sunmscapi.jar;C:\Program Files\Java\jdk1.8.0_191\jre\lib\ext\sunpkcs11.jar;C:\Program Files\Java\jdk1.8.0_191\jre\lib\ext\zipfs.jar;C:\Program Files\Java\jdk1.8.0_191\jre\lib\javaws.jar;C:\Program Files\Java\jdk1.8.0_191\jre\lib\jce.jar;C:\Program Files\Java\jdk1.8.0_191\jre\lib\jfr.jar;C:\Program Files\Java\jdk1.8.0_191\jre\lib\jfxswt.jar;C:\Program Files\Java\jdk1.8.0_191\jre\lib\jsse.jar;C:\Program Files\Java\jdk1.8.0_191\jre\lib\management-agent.jar;C:\Program Files\Java\jdk1.8.0_191\jre\lib\plugin.jar;C:\Program Files\Java\jdk1.8.0_191\jre\lib\resources.jar;C:\Program Files\Java\jdk1.8.0_191\jre\lib\rt.jar;C:\Users\arjunb\Documents\workspace\StanfordCoreNLP\out\production\StanfordCoreNLP;C:\Users\arjunb\Documents\workspace\stanford-corenlp-full-2018-10-05\xom.jar;C:\Users\arjunb\Documents\workspace\stanford-corenlp-full-2018-10-05\jollyday.jar;C:\Users\arjunb\Documents\workspace\stanford-corenlp-full-2018-10-05\protobuf.jar;C:\Users\arjunb\Documents\workspace\stanford-corenlp-full-2018-10-05\ejml-0.23.jar;C:\Users\arjunb\Documents\workspace\stanford-corenlp-full-2018-10-05\joda-time.jar;C:\Users\arjunb\Documents\workspace\stanford-corenlp-full-2018-10-05\slf4j-api.jar;C:\Users\arjunb\Documents\workspace\stanford-corenlp-full-2018-10-05\javax.j
Launcher Type: SUN_STANDARD

Environment Variables:
PATH=C:\Program Files (x86)\Common Files\Oracle\Java\javapath;C:\Program Files (x86)\Java\jdk1.8.0_73\bin;C:\ProgramData\Oracle\Java\javapath;C:\Program Files (x86)\Intel\iCLS Client\;C:\Program Files\Intel\iCLS Client\;C:\Windows\system32;C:\Windows;C:\Windows\System32\Wbem;C:\Windows\System32\WindowsPowerShell\v1.0\;C:\Program Files\Intel\Intel(R) Management Engine Components\DAL;C:\Program Files (x86)\Intel\Intel(R) Management Engine Components\DAL;C:\Program Files\Intel\Intel(R) Management Engine Components\IPT;C:\Program Files (x86)\Intel\Intel(R) Management Engine Components\IPT;C:\Program Files\Lenovo\Fingerprint Manager Pro\;C:\Program Files (x86)\Common Files\Lenovo;C:\Program Files\Condusiv Technologies\ExpressCache\;C:\Program Files (x86)\Common Files\lenovo\easyplussdk\bin;C:\SWTOOLS\ReadyApps;C:\Program Files\TortoiseSVN\bin;C:\Program Files\Microsoft Windows Performance Toolkit\;C:\Program Files (x86)\Windows Kits\8.1\Windows Performance Toolkit\;C:\HashiCorp\Vagrant\bin;C:\Program Files (x86)\7-Zip;C:\Program Files\Intel\WiFi\bin\;C:\Program Files\Common Files\Intel\WirelessCommon\;c:\Program Files (x86)\Microsoft SQL Server\100\Tools\Binn\;c:\Program Files\Microsoft SQL Server\100\Tools\Binn\;c:\Program Files\Microsoft SQL Server\100\DTS\Binn\;C:\Users\arjunb\Downloads\twitter4j\bin;C:\Users\arjunb\Downloads\twitter4j\lib\twitter4j-core-4.0.4.jar;C:\Python27\Scripts\;C:\Program Files\Git\cmd
USERNAME=arjunb
OS=Windows_NT
PROCESSOR_IDENTIFIER=Intel64 Family 6 Model 61 Stepping 4, GenuineIntel



---------------  S Y S T E M  ---------------

OS: Windows 7 , 64 bit Build 7601 (6.1.7601.23418)

CPU:total 4 (initial active 4) (2 cores per cpu, 2 threads per core) family 6 model 61 stepping 4, cmov, cx8, fxsr, mmx, sse, sse2, sse3, ssse3, sse4.1, sse4.2, popcnt, avx, avx2, aes, clmul, erms, 3dnowpref, lzcnt, ht, tsc, tscinvbit, bmi1, bmi2, adx

Memory: 4k page, physical 12272000k(3813052k free), swap 12270140k(4124k free)

vm_info: Java HotSpot(TM) 64-Bit Server VM (25.191-b12) for windows-amd64 JRE (1.8.0_191-b12), built on Oct  6 2018 09:29:03 by "java_re" with MS VC++ 10.0 (VS2010)

time: Mon Nov 12 14:21:12 2018
elapsed time: 0 seconds (0d 0h 0m 0s)

