#
# There is insufficient memory for the Java Runtime Environment to continue.
# Native memory allocation (malloc) failed to allocate 131088 bytes for Chunk::new
# Possible reasons:
#   The system is out of physical RAM or swap space
#   In 32 bit mode, the process size limit was hit
# Possible solutions:
#   Reduce memory load on the system
#   Increase physical memory or swap space
#   Check if swap backing store is full
#   Use 64 bit Java on a 64 bit OS
#   Decrease Java heap size (-Xmx/-Xms)
#   Decrease number of Java threads
#   Decrease Java thread stack sizes (-Xss)
#   Set larger code cache with -XX:ReservedCodeCacheSize=
# This output file may be truncated or incomplete.
#
#  Out of Memory Error (allocation.cpp:390), pid=41520, tid=0x0000000000002838
#
# JRE version: Java(TM) SE Runtime Environment (8.0_191-b12) (build 1.8.0_191-b12)
# Java VM: Java HotSpot(TM) 64-Bit Server VM (25.191-b12 mixed mode windows-amd64 compressed oops)
# Failed to write core dump. Minidumps are not enabled by default on client versions of Windows
#

---------------  T H R E A D  ---------------

Current thread (0x0000000058ad8000):  JavaThread "C2 CompilerThread1" daemon [_thread_in_native, id=10296, stack(0x00000000593c0000,0x00000000594c0000)]

Stack: [0x00000000593c0000,0x00000000594c0000]
[error occurred during error reporting (printing stack bounds), id 0xc0000005]

Native frames: (J=compiled Java code, j=interpreted, Vv=VM code, C=native code)


Current CompileTask:
C2:  92588 4536 %     4       edu.stanford.nlp.naturalli.ClauseSplitterSearchProblem::search @ 513 (864 bytes)


---------------  P R O C E S S  ---------------

Java Threads: ( => current thread )
  0x0000000058b6f000 JavaThread "Service Thread" daemon [_thread_blocked, id=12080, stack(0x0000000059550000,0x0000000059650000)]
  0x0000000058ad9000 JavaThread "C1 CompilerThread2" daemon [_thread_blocked, id=18040, stack(0x00000000592b0000,0x00000000593b0000)]
=>0x0000000058ad8000 JavaThread "C2 CompilerThread1" daemon [_thread_in_native, id=10296, stack(0x00000000593c0000,0x00000000594c0000)]
  0x0000000058ad6800 JavaThread "C2 CompilerThread0" daemon [_thread_blocked, id=18316, stack(0x00000000590d0000,0x00000000591d0000)]
  0x0000000058ad3800 JavaThread "Monitor Ctrl-Break" daemon [_thread_in_native, id=5920, stack(0x0000000058de0000,0x0000000058ee0000)]
  0x000000005898a800 JavaThread "Attach Listener" daemon [_thread_blocked, id=44868, stack(0x0000000058f00000,0x0000000059000000)]
  0x0000000057427000 JavaThread "Signal Dispatcher" daemon [_thread_blocked, id=18820, stack(0x0000000058320000,0x0000000058420000)]
  0x000000005740f000 JavaThread "Finalizer" daemon [_thread_blocked, id=23972, stack(0x0000000058880000,0x0000000058980000)]
  0x0000000057407800 JavaThread "Reference Handler" daemon [_thread_blocked, id=34584, stack(0x00000000586c0000,0x00000000587c0000)]
  0x0000000001e3a800 JavaThread "main" [_thread_blocked, id=46320, stack(0x0000000002120000,0x0000000002220000)]

Other Threads:
  0x00000000573c0000 VMThread [stack: 0x00000000584f0000,0x00000000585f0000] [id=17720]
  0x0000000058ba8000 WatcherThread [stack: 0x00000000596a0000,0x00000000597a0000] [id=22212]

VM state:at safepoint (normal execution)

VM Mutex/Monitor currently owned by a thread:  ([mutex/lock_event])
[0x0000000001e38980] Threads_lock - owner thread: 0x00000000573c0000
[0x0000000001e38e80] Heap_lock - owner thread: 0x0000000001e3a800

Heap:
 PSYoungGen      total 465920K, used 232960K [0x00000000d5580000, 0x0000000100000000, 0x0000000100000000)
  eden space 232960K, 100% used [0x00000000d5580000,0x00000000e3900000,0x00000000e3900000)
  from space 232960K, 0% used [0x00000000e3900000,0x00000000e3900000,0x00000000f1c80000)
  to   space 232960K, 0% used [0x00000000f1c80000,0x00000000f1c80000,0x0000000100000000)
 ParOldGen       total 1398272K, used 1233839K [0x0000000080000000, 0x00000000d5580000, 0x00000000d5580000)
  object space 1398272K, 88% used [0x0000000080000000,0x00000000cb4ebc78,0x00000000d5580000)
 Metaspace       used 14679K, capacity 15224K, committed 15488K, reserved 1062912K
  class space    used 1470K, capacity 1636K, committed 1664K, reserved 1048576K

Card table byte_map: [0x00000000118b0000,0x0000000011cc0000] byte_map_base: 0x00000000114b0000

Marking Bits: (ParMarkBitMap*) 0x0000000063903e30
 Begin Bits: [0x0000000012630000, 0x0000000014630000)
 End Bits:   [0x0000000014630000, 0x0000000016630000)

Polling page: 0x0000000000130000

CodeCache: size=245760Kb used=16345Kb max_used=17843Kb free=229414Kb
 bounds [0x00000000024f0000, 0x0000000003690000, 0x00000000114f0000]
 total_blobs=3394 nmethods=3020 adapters=286
 compilation: enabled

Compilation events (10 events):
Event: 92.001 Thread 0x0000000058ad6800 4537       4       java.util.function.Consumer::andThen (13 bytes)
Event: 92.003 Thread 0x0000000058ad6800 nmethod 4537 0x00000000027bb0d0 code [0x00000000027bb220, 0x00000000027bb2f8]
Event: 92.094 Thread 0x0000000058ad6800 4538       4       edu.stanford.nlp.ie.util.RelationTriple$$Lambda$97/384587033::apply (8 bytes)
Event: 92.098 Thread 0x0000000058ad6800 nmethod 4538 0x00000000026f85d0 code [0x00000000026f8740, 0x00000000026f8918]
Event: 92.138 Thread 0x0000000058ad9000 4539       3       edu.stanford.nlp.process.Morpha::yypushback (24 bytes)
Event: 92.138 Thread 0x0000000058ad9000 nmethod 4539 0x0000000002ac01d0 code [0x0000000002ac0360, 0x0000000002ac0788]
Event: 92.170 Thread 0x0000000058ad9000 4540       3       edu.stanford.nlp.naturalli.OperatorSpec::merge (153 bytes)
Event: 92.171 Thread 0x0000000058ad9000 nmethod 4540 0x00000000026fa690 code [0x00000000026fa840, 0x00000000026faec8]
Event: 92.202 Thread 0x0000000058ad9000 4541       3       edu.stanford.nlp.naturalli.Polarity::equals (402 bytes)
Event: 92.205 Thread 0x0000000058ad9000 nmethod 4541 0x000000000353ba10 code [0x000000000353be00, 0x000000000353deb8]

GC Heap History (10 events):
Event: 87.060 GC heap after
Heap after GC invocations=71 (full 50):
 PSYoungGen      total 465920K, used 0K [0x00000000d5580000, 0x0000000100000000, 0x0000000100000000)
  eden space 232960K, 0% used [0x00000000d5580000,0x00000000d5580000,0x00000000e3900000)
  from space 232960K, 0% used [0x00000000e3900000,0x00000000e3900000,0x00000000f1c80000)
  to   space 232960K, 0% used [0x00000000f1c80000,0x00000000f1c80000,0x0000000100000000)
 ParOldGen       total 1247232K, used 1234186K [0x0000000080000000, 0x00000000cc200000, 0x00000000d5580000)
  object space 1247232K, 98% used [0x0000000080000000,0x00000000cb5429e8,0x00000000cc200000)
 Metaspace       used 14677K, capacity 15224K, committed 15488K, reserved 1062912K
  class space    used 1470K, capacity 1636K, committed 1664K, reserved 1048576K
}
Event: 87.291 GC heap before
{Heap before GC invocations=72 (full 51):
 PSYoungGen      total 465920K, used 232960K [0x00000000d5580000, 0x0000000100000000, 0x0000000100000000)
  eden space 232960K, 100% used [0x00000000d5580000,0x00000000e3900000,0x00000000e3900000)
  from space 232960K, 0% used [0x00000000e3900000,0x00000000e3900000,0x00000000f1c80000)
  to   space 232960K, 0% used [0x00000000f1c80000,0x00000000f1c80000,0x0000000100000000)
 ParOldGen       total 1247232K, used 1234186K [0x0000000080000000, 0x00000000cc200000, 0x00000000d5580000)
  object space 1247232K, 98% used [0x0000000080000000,0x00000000cb5429e8,0x00000000cc200000)
 Metaspace       used 14677K, capacity 15224K, committed 15488K, reserved 1062912K
  class space    used 1470K, capacity 1636K, committed 1664K, reserved 1048576K
Event: 87.930 GC heap after
Heap after GC invocations=72 (full 51):
 PSYoungGen      total 465920K, used 0K [0x00000000d5580000, 0x0000000100000000, 0x0000000100000000)
  eden space 232960K, 0% used [0x00000000d5580000,0x00000000d5580000,0x00000000e3900000)
  from space 232960K, 0% used [0x00000000e3900000,0x00000000e3900000,0x00000000f1c80000)
  to   space 232960K, 0% used [0x00000000f1c80000,0x00000000f1c80000,0x0000000100000000)
 ParOldGen       total 1247232K, used 1232728K [0x0000000080000000, 0x00000000cc200000, 0x00000000d5580000)
  object space 1247232K, 98% used [0x0000000080000000,0x00000000cb3d6318,0x00000000cc200000)
 Metaspace       used 14677K, capacity 15224K, committed 15488K, reserved 1062912K
  class space    used 1470K, capacity 1636K, committed 1664K, reserved 1048576K
}
Event: 88.680 GC heap before
{Heap before GC invocations=73 (full 52):
 PSYoungGen      total 465920K, used 232960K [0x00000000d5580000, 0x0000000100000000, 0x0000000100000000)
  eden space 232960K, 100% used [0x00000000d5580000,0x00000000e3900000,0x00000000e3900000)
  from space 232960K, 0% used [0x00000000e3900000,0x00000000e3900000,0x00000000f1c80000)
  to   space 232960K, 0% used [0x00000000f1c80000,0x00000000f1c80000,0x0000000100000000)
 ParOldGen       total 1247232K, used 1232728K [0x0000000080000000, 0x00000000cc200000, 0x00000000d5580000)
  object space 1247232K, 98% used [0x0000000080000000,0x00000000cb3d6318,0x00000000cc200000)
 Metaspace       used 14677K, capacity 15224K, committed 15488K, reserved 1062912K
  class space    used 1470K, capacity 1636K, committed 1664K, reserved 1048576K
Event: 89.327 GC heap after
Heap after GC invocations=73 (full 52):
 PSYoungGen      total 465920K, used 0K [0x00000000d5580000, 0x0000000100000000, 0x0000000100000000)
  eden space 232960K, 0% used [0x00000000d5580000,0x00000000d5580000,0x00000000e3900000)
  from space 232960K, 0% used [0x00000000e3900000,0x00000000e3900000,0x00000000f1c80000)
  to   space 232960K, 0% used [0x00000000f1c80000,0x00000000f1c80000,0x0000000100000000)
 ParOldGen       total 1247232K, used 1241393K [0x0000000080000000, 0x00000000cc200000, 0x00000000d5580000)
  object space 1247232K, 99% used [0x0000000080000000,0x00000000cbc4c7d8,0x00000000cc200000)
 Metaspace       used 14677K, capacity 15224K, committed 15488K, reserved 1062912K
  class space    used 1470K, capacity 1636K, committed 1664K, reserved 1048576K
}
Event: 89.930 GC heap before
{Heap before GC invocations=74 (full 53):
 PSYoungGen      total 465920K, used 232960K [0x00000000d5580000, 0x0000000100000000, 0x0000000100000000)
  eden space 232960K, 100% used [0x00000000d5580000,0x00000000e3900000,0x00000000e3900000)
  from space 232960K, 0% used [0x00000000e3900000,0x00000000e3900000,0x00000000f1c80000)
  to   space 232960K, 0% used [0x00000000f1c80000,0x00000000f1c80000,0x0000000100000000)
 ParOldGen       total 1247232K, used 1241393K [0x0000000080000000, 0x00000000cc200000, 0x00000000d5580000)
  object space 1247232K, 99% used [0x0000000080000000,0x00000000cbc4c7d8,0x00000000cc200000)
 Metaspace       used 14679K, capacity 15224K, committed 15488K, reserved 1062912K
  class space    used 1470K, capacity 1636K, committed 1664K, reserved 1048576K
Event: 90.548 GC heap after
Heap after GC invocations=74 (full 53):
 PSYoungGen      total 465920K, used 0K [0x00000000d5580000, 0x0000000100000000, 0x0000000100000000)
  eden space 232960K, 0% used [0x00000000d5580000,0x00000000d5580000,0x00000000e3900000)
  from space 232960K, 0% used [0x00000000e3900000,0x00000000e3900000,0x00000000f1c80000)
  to   space 232960K, 0% used [0x00000000f1c80000,0x00000000f1c80000,0x0000000100000000)
 ParOldGen       total 1247232K, used 1233428K [0x0000000080000000, 0x00000000cc200000, 0x00000000d5580000)
  object space 1247232K, 98% used [0x0000000080000000,0x00000000cb485310,0x00000000cc200000)
 Metaspace       used 14679K, capacity 15224K, committed 15488K, reserved 1062912K
  class space    used 1470K, capacity 1636K, committed 1664K, reserved 1048576K
}
Event: 91.151 GC heap before
{Heap before GC invocations=75 (full 54):
 PSYoungGen      total 465920K, used 232960K [0x00000000d5580000, 0x0000000100000000, 0x0000000100000000)
  eden space 232960K, 100% used [0x00000000d5580000,0x00000000e3900000,0x00000000e3900000)
  from space 232960K, 0% used [0x00000000e3900000,0x00000000e3900000,0x00000000f1c80000)
  to   space 232960K, 0% used [0x00000000f1c80000,0x00000000f1c80000,0x0000000100000000)
 ParOldGen       total 1247232K, used 1233428K [0x0000000080000000, 0x00000000cc200000, 0x00000000d5580000)
  object space 1247232K, 98% used [0x0000000080000000,0x00000000cb485310,0x00000000cc200000)
 Metaspace       used 14679K, capacity 15224K, committed 15488K, reserved 1062912K
  class space    used 1470K, capacity 1636K, committed 1664K, reserved 1048576K
Event: 91.997 GC heap after
Heap after GC invocations=75 (full 54):
 PSYoungGen      total 465920K, used 0K [0x00000000d5580000, 0x0000000100000000, 0x0000000100000000)
  eden space 232960K, 0% used [0x00000000d5580000,0x00000000d5580000,0x00000000e3900000)
  from space 232960K, 0% used [0x00000000e3900000,0x00000000e3900000,0x00000000f1c80000)
  to   space 232960K, 0% used [0x00000000f1c80000,0x00000000f1c80000,0x0000000100000000)
 ParOldGen       total 1398272K, used 1233839K [0x0000000080000000, 0x00000000d5580000, 0x00000000d5580000)
  object space 1398272K, 88% used [0x0000000080000000,0x00000000cb4ebc78,0x00000000d5580000)
 Metaspace       used 14679K, capacity 15224K, committed 15488K, reserved 1062912K
  class space    used 1470K, capacity 1636K, committed 1664K, reserved 1048576K
}
Event: 92.235 GC heap before
{Heap before GC invocations=76 (full 55):
 PSYoungGen      total 465920K, used 232960K [0x00000000d5580000, 0x0000000100000000, 0x0000000100000000)
  eden space 232960K, 100% used [0x00000000d5580000,0x00000000e3900000,0x00000000e3900000)
  from space 232960K, 0% used [0x00000000e3900000,0x00000000e3900000,0x00000000f1c80000)
  to   space 232960K, 0% used [0x00000000f1c80000,0x00000000f1c80000,0x0000000100000000)
 ParOldGen       total 1398272K, used 1233839K [0x0000000080000000, 0x00000000d5580000, 0x00000000d5580000)
  object space 1398272K, 88% used [0x0000000080000000,0x00000000cb4ebc78,0x00000000d5580000)
 Metaspace       used 14679K, capacity 15224K, committed 15488K, reserved 1062912K
  class space    used 1470K, capacity 1636K, committed 1664K, reserved 1048576K

Deoptimization events (10 events):
Event: 65.733 Thread 0x0000000001e3a800 Uncommon trap: reason=unstable_if action=reinterpret pc=0x000000000339fe5c method=java.util.HashMap.removeNode(ILjava/lang/Object;Ljava/lang/Object;ZZ)Ljava/util/HashMap$Node; @ 71
Event: 65.733 Thread 0x0000000001e3a800 Uncommon trap: reason=unstable_if action=reinterpret pc=0x00000000025fd948 method=java.util.HashMap.removeNode(ILjava/lang/Object;Ljava/lang/Object;ZZ)Ljava/util/HashMap$Node; @ 71
Event: 65.733 Thread 0x0000000001e3a800 Uncommon trap: reason=unstable_if action=reinterpret pc=0x0000000002be006c method=java.util.HashMap.removeNode(ILjava/lang/Object;Ljava/lang/Object;ZZ)Ljava/util/HashMap$Node; @ 71
Event: 67.310 Thread 0x0000000001e3a800 Uncommon trap: reason=unstable_if action=reinterpret pc=0x00000000031add84 method=edu.stanford.nlp.naturalli.RelationTripleSegmenter.segmentVerb(Ledu/stanford/nlp/semgraph/SemanticGraph;Ljava/util/Optional;Z)Ljava/util/Optional; @ 1103
Event: 67.600 Thread 0x0000000001e3a800 Uncommon trap: reason=unstable_if action=reinterpret pc=0x0000000003451b30 method=edu.stanford.nlp.naturalli.Util.cleanTree(Ledu/stanford/nlp/semgraph/SemanticGraph;)Ljava/util/List; @ 105
Event: 80.288 Thread 0x0000000001e3a800 Uncommon trap: reason=unstable_if action=reinterpret pc=0x0000000002e28460 method=java.util.regex.Pattern$Ques.match(Ljava/util/regex/Matcher;ILjava/lang/CharSequence;)Z @ 58
Event: 87.147 Thread 0x0000000001e3a800 Uncommon trap: reason=unstable_if action=reinterpret pc=0x00000000031c06d4 method=edu.stanford.nlp.naturalli.NaturalLogicRelation.forDependencyInsertion(Ljava/lang/String;ZLjava/util/Optional;)Ledu/stanford/nlp/naturalli/NaturalLogicRelation; @ 198
Event: 87.204 Thread 0x0000000001e3a800 Uncommon trap: reason=unstable_if action=reinterpret pc=0x0000000002b17a9c method=edu.stanford.nlp.objectbank.ObjectBank$OBIterator.setNextObject()V @ 16
Event: 87.204 Thread 0x0000000001e3a800 Uncommon trap: reason=unstable_if action=reinterpret pc=0x00000000027b4e1c method=edu.stanford.nlp.sequences.ObjectBankWrapper$WrappedIterator.hasNext()Z @ 13
Event: 92.196 Thread 0x0000000001e3a800 Uncommon trap: reason=unstable_if action=reinterpret pc=0x0000000002ca30bc method=java.util.Arrays.equals([B[B)Z @ 41

Classes redefined (0 events):
No events

Internal exceptions (10 events):
Event: 25.788 Thread 0x0000000001e3a800 Implicit null exception at 0x0000000002736d86 to 0x0000000002737121
Event: 25.790 Thread 0x0000000001e3a800 Implicit null exception at 0x00000000026fa806 to 0x00000000026fab9d
Event: 33.853 Thread 0x0000000001e3a800 Implicit null exception at 0x0000000002af56c5 to 0x0000000002af5981
Event: 35.950 Thread 0x0000000001e3a800 Implicit null exception at 0x000000000306c12e to 0x0000000003072da4
Event: 44.593 Thread 0x0000000001e3a800 Implicit null exception at 0x0000000003432e00 to 0x0000000003433475
Event: 48.430 Thread 0x0000000001e3a800 Implicit null exception at 0x0000000002a9f3ec to 0x0000000002a9f561
Event: 56.156 Thread 0x0000000001e3a800 Implicit null exception at 0x00000000030563cb to 0x0000000003056abd
Event: 58.944 Thread 0x0000000001e3a800 Implicit null exception at 0x000000000272dd0d to 0x000000000272e509
Event: 59.672 Thread 0x0000000001e3a800 Implicit null exception at 0x0000000002d2bafc to 0x0000000002d2bb41
Event: 62.250 Thread 0x0000000001e3a800 Implicit null exception at 0x00000000035d2979 to 0x00000000035d2ae5

Events (10 events):
Event: 89.814 Thread 0x0000000058ad8000 flushing nmethod 0x0000000003653310
Event: 89.814 Thread 0x0000000058ad8000 flushing nmethod 0x0000000003677e90
Event: 89.930 Executing VM operation: ParallelGCFailedAllocation
Event: 90.548 Executing VM operation: ParallelGCFailedAllocation done
Event: 91.151 Executing VM operation: ParallelGCFailedAllocation
Event: 91.997 Executing VM operation: ParallelGCFailedAllocation done
Event: 92.196 Thread 0x0000000001e3a800 Uncommon trap: trap_request=0xffffff65 fr.pc=0x0000000002ca30bc
Event: 92.196 Thread 0x0000000001e3a800 DEOPT PACKING pc=0x0000000002ca30bc sp=0x000000000221f180
Event: 92.196 Thread 0x0000000001e3a800 DEOPT UNPACKING pc=0x000000000253583b sp=0x000000000221f0a0 mode 2
Event: 92.235 Executing VM operation: ParallelGCFailedAllocation


Dynamic libraries:
0x000000013fee0000 - 0x000000013ff17000 	C:\Program Files\Java\jdk1.8.0_191\bin\java.exe
0x0000000077340000 - 0x00000000774ea000 	C:\Windows\SYSTEM32\ntdll.dll
0x0000000077120000 - 0x000000007723f000 	C:\Windows\system32\kernel32.dll
0x000007fefd270000 - 0x000007fefd2da000 	C:\Windows\system32\KERNELBASE.dll
0x000007fefddd0000 - 0x000007fefdeab000 	C:\Windows\system32\ADVAPI32.dll
0x000007fefda50000 - 0x000007fefdaef000 	C:\Windows\system32\msvcrt.dll
0x000007fefd520000 - 0x000007fefd53f000 	C:\Windows\SYSTEM32\sechost.dll
0x000007fefdf30000 - 0x000007fefe05d000 	C:\Windows\system32\RPCRT4.dll
0x0000000077240000 - 0x000000007733a000 	C:\Windows\system32\USER32.dll
0x000007fefdec0000 - 0x000007fefdf27000 	C:\Windows\system32\GDI32.dll
0x000007fefe060000 - 0x000007fefe06e000 	C:\Windows\system32\LPK.dll
0x000007fefdd00000 - 0x000007fefddca000 	C:\Windows\system32\USP10.dll
0x000007fefb5d0000 - 0x000007fefb7c4000 	C:\Windows\WinSxS\amd64_microsoft.windows.common-controls_6595b64144ccf1df_6.0.7601.18837_none_fa3b1e3d17594757\COMCTL32.dll
0x000007feff370000 - 0x000007feff3e1000 	C:\Windows\system32\SHLWAPI.dll
0x000007fefd540000 - 0x000007fefd56e000 	C:\Windows\system32\IMM32.DLL
0x000007fefdbf0000 - 0x000007fefdcf9000 	C:\Windows\system32\MSCTF.dll
0x000000006af70000 - 0x000000006b042000 	C:\Program Files\Java\jdk1.8.0_191\jre\bin\msvcr100.dll
0x00000000630e0000 - 0x0000000063984000 	C:\Program Files\Java\jdk1.8.0_191\jre\bin\server\jvm.dll
0x000007fefb3a0000 - 0x000007fefb3a9000 	C:\Windows\system32\WSOCK32.dll
0x000007feff3f0000 - 0x000007feff43d000 	C:\Windows\system32\WS2_32.dll
0x000007fefdeb0000 - 0x000007fefdeb8000 	C:\Windows\system32\NSI.dll
0x000007fefa750000 - 0x000007fefa78b000 	C:\Windows\system32\WINMM.dll
0x000007fefc1a0000 - 0x000007fefc1ac000 	C:\Windows\system32\VERSION.dll
0x0000000077500000 - 0x0000000077507000 	C:\Windows\system32\PSAPI.DLL
0x000000006dbf0000 - 0x000000006dbff000 	C:\Program Files\Java\jdk1.8.0_191\jre\bin\verify.dll
0x000000006d5a0000 - 0x000000006d5c9000 	C:\Program Files\Java\jdk1.8.0_191\jre\bin\java.dll
0x000000006d570000 - 0x000000006d593000 	C:\Program Files\Java\jdk1.8.0_191\jre\bin\instrument.dll
0x000000006dbd0000 - 0x000000006dbe6000 	C:\Program Files\Java\jdk1.8.0_191\jre\bin\zip.dll
0x000007fefe170000 - 0x000007fefeef9000 	C:\Windows\system32\SHELL32.dll
0x000007feff440000 - 0x000007feff643000 	C:\Windows\system32\ole32.dll
0x000007fefd0c0000 - 0x000007fefd0cf000 	C:\Windows\system32\profapi.dll
0x000007feee470000 - 0x000007feee48a000 	C:\Program Files\JetBrains\IntelliJ IDEA Community Edition 2017.2.1\bin\breakgen64.dll
0x000000006db80000 - 0x000000006db9a000 	C:\Program Files\Java\jdk1.8.0_191\jre\bin\net.dll
0x000007fefc8a0000 - 0x000007fefc8f5000 	C:\Windows\system32\mswsock.dll
0x000007fefc890000 - 0x000007fefc897000 	C:\Windows\System32\wship6.dll
0x000007fefb9e0000 - 0x000007fefb9f5000 	C:\Windows\system32\NLAapi.dll
0x000007fef27a0000 - 0x000007fef27b5000 	C:\Windows\system32\napinsp.dll
0x000007fef2780000 - 0x000007fef2799000 	C:\Windows\system32\pnrpnsp.dll
0x000007fefc720000 - 0x000007fefc77b000 	C:\Windows\system32\DNSAPI.dll
0x000007fef2770000 - 0x000007fef277b000 	C:\Windows\System32\winrnr.dll
0x000007fef2760000 - 0x000007fef2770000 	C:\Windows\system32\wshbth.dll
0x000000005dfa0000 - 0x000000005dfc6000 	C:\Program Files\Bonjour\mdnsNSP.dll
0x000007fefb370000 - 0x000007fefb397000 	C:\Windows\system32\Iphlpapi.DLL
0x000007fefb360000 - 0x000007fefb36b000 	C:\Windows\system32\WINNSI.DLL
0x000007fefc270000 - 0x000007fefc277000 	C:\Windows\System32\wshtcpip.dll
0x000007fef2610000 - 0x000007fef2618000 	C:\Windows\system32\rasadhlp.dll
0x000007fef9cb0000 - 0x000007fef9d03000 	C:\Windows\System32\fwpuclnt.dll
0x000000006d550000 - 0x000000006d561000 	C:\Program Files\Java\jdk1.8.0_191\jre\bin\nio.dll

VM Arguments:
jvm_args: -Xmx2048m -javaagent:C:\Program Files\JetBrains\IntelliJ IDEA Community Edition 2017.2.1\lib\idea_rt.jar=62285:C:\Program Files\JetBrains\IntelliJ IDEA Community Edition 2017.2.1\bin -Dfile.encoding=UTF-8 
java_command: OpenIESample C:\Users\arjunb\Documents\workspace\StanfordCoreNLP\Sports_NER.tsv.model C:\Users\arjunb\Documents\workspace\StanfordCoreNLP\2018_nfl_regular_season
java_class_path (initial): C:\Program Files\Java\jdk1.8.0_191\jre\lib\charsets.jar;C:\Program Files\Java\jdk1.8.0_191\jre\lib\deploy.jar;C:\Program Files\Java\jdk1.8.0_191\jre\lib\ext\access-bridge-64.jar;C:\Program Files\Java\jdk1.8.0_191\jre\lib\ext\cldrdata.jar;C:\Program Files\Java\jdk1.8.0_191\jre\lib\ext\dnsns.jar;C:\Program Files\Java\jdk1.8.0_191\jre\lib\ext\jaccess.jar;C:\Program Files\Java\jdk1.8.0_191\jre\lib\ext\jfxrt.jar;C:\Program Files\Java\jdk1.8.0_191\jre\lib\ext\localedata.jar;C:\Program Files\Java\jdk1.8.0_191\jre\lib\ext\nashorn.jar;C:\Program Files\Java\jdk1.8.0_191\jre\lib\ext\sunec.jar;C:\Program Files\Java\jdk1.8.0_191\jre\lib\ext\sunjce_provider.jar;C:\Program Files\Java\jdk1.8.0_191\jre\lib\ext\sunmscapi.jar;C:\Program Files\Java\jdk1.8.0_191\jre\lib\ext\sunpkcs11.jar;C:\Program Files\Java\jdk1.8.0_191\jre\lib\ext\zipfs.jar;C:\Program Files\Java\jdk1.8.0_191\jre\lib\javaws.jar;C:\Program Files\Java\jdk1.8.0_191\jre\lib\jce.jar;C:\Program Files\Java\jdk1.8.0_191\jre\lib\jfr.jar;C:\Program Files\Java\jdk1.8.0_191\jre\lib\jfxswt.jar;C:\Program Files\Java\jdk1.8.0_191\jre\lib\jsse.jar;C:\Program Files\Java\jdk1.8.0_191\jre\lib\management-agent.jar;C:\Program Files\Java\jdk1.8.0_191\jre\lib\plugin.jar;C:\Program Files\Java\jdk1.8.0_191\jre\lib\resources.jar;C:\Program Files\Java\jdk1.8.0_191\jre\lib\rt.jar;C:\Users\arjunb\Documents\workspace\StanfordCoreNLP\out\production\StanfordCoreNLP;C:\Users\arjunb\Documents\workspace\stanford-corenlp-full-2018-10-05\xom.jar;C:\Users\arjunb\Documents\workspace\stanford-corenlp-full-2018-10-05\jollyday.jar;C:\Users\arjunb\Documents\workspace\stanford-corenlp-full-2018-10-05\protobuf.jar;C:\Users\arjunb\Documents\workspace\stanford-corenlp-full-2018-10-05\ejml-0.23.jar;C:\Users\arjunb\Documents\workspace\stanford-corenlp-full-2018-10-05\joda-time.jar;C:\Users\arjunb\Documents\workspace\stanford-corenlp-full-2018-10-05\slf4j-api.jar;C:\Users\arjunb\Documents\workspace\stanford-corenlp-full-2018-10-05\javax.j
Launcher Type: SUN_STANDARD

Environment Variables:
PATH=C:\Program Files (x86)\Common Files\Oracle\Java\javapath;C:\Program Files (x86)\Java\jdk1.8.0_73\bin;C:\ProgramData\Oracle\Java\javapath;C:\Program Files (x86)\Intel\iCLS Client\;C:\Program Files\Intel\iCLS Client\;C:\Windows\system32;C:\Windows;C:\Windows\System32\Wbem;C:\Windows\System32\WindowsPowerShell\v1.0\;C:\Program Files\Intel\Intel(R) Management Engine Components\DAL;C:\Program Files (x86)\Intel\Intel(R) Management Engine Components\DAL;C:\Program Files\Intel\Intel(R) Management Engine Components\IPT;C:\Program Files (x86)\Intel\Intel(R) Management Engine Components\IPT;C:\Program Files\Lenovo\Fingerprint Manager Pro\;C:\Program Files (x86)\Common Files\Lenovo;C:\Program Files\Condusiv Technologies\ExpressCache\;C:\Program Files (x86)\Common Files\lenovo\easyplussdk\bin;C:\SWTOOLS\ReadyApps;C:\Program Files\TortoiseSVN\bin;C:\Program Files\Microsoft Windows Performance Toolkit\;C:\Program Files (x86)\Windows Kits\8.1\Windows Performance Toolkit\;C:\HashiCorp\Vagrant\bin;C:\Program Files (x86)\7-Zip;C:\Program Files\Intel\WiFi\bin\;C:\Program Files\Common Files\Intel\WirelessCommon\;c:\Program Files (x86)\Microsoft SQL Server\100\Tools\Binn\;c:\Program Files\Microsoft SQL Server\100\Tools\Binn\;c:\Program Files\Microsoft SQL Server\100\DTS\Binn\;C:\Users\arjunb\Downloads\twitter4j\bin;C:\Users\arjunb\Downloads\twitter4j\lib\twitter4j-core-4.0.4.jar;C:\Program Files (x86)\Skype\Phone\;C:\Python27\Scripts\;C:\Program Files\Git\cmd;C:\Program Files\Intel\WiFi\bin\;C:\Program Files\Common Files\Intel\WirelessCommon\;C:\Program Files\R\R-3.4.2\bin;C:\Users\arjunb\Downloads\i686-4.9.1-release-posix-sjlj-rt_v3-rev2\mingw32\bin;C:\Users\arjunb\Downloads\curl-7.56.0\include;C:\Users\arjunb\Downloads\curl-7.56.0\I386\LIBCURL.LIB;C:\Users\arjunb\Downloads\curl-7.56.0\AMD64\LIBCURL.LIB;C:\Users\arjunb\Downloads\curl-7.56.0\IA64\LIBCURL.LIB;C:\Users\arjunb\AppData\Local\Programs\Python\Python36-32;C:\Users\arjunb\AppData\Local\Programs\Python\Python36-32\Scripts
USERNAME=arjunb
OS=Windows_NT
PROCESSOR_IDENTIFIER=Intel64 Family 6 Model 61 Stepping 4, GenuineIntel



---------------  S Y S T E M  ---------------

OS: Windows 7 , 64 bit Build 7601 (6.1.7601.23418)

CPU:total 4 (initial active 4) (2 cores per cpu, 2 threads per core) family 6 model 61 stepping 4, cmov, cx8, fxsr, mmx, sse, sse2, sse3, ssse3, sse4.1, sse4.2, popcnt, avx, avx2, aes, clmul, erms, 3dnowpref, lzcnt, ht, tsc, tscinvbit, bmi1, bmi2, adx

Memory: 4k page, physical 12272000k(1233068k free), swap 12270140k(5568k free)

vm_info: Java HotSpot(TM) 64-Bit Server VM (25.191-b12) for windows-amd64 JRE (1.8.0_191-b12), built on Oct  6 2018 09:29:03 by "java_re" with MS VC++ 10.0 (VS2010)

time: Tue Nov 20 22:09:44 2018
elapsed time: 92 seconds (0d 0h 1m 32s)

