JvmtiExport can_access_local_variables 0
JvmtiExport can_hotswap_or_post_breakpoint 0
JvmtiExport can_post_on_exceptions 0
# 652 ciObject found
instanceKlass java/util/Collections$2
instanceKlass edu/stanford/nlp/util/IterableIterator
instanceKlass edu/stanford/nlp/ie/crf/LabelDictionary
instanceKlass java/util/AbstractList$1
instanceKlass java/util/concurrent/CopyOnWriteArrayList$1
instanceKlass edu/stanford/nlp/naturalli/ForwardEntailerSearchProblem$1
instanceKlass edu/stanford/nlp/naturalli/RelationTripleSegmenter$$Lambda$116
instanceKlass edu/stanford/nlp/naturalli/RelationTripleSegmenter$$Lambda$115
instanceKlass edu/stanford/nlp/naturalli/RelationTripleSegmenter$$Lambda$114
instanceKlass edu/stanford/nlp/naturalli/RelationTripleSegmenter$$Lambda$113
instanceKlass java/util/IdentityHashMap$1
instanceKlass java/util/concurrent/CopyOnWriteArrayList$COWIterator
instanceKlass OpenIESample$StringLengthSorter
instanceKlass java/util/IdentityHashMap$IdentityHashMapIterator
instanceKlass edu/stanford/nlp/naturalli/RelationTripleSegmenter$$Lambda$112
instanceKlass edu/stanford/nlp/naturalli/RelationTripleSegmenter$$Lambda$111
instanceKlass edu/stanford/nlp/naturalli/RelationTripleSegmenter$$Lambda$110
instanceKlass edu/stanford/nlp/naturalli/RelationTripleSegmenter$$Lambda$109
instanceKlass java/util/LinkedList$LLSpliterator
instanceKlass edu/stanford/nlp/naturalli/RelationTripleSegmenter$$Lambda$108
instanceKlass edu/stanford/nlp/ie/machinereading/structure/Span
instanceKlass java/util/stream/MatchOps$$Lambda$107
instanceKlass java/util/stream/MatchOps$BooleanTerminalSink
instanceKlass java/util/stream/MatchOps$MatchOp
instanceKlass java/util/stream/MatchOps
instanceKlass edu/stanford/nlp/naturalli/NaturalLogicAnnotator$$Lambda$106
instanceKlass edu/stanford/nlp/naturalli/NaturalLogicAnnotator$$Lambda$105
instanceKlass edu/stanford/nlp/naturalli/NaturalLogicAnnotator$$Lambda$104
instanceKlass edu/stanford/nlp/ling/CoreLabel$1
instanceKlass edu/stanford/nlp/semgraph/semgrex/Alignment
instanceKlass edu/stanford/nlp/naturalli/NaturalLogicAnnotator$$Lambda$103
instanceKlass edu/stanford/nlp/util/TwoDimensionalMap
instanceKlass edu/stanford/nlp/sequences/PlainTextDocumentReaderAndWriter$1
instanceKlass edu/stanford/nlp/ling/CoreAnnotations$AnswerProbAnnotation
instanceKlass edu/stanford/nlp/ie/crf/FactorTable
instanceKlass edu/stanford/nlp/ie/crf/CRFCliqueTree
instanceKlass edu/stanford/nlp/sequences/ListeningSequenceModel
instanceKlass edu/stanford/nlp/ie/crf/LinearCliquePotentialFunction
instanceKlass edu/stanford/nlp/ie/crf/TestSequenceModel
instanceKlass edu/stanford/nlp/ie/crf/CRFDatum
instanceKlass edu/stanford/nlp/ling/CoreAnnotations$DistSimAnnotation
instanceKlass edu/stanford/nlp/ling/CoreAnnotations$DomainAnnotation
instanceKlass edu/stanford/nlp/util/AbstractIterator
instanceKlass edu/stanford/nlp/sequences/PlainTextDocumentReaderAndWriter
instanceKlass edu/stanford/nlp/sequences/DocumentReaderAndWriter
instanceKlass StanfordNER
instanceKlass edu/stanford/nlp/ie/util/RelationTriple$$Lambda$102
instanceKlass edu/stanford/nlp/ie/util/RelationTriple$$Lambda$101
instanceKlass java/util/stream/StreamSpliterators$WrappingSpliterator$$Lambda$100
instanceKlass java/util/function/BooleanSupplier
instanceKlass java/util/stream/StreamSpliterators$WrappingSpliterator$$Lambda$99
instanceKlass java/util/stream/AbstractSpinedBuffer
instanceKlass java/util/Spliterators$1Adapter
instanceKlass java/util/stream/StreamSpliterators$AbstractWrappingSpliterator
instanceKlass java/util/stream/AbstractPipeline$$Lambda$98
instanceKlass edu/stanford/nlp/ie/util/RelationTriple$$Lambda$97
instanceKlass edu/stanford/nlp/naturalli/NaturalLogicAnnotations$EntailedClausesAnnotation
instanceKlass edu/stanford/nlp/util/CollectionUtils$1
instanceKlass edu/stanford/nlp/naturalli/RelationTripleSegmenter$$Lambda$96
instanceKlass edu/stanford/nlp/naturalli/RelationTripleSegmenter$$Lambda$95
instanceKlass edu/stanford/nlp/naturalli/RelationTripleSegmenter$$Lambda$94
instanceKlass edu/stanford/nlp/naturalli/OpenIE$$Lambda$93
instanceKlass edu/stanford/nlp/naturalli/OpenIE$$Lambda$92
instanceKlass java/lang/invoke/LambdaForm$DMH
instanceKlass edu/stanford/nlp/naturalli/OpenIE$$Lambda$91
instanceKlass edu/stanford/nlp/naturalli/OpenIE$$Lambda$90
instanceKlass edu/stanford/nlp/naturalli/ForwardEntailerSearchProblem$$Lambda$89
instanceKlass edu/stanford/nlp/naturalli/ForwardEntailerSearchProblem$$Lambda$88
instanceKlass edu/stanford/nlp/naturalli/ForwardEntailerSearchProblem$SearchResult
instanceKlass edu/stanford/nlp/naturalli/ForwardEntailerSearchProblem$$Lambda$87
instanceKlass edu/stanford/nlp/naturalli/ForwardEntailerSearchProblem$$Lambda$86
instanceKlass edu/stanford/nlp/naturalli/ForwardEntailerSearchProblem$$Lambda$85
instanceKlass edu/stanford/nlp/util/Trilean
instanceKlass edu/stanford/nlp/naturalli/NaturalLogicRelation$2
instanceKlass edu/stanford/nlp/naturalli/ForwardEntailerSearchProblem$SearchState
instanceKlass java/util/stream/ForEachOps$ForEachOp
instanceKlass java/util/stream/ForEachOps
instanceKlass edu/stanford/nlp/naturalli/ForwardEntailerSearchProblem$$Lambda$84
instanceKlass java/lang/invoke/LambdaForm$DMH
instanceKlass edu/stanford/nlp/naturalli/ForwardEntailerSearchProblem$$Lambda$83
instanceKlass java/util/HashMap$HashMapSpliterator
instanceKlass edu/stanford/nlp/naturalli/ForwardEntailerSearchProblem
instanceKlass edu/stanford/nlp/naturalli/ClauseSplitterSearchProblem$4$$Lambda$82
instanceKlass java/lang/invoke/LambdaForm$DMH
instanceKlass edu/stanford/nlp/naturalli/ClauseSplitterSearchProblem$$Lambda$81
instanceKlass java/lang/invoke/LambdaForm$DMH
instanceKlass edu/stanford/nlp/naturalli/ClauseSplitterSearchProblem$$Lambda$80
instanceKlass edu/stanford/nlp/naturalli/ClauseSplitterSearchProblem$5$$Lambda$79
instanceKlass java/lang/invoke/LambdaForm$MH
instanceKlass edu/stanford/nlp/naturalli/ClauseSplitterSearchProblem$6$$Lambda$78
instanceKlass java/lang/invoke/LambdaForm$DMH
instanceKlass edu/stanford/nlp/naturalli/ClauseSplitterSearchProblem$$Lambda$77
instanceKlass edu/stanford/nlp/stats/ClassicCounter$1$1
instanceKlass edu/stanford/nlp/stats/Counters
instanceKlass edu/stanford/nlp/stats/ClassicCounter$2$1$1
instanceKlass edu/stanford/nlp/stats/ClassicCounter$2$1
instanceKlass edu/stanford/nlp/stats/ClassicCounter
instanceKlass edu/stanford/nlp/naturalli/ClauseSplitterSearchProblem$3$$Lambda$76
instanceKlass java/util/stream/ReduceOps$Box
instanceKlass java/util/stream/ReduceOps$AccumulatingSink
instanceKlass java/util/stream/TerminalSink
instanceKlass java/util/stream/ReduceOps$ReduceOp
instanceKlass java/util/stream/TerminalOp
instanceKlass java/util/stream/ReduceOps
instanceKlass java/util/stream/Collectors$$Lambda$75
instanceKlass java/util/stream/Collectors$$Lambda$74
instanceKlass java/util/function/BinaryOperator
instanceKlass java/util/stream/Collectors$$Lambda$73
instanceKlass java/util/stream/Collectors$$Lambda$72
instanceKlass java/util/stream/Collectors$CollectorImpl
instanceKlass java/util/stream/Collector
instanceKlass java/util/stream/Collectors
instanceKlass edu/stanford/nlp/naturalli/SentenceFragment$$Lambda$71
instanceKlass java/util/ArrayList$ArrayListSpliterator
instanceKlass java/util/function/Consumer$$Lambda$70
instanceKlass edu/stanford/nlp/naturalli/ClauseSplitterSearchProblem$$Lambda$69
instanceKlass edu/stanford/nlp/naturalli/ClauseSplitterSearchProblem$$Lambda$68
instanceKlass edu/stanford/nlp/naturalli/SentenceFragment
instanceKlass edu/stanford/nlp/naturalli/ClauseSplitterSearchProblem$$Lambda$67
instanceKlass edu/stanford/nlp/naturalli/ClauseSplitterSearchProblem$State
instanceKlass edu/stanford/nlp/naturalli/ClauseSplitterSearchProblem$6
instanceKlass edu/stanford/nlp/naturalli/ClauseSplitterSearchProblem$5
instanceKlass edu/stanford/nlp/naturalli/ClauseSplitterSearchProblem$4
instanceKlass edu/stanford/nlp/naturalli/ClauseSplitterSearchProblem$3
instanceKlass edu/stanford/nlp/naturalli/ClauseSplitterSearchProblem$Action
instanceKlass java/lang/invoke/LambdaForm$MH
instanceKlass java/lang/invoke/LambdaForm$DMH
instanceKlass java/lang/invoke/LambdaForm$DMH
instanceKlass edu/stanford/nlp/naturalli/ClauseSplitterSearchProblem$$Lambda$66
instanceKlass java/lang/invoke/LambdaForm$DMH
instanceKlass edu/stanford/nlp/naturalli/ClauseSplitterSearchProblem$$Lambda$65
instanceKlass java/lang/invoke/LambdaForm$DMH
instanceKlass edu/stanford/nlp/naturalli/ClauseSplitterSearchProblem$$Lambda$64
instanceKlass edu/stanford/nlp/naturalli/ClauseSplitterSearchProblem$$Lambda$63
instanceKlass edu/stanford/nlp/graph/DirectedMultiGraph$$Lambda$62
instanceKlass edu/stanford/nlp/naturalli/Util$$Lambda$61
instanceKlass edu/stanford/nlp/graph/DirectedMultiGraph$$Lambda$60
instanceKlass edu/stanford/nlp/naturalli/Util$$Lambda$59
instanceKlass edu/stanford/nlp/naturalli/Util$$Lambda$58
instanceKlass edu/stanford/nlp/naturalli/Util$$Lambda$57
instanceKlass java/lang/invoke/LambdaForm$DMH
instanceKlass edu/stanford/nlp/naturalli/Util
instanceKlass edu/stanford/nlp/naturalli/OpenIE$$Lambda$56
instanceKlass java/lang/invoke/LambdaForm$DMH
instanceKlass edu/stanford/nlp/naturalli/NaturalLogicAnnotations$PolarityDirectionAnnotation
instanceKlass edu/stanford/nlp/naturalli/NaturalLogicAnnotator$$Lambda$55
instanceKlass edu/stanford/nlp/naturalli/Polarity$1
instanceKlass edu/stanford/nlp/naturalli/Polarity
instanceKlass edu/stanford/nlp/ling/tokensregex/SequenceMatcher$BranchState
instanceKlass edu/stanford/nlp/ling/tokensregex/SequenceMatcher$State
instanceKlass edu/stanford/nlp/ling/tokensregex/SequenceMatcher$BranchStates
instanceKlass edu/stanford/nlp/ling/tokensregex/SequenceMatcher$MatchedStates
instanceKlass edu/stanford/nlp/ling/tokensregex/SequenceMatcher$2
instanceKlass edu/stanford/nlp/ling/tokensregex/BasicSequenceMatchResult$MatchedGroup
instanceKlass edu/stanford/nlp/ling/tokensregex/CoreMapSequenceMatcher$$Lambda$54
instanceKlass java/lang/invoke/LambdaForm$DMH
instanceKlass java/util/logging/LogManager$5
instanceKlass java/util/logging/LoggingProxyImpl
instanceKlass sun/util/logging/LoggingProxy
instanceKlass sun/util/logging/LoggingSupport$1
instanceKlass sun/util/logging/LoggingSupport
instanceKlass sun/util/logging/PlatformLogger$LoggerProxy
instanceKlass sun/util/logging/PlatformLogger$1
instanceKlass sun/util/logging/PlatformLogger
instanceKlass java/util/logging/LogManager$LoggerContext$1
instanceKlass java/util/logging/LogManager$3
instanceKlass java/util/logging/LogManager$2
instanceKlass java/lang/Shutdown$Lock
instanceKlass java/lang/Shutdown
instanceKlass java/lang/ApplicationShutdownHooks$1
instanceKlass java/lang/ApplicationShutdownHooks
instanceKlass java/util/logging/LogManager$LogNode
instanceKlass java/util/logging/LogManager$LoggerContext
instanceKlass java/util/logging/LogManager$1
instanceKlass java/util/logging/LogManager
instanceKlass java/util/logging/Logger$LoggerBundle
instanceKlass java/util/logging/Level$KnownLevel
instanceKlass java/util/logging/Level
instanceKlass java/util/logging/Handler
instanceKlass java/util/logging/Logger
instanceKlass edu/stanford/nlp/naturalli/NaturalLogicAnnotator$$Lambda$53
instanceKlass edu/stanford/nlp/naturalli/OperatorSpec
instanceKlass edu/stanford/nlp/util/ArrayStringFilter$1
instanceKlass edu/stanford/nlp/semgraph/semgrex/GraphRelation$SearchNodeIterator
instanceKlass edu/stanford/nlp/stats/IntCounter$NaturalComparator
instanceKlass edu/stanford/nlp/stats/AbstractCounter
instanceKlass edu/stanford/nlp/semgraph/semgrex/VariableStrings
instanceKlass edu/stanford/nlp/graph/DirectedMultiGraph$EdgeIterator
instanceKlass edu/stanford/nlp/graph/DirectedMultiGraph$$Lambda$52
instanceKlass edu/stanford/nlp/semgraph/SemanticGraphEdge$SemanticGraphEdgeTargetComparator
instanceKlass edu/stanford/nlp/semgraph/SemanticGraphEdge
instanceKlass edu/stanford/nlp/graph/DirectedMultiGraph
instanceKlass edu/stanford/nlp/graph/Graph
instanceKlass edu/stanford/nlp/util/MapFactory
instanceKlass edu/stanford/nlp/semgraph/SemanticGraphFormatter
instanceKlass edu/stanford/nlp/semgraph/SemanticGraphFactory$1
instanceKlass edu/stanford/nlp/semgraph/SemanticGraphFactory
instanceKlass edu/stanford/nlp/trees/UniversalEnglishGrammaticalStructure$ExtraTreeDepFilter
instanceKlass edu/stanford/nlp/trees/ud/EnhancementOptions
instanceKlass edu/stanford/nlp/trees/GrammaticalStructureFromDependenciesFactory
instanceKlass edu/stanford/nlp/ling/CoreLabel$CoreLabelFactory
instanceKlass edu/stanford/nlp/trees/ConstituentFactory
instanceKlass edu/stanford/nlp/trees/Dependency
instanceKlass edu/stanford/nlp/trees/TypedDependency
instanceKlass java/util/concurrent/locks/ReentrantReadWriteLock$WriteLock
instanceKlass java/util/concurrent/locks/ReentrantReadWriteLock$ReadLock
instanceKlass java/util/concurrent/locks/ReentrantReadWriteLock
instanceKlass edu/stanford/nlp/trees/HasParent
instanceKlass edu/stanford/nlp/trees/GrammaticalRelation
instanceKlass java/util/concurrent/locks/ReadWriteLock
instanceKlass edu/stanford/nlp/trees/UniversalEnglishGrammaticalRelations
instanceKlass edu/stanford/nlp/parser/nndep/DependencyParser$1
instanceKlass edu/stanford/nlp/ling/IndexedWord
instanceKlass edu/stanford/nlp/parser/nndep/DependencyTree
instanceKlass edu/stanford/nlp/parser/nndep/Configuration
instanceKlass edu/stanford/nlp/process/Morpha
instanceKlass edu/stanford/nlp/process/Morphology
instanceKlass edu/stanford/nlp/ling/ValueLabel
instanceKlass edu/stanford/nlp/math/SloppyMath
instanceKlass edu/stanford/nlp/math/ArrayMath
instanceKlass java/util/TreeMap$PrivateEntryIterator
instanceKlass java/util/NavigableSet
instanceKlass java/util/SortedSet
instanceKlass edu/stanford/nlp/process/WordShapeClassifier
instanceKlass edu/stanford/nlp/tagger/maxent/ExtractorFrames
instanceKlass edu/stanford/nlp/sequences/ExactBestSequenceFinder
instanceKlass edu/stanford/nlp/ling/WordTag
instanceKlass edu/stanford/nlp/process/Americanize
instanceKlass edu/stanford/nlp/tagger/maxent/TestSentence
instanceKlass edu/stanford/nlp/ling/CoreAnnotations$SectionEndAnnotation
instanceKlass edu/stanford/nlp/ling/CoreAnnotations$SectionStartAnnotation
instanceKlass edu/stanford/nlp/ling/CoreAnnotations$MentionTokenAnnotation
instanceKlass edu/stanford/nlp/ling/CoreAnnotations$ForcedSentenceUntilEndAnnotation
instanceKlass edu/stanford/nlp/ling/CoreAnnotations$ForcedSentenceEndAnnotation
instanceKlass edu/stanford/nlp/ling/CoreAnnotations$SectionsAnnotation
instanceKlass edu/stanford/nlp/process/LexerUtils
instanceKlass edu/stanford/nlp/process/PTBLexer
instanceKlass sun/nio/ch/IOStatus
instanceKlass java/nio/DirectByteBuffer$Deallocator
instanceKlass sun/nio/ch/Util$BufferCache
instanceKlass sun/nio/ch/Util$2
instanceKlass sun/nio/ch/Util
instanceKlass sun/nio/ch/NativeThread
instanceKlass java/nio/channels/spi/AbstractInterruptibleChannel$1
instanceKlass sun/nio/ch/Interruptible
instanceKlass java/util/concurrent/CopyOnWriteArrayList
instanceKlass java/util/Currency$CurrencyNameGetter
instanceKlass sun/util/locale/provider/LocaleServiceProviderPool$LocalizedObjectGetter
instanceKlass sun/util/locale/provider/SPILocaleProviderAdapter$1
instanceKlass sun/util/locale/provider/LocaleServiceProviderPool
instanceKlass sun/util/locale/LanguageTag
instanceKlass sun/misc/LRUCache
instanceKlass java/nio/channels/Channels
instanceKlass sun/nio/ch/FileDispatcherImpl$1
instanceKlass sun/nio/ch/NativeDispatcher
instanceKlass sun/nio/ch/NativeThreadSet
instanceKlass sun/nio/ch/IOUtil$1
instanceKlass sun/nio/ch/IOUtil
instanceKlass java/nio/file/attribute/FileAttribute
instanceKlass java/nio/channels/spi/AbstractInterruptibleChannel
instanceKlass java/nio/channels/InterruptibleChannel
instanceKlass java/nio/channels/ScatteringByteChannel
instanceKlass java/nio/channels/GatheringByteChannel
instanceKlass java/nio/channels/SeekableByteChannel
instanceKlass java/nio/channels/ByteChannel
instanceKlass java/nio/channels/ReadableByteChannel
instanceKlass java/util/function/ToLongBiFunction
instanceKlass java/util/function/ToIntBiFunction
instanceKlass java/util/function/ToDoubleBiFunction
instanceKlass java/util/function/LongBinaryOperator
instanceKlass java/util/function/ToLongFunction
instanceKlass java/util/function/IntBinaryOperator
instanceKlass java/util/function/ToIntFunction
instanceKlass java/util/function/DoubleBinaryOperator
instanceKlass java/util/function/ToDoubleFunction
instanceKlass edu/stanford/nlp/ie/crf/CRFLabel
instanceKlass java/util/Random
instanceKlass edu/stanford/nlp/util/MaxSizeConcurrentHashSet
instanceKlass edu/stanford/nlp/sequences/Clique$CliqueEqualityWrapper
instanceKlass edu/stanford/nlp/sequences/Clique
instanceKlass edu/stanford/nlp/sequences/FeatureFactory
instanceKlass java/util/Comparator$$Lambda$51
instanceKlass java/lang/invoke/LambdaForm$BMH
instanceKlass java/lang/invoke/LambdaForm$MH
instanceKlass java/lang/invoke/LambdaForm$DMH
instanceKlass java/lang/invoke/LambdaForm$BMH
instanceKlass java/lang/invoke/LambdaForm$BMH
instanceKlass edu/stanford/nlp/ling/CoreLabel$$Lambda$50
instanceKlass edu/stanford/nlp/util/ArrayCoreMap$$Lambda$49
instanceKlass java/lang/invoke/LambdaForm$DMH
instanceKlass edu/stanford/nlp/util/ArrayCoreMap
instanceKlass edu/stanford/nlp/ling/HasCategory
instanceKlass edu/stanford/nlp/ling/AbstractCoreLabel
instanceKlass edu/stanford/nlp/ling/AbstractToken
instanceKlass edu/stanford/nlp/ling/HasContext
instanceKlass edu/stanford/nlp/ling/HasOriginalText
instanceKlass edu/stanford/nlp/ling/HasOffset
instanceKlass edu/stanford/nlp/ling/HasNER
instanceKlass edu/stanford/nlp/ling/HasLemma
instanceKlass edu/stanford/nlp/ling/HasTag
instanceKlass edu/stanford/nlp/ling/HasIndex
instanceKlass edu/stanford/nlp/ling/HasWord
instanceKlass edu/stanford/nlp/sequences/SeqClassifierFlags
instanceKlass edu/stanford/nlp/ie/crf/HasCliquePotentialFunction
instanceKlass edu/stanford/nlp/ie/crf/CliquePotentialFunction
instanceKlass edu/stanford/nlp/sequences/SequenceListener
instanceKlass edu/stanford/nlp/sequences/BestSequenceFinder
instanceKlass edu/stanford/nlp/sequences/SequenceModel
instanceKlass edu/stanford/nlp/optimization/Minimizer
instanceKlass edu/stanford/nlp/optimization/Function
instanceKlass edu/stanford/nlp/objectbank/ObjectBank
instanceKlass edu/stanford/nlp/objectbank/ReaderIteratorFactory
instanceKlass edu/stanford/nlp/stats/Sampler
instanceKlass edu/stanford/nlp/ie/AbstractSequenceClassifier
instanceKlass edu/stanford/nlp/naturalli/NaturalLogicAnnotations$EntailedSentencesAnnotation
instanceKlass edu/stanford/nlp/naturalli/NaturalLogicAnnotations$RelationTriplesAnnotation
instanceKlass edu/stanford/nlp/util/Quadruple
instanceKlass edu/stanford/nlp/naturalli/ClauseSplitter$$Lambda$48
instanceKlass edu/stanford/nlp/semgraph/SemanticGraph
instanceKlass edu/stanford/nlp/util/Triple
instanceKlass edu/stanford/nlp/naturalli/ClauseSplitterSearchProblem
instanceKlass edu/stanford/nlp/naturalli/ClauseSplitterSearchProblem$8
instanceKlass edu/stanford/nlp/naturalli/ClauseSplitterSearchProblem$Featurizer
instanceKlass java/util/concurrent/locks/AbstractQueuedSynchronizer$ConditionObject
instanceKlass java/util/concurrent/locks/Condition
instanceKlass java/util/function/UnaryOperator
instanceKlass edu/stanford/nlp/classify/AbstractLinearClassifierFactory
instanceKlass edu/stanford/nlp/classify/ClassifierFactory
instanceKlass edu/stanford/nlp/ling/RVFDatum
instanceKlass edu/stanford/nlp/util/PriorityQueue
instanceKlass edu/stanford/nlp/classify/LinearClassifier
instanceKlass edu/stanford/nlp/classify/RVFClassifier
instanceKlass edu/stanford/nlp/classify/ProbabilisticClassifier
instanceKlass edu/stanford/nlp/ling/Datum
instanceKlass edu/stanford/nlp/ling/Labeled
instanceKlass edu/stanford/nlp/ling/Featurizable
instanceKlass edu/stanford/nlp/classify/Classifier
instanceKlass edu/stanford/nlp/classify/GeneralDataset
instanceKlass edu/stanford/nlp/naturalli/ClauseSplitter
instanceKlass java/util/Collections$EmptyEnumeration
instanceKlass edu/stanford/nlp/naturalli/RelationTripleSegmenter
instanceKlass edu/stanford/nlp/naturalli/ForwardEntailer
instanceKlass edu/stanford/nlp/naturalli/NaturalLogicWeights
instanceKlass edu/stanford/nlp/naturalli/OpenIE
instanceKlass edu/stanford/nlp/naturalli/NaturalLogicAnnotations$OperatorAnnotation
instanceKlass edu/stanford/nlp/naturalli/NaturalLogicAnnotations$PolarityAnnotation
instanceKlass java/lang/annotation/Target
instanceKlass java/lang/reflect/WeakCache$Value
instanceKlass sun/misc/ProxyGenerator$ExceptionTableEntry
instanceKlass sun/misc/ProxyGenerator$PrimitiveTypeInfo
instanceKlass sun/misc/ProxyGenerator$FieldInfo
instanceKlass sun/misc/ProxyGenerator$ConstantPool$Entry
instanceKlass sun/misc/ProxyGenerator$MethodInfo
instanceKlass sun/misc/ProxyGenerator$ProxyMethod
instanceKlass sun/misc/ProxyGenerator$ConstantPool
instanceKlass sun/misc/ProxyGenerator
instanceKlass java/lang/reflect/WeakCache$Factory
instanceKlass sun/reflect/annotation/AnnotationInvocationHandler
instanceKlass sun/reflect/annotation/AnnotationParser$1
instanceKlass java/lang/annotation/Documented
instanceKlass java/lang/annotation/Inherited
instanceKlass java/lang/annotation/Retention
instanceKlass sun/reflect/annotation/ExceptionProxy
instanceKlass sun/reflect/annotation/AnnotationType$1
instanceKlass java/lang/reflect/GenericArrayType
instanceKlass sun/reflect/generics/visitor/Reifier
instanceKlass sun/reflect/generics/visitor/TypeTreeVisitor
instanceKlass sun/reflect/generics/factory/CoreReflectionFactory
instanceKlass sun/reflect/generics/factory/GenericsFactory
instanceKlass sun/reflect/generics/scope/AbstractScope
instanceKlass sun/reflect/generics/scope/Scope
instanceKlass sun/reflect/generics/tree/ClassTypeSignature
instanceKlass sun/reflect/generics/tree/SimpleClassTypeSignature
instanceKlass sun/reflect/generics/tree/FieldTypeSignature
instanceKlass sun/reflect/generics/tree/BaseType
instanceKlass sun/reflect/generics/tree/TypeSignature
instanceKlass sun/reflect/generics/tree/ReturnType
instanceKlass sun/reflect/generics/tree/TypeArgument
instanceKlass sun/reflect/generics/tree/TypeTree
instanceKlass sun/reflect/generics/tree/Tree
instanceKlass sun/reflect/generics/parser/SignatureParser
instanceKlass sun/reflect/annotation/AnnotationParser
instanceKlass edu/stanford/nlp/util/ArgumentParser$Option
instanceKlass java/util/stream/Sink$ChainedReference
instanceKlass java/util/stream/Nodes$ArrayNode
instanceKlass java/util/stream/Node$Builder
instanceKlass java/util/stream/Sink
instanceKlass java/util/stream/Node$OfDouble
instanceKlass java/util/stream/Node$OfLong
instanceKlass java/util/stream/Node$OfInt
instanceKlass java/util/stream/Node$OfPrimitive
instanceKlass java/util/stream/Nodes$EmptyNode
instanceKlass java/util/stream/Node
instanceKlass java/util/stream/Nodes
instanceKlass edu/stanford/nlp/util/ArgumentParser$$Lambda$47
instanceKlass java/util/function/IntFunction
instanceKlass java/lang/invoke/LambdaForm$DMH
instanceKlass edu/stanford/nlp/util/ArgumentParser$$Lambda$46
instanceKlass java/util/EnumMap$1
instanceKlass java/util/stream/StreamOpFlag$MaskBuilder
instanceKlass java/util/stream/PipelineHelper
instanceKlass java/util/stream/Stream
instanceKlass java/util/stream/BaseStream
instanceKlass java/util/stream/StreamSupport
instanceKlass java/util/Spliterators$ArraySpliterator
instanceKlass java/util/Spliterator$OfDouble
instanceKlass java/util/Spliterator$OfLong
instanceKlass java/util/Spliterator$OfInt
instanceKlass java/util/Spliterator$OfPrimitive
instanceKlass java/util/Spliterators$EmptySpliterator
instanceKlass java/util/Spliterators
instanceKlass java/net/InetAddress$CacheEntry
instanceKlass sun/net/InetAddressCachePolicy$2
instanceKlass sun/net/InetAddressCachePolicy$1
instanceKlass sun/net/InetAddressCachePolicy
instanceKlass java/net/Inet4AddressImpl
instanceKlass edu/stanford/nlp/util/ArgumentParser
instanceKlass edu/stanford/nlp/ling/tokensregex/EnvLookup
instanceKlass java/util/AbstractMap$1$1
instanceKlass edu/stanford/nlp/ling/tokensregex/CoreMapNodePattern$$Lambda$45
instanceKlass edu/stanford/nlp/ling/tokensregex/CoreMapNodePattern$1
instanceKlass edu/stanford/nlp/ling/tokensregex/CoreMapNodePattern$AttributesEqualMatchChecker
instanceKlass edu/stanford/nlp/util/ArrayMap$Entry
instanceKlass edu/stanford/nlp/ling/tokensregex/parser/Token
instanceKlass edu/stanford/nlp/ling/tokensregex/parser/TokenSequenceParserTokenManager
instanceKlass edu/stanford/nlp/ling/tokensregex/parser/SimpleCharStream
instanceKlass edu/stanford/nlp/ling/tokensregex/types/Tags$TagsAnnotation
instanceKlass edu/stanford/nlp/ling/tokensregex/types/Tags
instanceKlass edu/stanford/nlp/ling/tokensregex/types/Expressions$TypedExpression
instanceKlass edu/stanford/nlp/ling/tokensregex/types/Expressions
instanceKlass edu/stanford/nlp/ling/tokensregex/parser/TokenSequenceParser$JJCalls
instanceKlass edu/stanford/nlp/ling/tokensregex/SequenceMatchAction
instanceKlass edu/stanford/nlp/ling/tokensregex/MultiNodePattern
instanceKlass edu/stanford/nlp/ling/tokensregex/types/AssignableExpression
instanceKlass edu/stanford/nlp/ling/tokensregex/types/Value
instanceKlass edu/stanford/nlp/ling/tokensregex/types/Expression
instanceKlass edu/stanford/nlp/ling/tokensregex/SequenceMatchRules$Rule
instanceKlass edu/stanford/nlp/ling/tokensregex/parser/TokenSequenceParser
instanceKlass edu/stanford/nlp/ling/tokensregex/parser/TokenSequenceParserConstants
instanceKlass edu/stanford/nlp/ling/tokensregex/Env
instanceKlass edu/stanford/nlp/ling/tokensregex/SequencePattern$VarGroupBindings
instanceKlass edu/stanford/nlp/ling/tokensregex/SequencePattern$Frag
instanceKlass edu/stanford/nlp/ling/tokensregex/NodePattern
instanceKlass edu/stanford/nlp/ling/tokensregex/SequencePattern$1
instanceKlass edu/stanford/nlp/ling/tokensregex/MultiPatternMatcher$SequencePatternTrigger
instanceKlass edu/stanford/nlp/ling/tokensregex/MultiPatternMatcher$NodePatternTrigger
instanceKlass edu/stanford/nlp/ling/tokensregex/SequencePattern$Parser
instanceKlass edu/stanford/nlp/ling/tokensregex/BasicSequenceMatchResult
instanceKlass edu/stanford/nlp/ling/tokensregex/SequenceMatchResult
instanceKlass edu/stanford/nlp/util/HasInterval
instanceKlass edu/stanford/nlp/ling/tokensregex/SequencePattern$State
instanceKlass edu/stanford/nlp/util/Factory
instanceKlass edu/stanford/nlp/ling/tokensregex/SequencePattern$NodesMatchChecker
instanceKlass edu/stanford/nlp/ling/tokensregex/SequencePattern$PatternExpr
instanceKlass java/lang/invoke/LambdaForm$MH
instanceKlass edu/stanford/nlp/semgraph/semgrex/SemgrexPattern$$Lambda$44
instanceKlass edu/stanford/nlp/util/RegexStringFilter
instanceKlass edu/stanford/nlp/semgraph/semgrex/SemgrexMatcher
instanceKlass edu/stanford/nlp/util/Filters$CategoricalFilter
instanceKlass edu/stanford/nlp/semgraph/semgrex/GraphRelation
instanceKlass edu/stanford/nlp/semgraph/semgrex/Token
instanceKlass edu/stanford/nlp/semgraph/semgrex/SemgrexParserTokenManager
instanceKlass edu/stanford/nlp/semgraph/semgrex/SimpleCharStream
instanceKlass edu/stanford/nlp/semgraph/semgrex/SemgrexParser
instanceKlass edu/stanford/nlp/semgraph/semgrex/SemgrexParserConstants
instanceKlass edu/stanford/nlp/semgraph/semgrex/Env
instanceKlass edu/stanford/nlp/semgraph/semgrex/SemgrexPattern
instanceKlass java/util/TimSort
instanceKlass edu/stanford/nlp/naturalli/Operator$2$$Lambda$43
instanceKlass java/lang/invoke/LambdaForm$DMH
instanceKlass edu/stanford/nlp/semgraph/SemanticGraphCoreAnnotations$EnhancedPlusPlusDependenciesAnnotation
instanceKlass edu/stanford/nlp/semgraph/SemanticGraphCoreAnnotations$EnhancedDependenciesAnnotation
instanceKlass edu/stanford/nlp/semgraph/SemanticGraphCoreAnnotations$CollapsedCCProcessedDependenciesAnnotation
instanceKlass edu/stanford/nlp/semgraph/SemanticGraphCoreAnnotations$CollapsedDependenciesAnnotation
instanceKlass edu/stanford/nlp/semgraph/SemanticGraphCoreAnnotations$BasicDependenciesAnnotation
instanceKlass java/util/Calendar
instanceKlass java/util/Date
instanceKlass edu/stanford/nlp/parser/nndep/Classifier
instanceKlass java/util/Vector$1
instanceKlass java/util/zip/CRC32
instanceKlass java/util/zip/Checksum
instanceKlass edu/stanford/nlp/parser/lexparser/SpanishTreebankParserParams$MarkPrefixFunction
instanceKlass java/util/Formattable
instanceKlass java/util/Formatter$Conversion
instanceKlass java/util/Formatter$Flags
instanceKlass java/util/Formatter$FormatSpecifier
instanceKlass java/util/Formatter$FixedString
instanceKlass java/util/Formatter$FormatString
instanceKlass java/util/Locale$1
instanceKlass java/util/Formatter
instanceKlass edu/stanford/nlp/parser/lexparser/SpanishTreebankParserParams$MarkConjTypeFunction
instanceKlass edu/stanford/nlp/parser/lexparser/TregexPoweredTreebankParserParams$AnnotateHeadFunction
instanceKlass edu/stanford/nlp/util/ArrayUtils
instanceKlass edu/stanford/nlp/parser/lexparser/FrenchTreebankParserParams$AddPOSSequenceFunction
instanceKlass edu/stanford/nlp/parser/lexparser/FrenchTreebankParserParams$AnnotatePunctuationFunction
instanceKlass edu/stanford/nlp/parser/lexparser/FrenchTreebankParserParams$AddRelativeNodeFunction
instanceKlass edu/stanford/nlp/parser/lexparser/TregexPoweredTreebankParserParams$SimpleStringFunction
instanceKlass edu/stanford/nlp/util/CollectionUtils
instanceKlass java/io/FileFilter
instanceKlass edu/stanford/nlp/parser/lexparser/ArabicTreebankParserParams$AddEquivalencedNodeFunctionVar
instanceKlass edu/stanford/nlp/parser/lexparser/ArabicTreebankParserParams$AddEquivalencedNodeFunction
instanceKlass edu/stanford/nlp/parser/lexparser/ArabicTreebankParserParams$AddRelativeNodeRegexFunction
instanceKlass edu/stanford/nlp/parser/lexparser/AbstractTreebankParserParams$AnnotatePunctuationFunction
instanceKlass edu/stanford/nlp/parser/lexparser/ArabicTreebankParserParams$AddEquivalencedConjNode
instanceKlass edu/stanford/nlp/parser/lexparser/ArabicTreebankParserParams$AnnotatePunctuationFunction2
instanceKlass edu/stanford/nlp/parser/lexparser/ArabicTreebankParserParams$AddRelativeNodeFunction
instanceKlass edu/stanford/nlp/util/Interner
instanceKlass edu/stanford/nlp/parser/lexparser/ArabicTreebankParserParams$SimpleStringFunction
instanceKlass edu/stanford/nlp/process/SerializableFunction
instanceKlass edu/stanford/nlp/international/arabic/process/ArabicTokenizer$ArabicTokenizerFactory
instanceKlass edu/stanford/nlp/international/morph/MorphoFeatures
instanceKlass edu/stanford/nlp/international/morph/MorphoFeatureSpecification
instanceKlass edu/stanford/nlp/parser/lexparser/EnglishTreebankParserParams$EnglishTest
instanceKlass edu/stanford/nlp/parser/lexparser/EnglishTreebankParserParams$EnglishTrain
instanceKlass edu/stanford/nlp/ling/CategoryWordTagFactory
instanceKlass edu/stanford/nlp/trees/SimpleTreeFactory
instanceKlass edu/stanford/nlp/trees/TreeNormalizer
instanceKlass edu/stanford/nlp/parser/lexparser/Extractor
instanceKlass edu/stanford/nlp/trees/TreeTransformer
instanceKlass edu/stanford/nlp/trees/DependencyTyper
instanceKlass edu/stanford/nlp/parser/lexparser/Lexicon
instanceKlass edu/stanford/nlp/parser/lexparser/AbstractTreebankParserParams
instanceKlass edu/stanford/nlp/parser/lexparser/TreebankLangParserParams
instanceKlass edu/stanford/nlp/trees/TreebankFactory
instanceKlass edu/stanford/nlp/parser/nndep/Config
instanceKlass edu/stanford/nlp/stats/Counter
instanceKlass edu/stanford/nlp/parser/nndep/ParsingSystem
instanceKlass edu/stanford/nlp/parser/nndep/DependencyParser
instanceKlass edu/stanford/nlp/pipeline/SentenceAnnotator
instanceKlass edu/stanford/nlp/pipeline/MorphaAnnotator
instanceKlass java/text/AttributedCharacterIterator$Attribute
instanceKlass java/text/DigitList$1
instanceKlass java/text/DontCareFieldPosition$1
instanceKlass java/text/Format$FieldDelegate
instanceKlass edu/stanford/nlp/tagger/maxent/FeatureKey
instanceKlass edu/stanford/nlp/tagger/maxent/AmbiguityClass
instanceKlass edu/stanford/nlp/tagger/maxent/Distsim
instanceKlass java/util/Spliterator
instanceKlass edu/stanford/nlp/tagger/maxent/PairsHolder
instanceKlass java/io/ObjectStreamClass$ExceptionInfo
instanceKlass edu/stanford/nlp/tagger/maxent/History
instanceKlass edu/stanford/nlp/tagger/maxent/Extractor
instanceKlass edu/stanford/nlp/tagger/maxent/Extractors
instanceKlass edu/stanford/nlp/tagger/maxent/TagCount
instanceKlass edu/stanford/nlp/tagger/maxent/AmbiguityClasses
instanceKlass edu/stanford/nlp/tagger/maxent/TTags
instanceKlass edu/stanford/nlp/process/AmericanizeFunction
instanceKlass edu/stanford/nlp/util/ReflectionLoading
instanceKlass java/lang/Class$4
instanceKlass java/io/SerialCallbackContext
instanceKlass java/io/ObjectStreamClass$ClassDataSlot
instanceKlass java/io/ObjectStreamClass$FieldReflector
instanceKlass java/util/function/BiConsumer
instanceKlass java/io/ObjectOutput
instanceKlass java/util/ComparableTimSort
instanceKlass java/util/Arrays$LegacyMergeSort
instanceKlass java/io/ObjectStreamClass$3
instanceKlass java/io/Externalizable
instanceKlass java/lang/reflect/Proxy$ProxyClassFactory
instanceKlass java/lang/reflect/Proxy$KeyFactory
instanceKlass java/lang/reflect/WeakCache
instanceKlass java/lang/reflect/InvocationHandler
instanceKlass java/lang/reflect/Proxy
instanceKlass java/io/ObjectStreamClass$EntryFuture
instanceKlass java/io/ObjectStreamClass$Caches
instanceKlass java/io/ObjectStreamClass$1
instanceKlass java/io/ObjectStreamClass
instanceKlass java/io/Bits
instanceKlass java/security/Security$1
instanceKlass java/security/Security
instanceKlass sun/misc/ObjectInputFilter$Config$$Lambda$42
instanceKlass java/lang/invoke/LambdaForm$DMH
instanceKlass sun/misc/ObjectInputFilter
instanceKlass sun/misc/ObjectInputFilter$Config
instanceKlass java/io/ObjectInputStream$ValidationList
instanceKlass java/io/ObjectInputStream$HandleTable$HandleList
instanceKlass java/io/ObjectInputStream$HandleTable
instanceKlass java/io/ObjectInputStream$$Lambda$41
instanceKlass sun/misc/JavaObjectInputStreamAccess
instanceKlass sun/misc/ObjectStreamClassValidator
instanceKlass java/io/ObjectInputStream$1
instanceKlass sun/misc/JavaOISAccess
instanceKlass java/io/ObjectStreamConstants
instanceKlass java/io/ObjectInput
instanceKlass sun/misc/FDBigInteger
instanceKlass sun/net/www/protocol/jar/JarFileFactory
instanceKlass sun/net/www/protocol/jar/URLJarFile$URLJarFileCloseController
instanceKlass java/nio/channels/WritableByteChannel
instanceKlass java/nio/channels/Channel
instanceKlass edu/stanford/nlp/io/IOUtils
instanceKlass edu/stanford/nlp/tagger/maxent/Dictionary
instanceKlass java/util/TreeMap$Entry
instanceKlass java/lang/ProcessEnvironment$CheckedEntry
instanceKlass java/lang/ProcessEnvironment$CheckedEntrySet$1
instanceKlass java/util/NavigableMap
instanceKlass java/util/SortedMap
instanceKlass java/lang/ProcessEnvironment$EntryComparator
instanceKlass java/lang/ProcessEnvironment$NameComparator
instanceKlass edu/stanford/nlp/util/DataFilePaths
instanceKlass edu/stanford/nlp/maxent/Experiments
instanceKlass edu/stanford/nlp/maxent/Features
instanceKlass org/xml/sax/helpers/DefaultHandler
instanceKlass org/xml/sax/ErrorHandler
instanceKlass org/xml/sax/ContentHandler
instanceKlass org/xml/sax/DTDHandler
instanceKlass org/xml/sax/EntityResolver
instanceKlass java/io/DataOutput
instanceKlass edu/stanford/nlp/maxent/iis/LambdaSolve
instanceKlass edu/stanford/nlp/tagger/common/Tagger
instanceKlass edu/stanford/nlp/util/concurrent/ThreadsafeProcessor
instanceKlass edu/stanford/nlp/pipeline/POSTaggerAnnotator
instanceKlass edu/stanford/nlp/ling/CoreAnnotations$SentencesAnnotation
instanceKlass java/util/regex/Pattern$CharPropertyNames$CharPropertyFactory
instanceKlass java/util/regex/Pattern$CharPropertyNames
instanceKlass edu/stanford/nlp/ling/tokensregex/SequencePattern
instanceKlass edu/stanford/nlp/pipeline/WordsToSentencesAnnotator
instanceKlass edu/stanford/nlp/ling/CoreAnnotations$IsNewlineAnnotation
instanceKlass edu/stanford/nlp/ling/CoreAnnotations$PositionAnnotation
instanceKlass edu/stanford/nlp/ling/CoreAnnotations$TokenEndAnnotation
instanceKlass edu/stanford/nlp/ling/CoreAnnotations$TokenBeginAnnotation
instanceKlass edu/stanford/nlp/ling/CoreAnnotations$TokensAnnotation
instanceKlass java/util/Collections$EmptyIterator
instanceKlass edu/stanford/nlp/process/PTBTokenizer$PTBTokenizerFactory
instanceKlass edu/stanford/nlp/util/CoreMap
instanceKlass edu/stanford/nlp/util/TypesafeMap
instanceKlass edu/stanford/nlp/process/CoreLabelTokenFactory
instanceKlass edu/stanford/nlp/process/CoreTokenFactory
instanceKlass edu/stanford/nlp/pipeline/TokenizerAnnotator$1
instanceKlass java/util/Collections$UnmodifiableMap
instanceKlass edu/stanford/nlp/process/AbstractTokenizer
instanceKlass edu/stanford/nlp/process/Tokenizer
instanceKlass edu/stanford/nlp/process/WordToSentenceProcessor
instanceKlass edu/stanford/nlp/process/ListProcessor
instanceKlass edu/stanford/nlp/process/LexedTokenFactory
instanceKlass edu/stanford/nlp/pipeline/TokenizerAnnotator
instanceKlass edu/stanford/nlp/util/logging/SLF4JHandler$1
instanceKlass java/net/URLClassLoader$2
instanceKlass org/slf4j/impl/SimpleLogger$1
instanceKlass java/util/concurrent/ConcurrentHashMap$Traverser
instanceKlass org/slf4j/helpers/NamedLoggerBase
instanceKlass org/slf4j/impl/SimpleLoggerFactory
instanceKlass org/slf4j/impl/StaticLoggerBinder
instanceKlass org/slf4j/spi/LoggerFactoryBinder
instanceKlass edu/stanford/nlp/util/Pair
instanceKlass edu/stanford/nlp/util/logging/PrettyLoggable
instanceKlass java/util/Collections$1
instanceKlass edu/stanford/nlp/util/logging/Redwood$1
instanceKlass edu/stanford/nlp/util/logging/Redwood$Record
instanceKlass edu/stanford/nlp/util/logging/Redwood$Util
instanceKlass java/util/concurrent/Semaphore
instanceKlass edu/stanford/nlp/pipeline/AnnotatorPool$$Lambda$40
instanceKlass java/util/function/Consumer
instanceKlass java/lang/invoke/LambdaForm$DMH
instanceKlass edu/stanford/nlp/pipeline/AnnotatorPool$$Lambda$39
instanceKlass java/util/Optional
instanceKlass edu/stanford/nlp/pipeline/AnnotatorPool$CachedAnnotator
instanceKlass edu/stanford/nlp/pipeline/StanfordCoreNLP$$Lambda$38
instanceKlass java/util/function/Supplier
instanceKlass java/lang/invoke/LambdaForm$MH
instanceKlass edu/stanford/nlp/pipeline/StanfordCoreNLP$$Lambda$37
instanceKlass edu/stanford/nlp/util/Lazy
instanceKlass edu/stanford/nlp/pipeline/StanfordCoreNLP$AnnotatorSignature
instanceKlass edu/stanford/nlp/pipeline/StanfordCoreNLP$$Lambda$36
instanceKlass edu/stanford/nlp/pipeline/StanfordCoreNLP$$Lambda$35
instanceKlass edu/stanford/nlp/pipeline/StanfordCoreNLP$$Lambda$34
instanceKlass edu/stanford/nlp/pipeline/StanfordCoreNLP$$Lambda$33
instanceKlass edu/stanford/nlp/pipeline/StanfordCoreNLP$$Lambda$32
instanceKlass edu/stanford/nlp/pipeline/StanfordCoreNLP$$Lambda$31
instanceKlass edu/stanford/nlp/pipeline/StanfordCoreNLP$$Lambda$30
instanceKlass edu/stanford/nlp/pipeline/StanfordCoreNLP$$Lambda$29
instanceKlass edu/stanford/nlp/pipeline/StanfordCoreNLP$$Lambda$28
instanceKlass edu/stanford/nlp/pipeline/StanfordCoreNLP$$Lambda$27
instanceKlass edu/stanford/nlp/pipeline/StanfordCoreNLP$$Lambda$26
instanceKlass edu/stanford/nlp/pipeline/StanfordCoreNLP$$Lambda$25
instanceKlass edu/stanford/nlp/pipeline/StanfordCoreNLP$$Lambda$24
instanceKlass edu/stanford/nlp/pipeline/StanfordCoreNLP$$Lambda$23
instanceKlass edu/stanford/nlp/pipeline/StanfordCoreNLP$$Lambda$22
instanceKlass edu/stanford/nlp/pipeline/StanfordCoreNLP$$Lambda$21
instanceKlass edu/stanford/nlp/pipeline/StanfordCoreNLP$$Lambda$20
instanceKlass edu/stanford/nlp/pipeline/StanfordCoreNLP$$Lambda$19
instanceKlass edu/stanford/nlp/pipeline/StanfordCoreNLP$$Lambda$18
instanceKlass edu/stanford/nlp/pipeline/StanfordCoreNLP$$Lambda$17
instanceKlass edu/stanford/nlp/pipeline/StanfordCoreNLP$$Lambda$16
instanceKlass edu/stanford/nlp/pipeline/StanfordCoreNLP$$Lambda$15
instanceKlass edu/stanford/nlp/pipeline/StanfordCoreNLP$$Lambda$14
instanceKlass edu/stanford/nlp/pipeline/StanfordCoreNLP$$Lambda$13
instanceKlass edu/stanford/nlp/pipeline/StanfordCoreNLP$$Lambda$12
instanceKlass edu/stanford/nlp/pipeline/StanfordCoreNLP$$Lambda$11
instanceKlass java/util/function/BiFunction
instanceKlass edu/stanford/nlp/pipeline/AnnotatorPool
instanceKlass edu/stanford/nlp/pipeline/AnnotatorImplementations
instanceKlass java/text/DigitList
instanceKlass java/io/DataInput
instanceKlass java/util/Currency$1
instanceKlass java/util/Currency
instanceKlass java/util/concurrent/atomic/AtomicMarkableReference$Pair
instanceKlass java/util/concurrent/atomic/AtomicMarkableReference
instanceKlass java/util/ResourceBundle$CacheKeyReference
instanceKlass java/util/ResourceBundle$CacheKey
instanceKlass java/util/ResourceBundle$RBClassLoader$1
instanceKlass java/net/URLClassLoader$3$1
instanceKlass sun/misc/CompoundEnumeration
instanceKlass java/net/URLClassLoader$3
instanceKlass sun/misc/URLClassPath$1
instanceKlass java/lang/ClassLoader$2
instanceKlass sun/misc/URLClassPath$2
instanceKlass sun/misc/Launcher$BootClassPathHolder$1
instanceKlass sun/misc/Launcher$BootClassPathHolder
instanceKlass java/util/LinkedHashMap$LinkedHashIterator
instanceKlass java/util/ServiceLoader$1
instanceKlass java/util/ServiceLoader$LazyIterator
instanceKlass java/util/ServiceLoader
instanceKlass java/util/spi/ResourceBundleControlProvider
instanceKlass java/util/ResourceBundle
instanceKlass java/util/ResourceBundle$Control
instanceKlass sun/util/resources/LocaleData$1
instanceKlass sun/util/resources/LocaleData
instanceKlass sun/util/locale/provider/LocaleResources
instanceKlass sun/util/locale/provider/JRELocaleProviderAdapter$1
instanceKlass sun/util/locale/provider/LocaleDataMetaInfo
instanceKlass sun/util/locale/provider/AvailableLanguageTags
instanceKlass sun/util/locale/provider/LocaleProviderAdapter$1
instanceKlass sun/util/locale/provider/ResourceBundleBasedAdapter
instanceKlass sun/util/locale/provider/LocaleProviderAdapter
instanceKlass java/util/spi/LocaleServiceProvider
instanceKlass java/text/DecimalFormatSymbols
instanceKlass java/text/FieldPosition
instanceKlass java/text/Format
instanceKlass edu/stanford/nlp/util/Timing
instanceKlass edu/stanford/nlp/util/PropertiesUtils
instanceKlass edu/stanford/nlp/ling/CoreAnnotations$CoNLLDepParentIndexAnnotation
instanceKlass edu/stanford/nlp/ling/CoreAnnotations$CoNLLDepTypeAnnotation
instanceKlass edu/stanford/nlp/ling/CoreAnnotations$WebAnnotation
instanceKlass edu/stanford/nlp/ling/CoreAnnotations$FreqAnnotation
instanceKlass edu/stanford/nlp/ling/CoreAnnotations$AbstrAnnotation
instanceKlass edu/stanford/nlp/ling/CoreAnnotations$AbbrAnnotation
instanceKlass edu/stanford/nlp/ling/CoreAnnotations$GazAnnotation
instanceKlass edu/stanford/nlp/ling/CoreAnnotations$GovernorAnnotation
instanceKlass edu/stanford/nlp/ling/CoreAnnotations$HeadWordStringAnnotation
instanceKlass edu/stanford/nlp/ling/CoreAnnotations$StackedNamedEntityTagAnnotation
instanceKlass edu/stanford/nlp/ling/CoreAnnotations$SectionDateAnnotation
instanceKlass edu/stanford/nlp/ling/CoreAnnotations$SectionIDAnnotation
instanceKlass edu/stanford/nlp/ling/CoreAnnotations$SectionAnnotation
instanceKlass edu/stanford/nlp/ling/CoreAnnotations$AuthorAnnotation
instanceKlass edu/stanford/nlp/ling/CoreAnnotations$SpeakerAnnotation
instanceKlass edu/stanford/nlp/ling/CoreAnnotations$LinkAnnotation
instanceKlass edu/stanford/nlp/ling/CoreAnnotations$DocSourceTypeAnnotation
instanceKlass edu/stanford/nlp/ling/CoreAnnotations$DocDateAnnotation
instanceKlass edu/stanford/nlp/ling/CoreAnnotations$DocTypeAnnotation
instanceKlass edu/stanford/nlp/ling/CoreAnnotations$DocTitleAnnotation
instanceKlass edu/stanford/nlp/ling/CoreAnnotations$ProtoAnnotation
instanceKlass edu/stanford/nlp/ling/CoreAnnotations$WordnetSynAnnotation
instanceKlass edu/stanford/nlp/ling/CoreAnnotations$MorphoCaseAnnotation
instanceKlass edu/stanford/nlp/ling/CoreAnnotations$MorphoGenAnnotation
instanceKlass edu/stanford/nlp/ling/CoreAnnotations$MorphoPersAnnotation
instanceKlass edu/stanford/nlp/ling/CoreAnnotations$MorphoNumAnnotation
instanceKlass edu/stanford/nlp/ling/CoreAnnotations$NormalizedNamedEntityTagAnnotation
instanceKlass edu/stanford/nlp/ling/CoreAnnotations$ChunkAnnotation
instanceKlass edu/stanford/nlp/ling/CoreAnnotations$IDFAnnotation
instanceKlass edu/stanford/nlp/ling/CoreAnnotations$SentenceIndexAnnotation
instanceKlass edu/stanford/nlp/ling/CoreAnnotations$DocIDAnnotation
instanceKlass edu/stanford/nlp/ling/CoreAnnotations$CharacterOffsetEndAnnotation
instanceKlass edu/stanford/nlp/ling/CoreAnnotations$CharacterOffsetBeginAnnotation
instanceKlass edu/stanford/nlp/ling/CoreAnnotations$ChineseSegAnnotation
instanceKlass edu/stanford/nlp/ling/CoreAnnotations$ChineseOrigSegAnnotation
instanceKlass edu/stanford/nlp/ling/CoreAnnotations$ChineseCharAnnotation
instanceKlass edu/stanford/nlp/ling/CoreAnnotations$PolarityAnnotation
instanceKlass edu/stanford/nlp/ling/CoreAnnotations$StemAnnotation
instanceKlass edu/stanford/nlp/ling/CoreAnnotations$GazetteerAnnotation
instanceKlass edu/stanford/nlp/ling/CoreAnnotations$RoleAnnotation
instanceKlass edu/stanford/nlp/ling/CoreAnnotations$InterpretationAnnotation
instanceKlass edu/stanford/nlp/ling/CoreAnnotations$FeaturesAnnotation
instanceKlass edu/stanford/nlp/ling/CoreAnnotations$GoldAnswerAnnotation
instanceKlass edu/stanford/nlp/ling/CoreAnnotations$AnswerAnnotation
instanceKlass edu/stanford/nlp/ling/CoreAnnotations$OriginalTextAnnotation
instanceKlass edu/stanford/nlp/ling/CoreAnnotations$AfterAnnotation
instanceKlass edu/stanford/nlp/ling/CoreAnnotations$BeforeAnnotation
instanceKlass edu/stanford/nlp/ling/CoreAnnotations$SpanAnnotation
instanceKlass edu/stanford/nlp/ling/CoreAnnotations$ParentAnnotation
instanceKlass edu/stanford/nlp/ling/CoreAnnotations$LeftTermAnnotation
instanceKlass edu/stanford/nlp/ling/CoreAnnotations$ShapeAnnotation
instanceKlass edu/stanford/nlp/ling/CoreAnnotations$NamedEntityTagAnnotation
instanceKlass edu/stanford/nlp/ling/CoreAnnotations$CategoryFunctionalTagAnnotation
instanceKlass edu/stanford/nlp/ling/CoreAnnotations$VerbSenseAnnotation
instanceKlass edu/stanford/nlp/ling/CoreAnnotations$SemanticHeadTagAnnotation
instanceKlass edu/stanford/nlp/ling/CoreAnnotations$SemanticHeadWordAnnotation
instanceKlass edu/stanford/nlp/ling/CoreAnnotations$MarkingAnnotation
instanceKlass edu/stanford/nlp/ling/CoreAnnotations$ArgumentAnnotation
instanceKlass edu/stanford/nlp/ling/CoreAnnotations$IndexAnnotation
instanceKlass edu/stanford/nlp/ling/CoreAnnotations$CategoryAnnotation
instanceKlass edu/stanford/nlp/ling/CoreAnnotations$LemmaAnnotation
instanceKlass edu/stanford/nlp/ling/CoreAnnotations$TextAnnotation
instanceKlass edu/stanford/nlp/ling/CoreAnnotations$PartOfSpeechAnnotation
instanceKlass edu/stanford/nlp/ling/CoreAnnotations$ValueAnnotation
instanceKlass edu/stanford/nlp/ling/CoreAnnotation
instanceKlass edu/stanford/nlp/util/TypesafeMap$Key
instanceKlass edu/stanford/nlp/ling/AnnotationLookup
instanceKlass edu/stanford/nlp/pipeline/AnnotationOutputter$Options
instanceKlass edu/stanford/nlp/trees/GrammaticalStructure
instanceKlass edu/stanford/nlp/trees/UniversalEnglishGrammaticalStructureFactory
instanceKlass edu/stanford/nlp/trees/Dependencies$DependentPuncWordRejectFilter
instanceKlass edu/stanford/nlp/util/Filters$NegatedFilter
instanceKlass edu/stanford/nlp/trees/Dependencies$DependentPuncTagRejectFilter
instanceKlass edu/stanford/nlp/trees/UniversalSemanticHeadFinder$$Lambda$10
instanceKlass java/lang/invoke/LambdaForm$DMH
instanceKlass java/lang/invoke/LambdaForm$DMH
instanceKlass edu/stanford/nlp/util/Scored
instanceKlass edu/stanford/nlp/trees/Labeled
instanceKlass java/util/ArrayList$SubList$1
instanceKlass edu/stanford/nlp/util/ArrayStringFilter
instanceKlass sun/reflect/ClassDefiner$1
instanceKlass sun/reflect/ClassDefiner
instanceKlass sun/reflect/MethodAccessorGenerator$1
instanceKlass sun/reflect/Label$PatchInfo
instanceKlass sun/reflect/Label
instanceKlass sun/reflect/UTF8
instanceKlass sun/reflect/ClassFileAssembler
instanceKlass sun/reflect/ByteVectorImpl
instanceKlass sun/reflect/ByteVector
instanceKlass sun/reflect/ByteVectorFactory
instanceKlass sun/reflect/AccessorGenerator
instanceKlass sun/reflect/ClassFileConstants
instanceKlass java/util/regex/Matcher
instanceKlass java/util/regex/MatchResult
instanceKlass edu/stanford/nlp/trees/tregex/TregexMatcher
instanceKlass edu/stanford/nlp/trees/tregex/Relation
instanceKlass edu/stanford/nlp/trees/tregex/Token
instanceKlass edu/stanford/nlp/trees/tregex/TregexParserTokenManager
instanceKlass edu/stanford/nlp/trees/tregex/SimpleCharStream
instanceKlass edu/stanford/nlp/trees/tregex/TregexParser$JJCalls
instanceKlass edu/stanford/nlp/trees/tregex/TregexParser
instanceKlass edu/stanford/nlp/trees/tregex/TregexParserConstants
instanceKlass edu/stanford/nlp/trees/AbstractTreebankLanguagePack$BasicCategoryStringFunction
instanceKlass edu/stanford/nlp/trees/tregex/TregexPatternCompiler
instanceKlass edu/stanford/nlp/trees/TreeVisitor
instanceKlass edu/stanford/nlp/util/FileProcessor
instanceKlass java/util/regex/ASCII
instanceKlass java/util/regex/Pattern$TreeInfo
instanceKlass java/lang/Character$Subset
instanceKlass java/util/regex/Pattern$Node
instanceKlass java/util/regex/Pattern
instanceKlass edu/stanford/nlp/util/StringUtils$$Lambda$9
instanceKlass edu/stanford/nlp/util/StringUtils
instanceKlass edu/stanford/nlp/trees/EnglishPatterns
instanceKlass edu/stanford/nlp/trees/tregex/TregexPattern
instanceKlass edu/stanford/nlp/trees/AbstractCollinsHeadFinder
instanceKlass edu/stanford/nlp/trees/CopulaHeadFinder
instanceKlass edu/stanford/nlp/util/ErasureUtils
instanceKlass edu/stanford/nlp/util/Index
instanceKlass edu/stanford/nlp/util/Generics
instanceKlass edu/stanford/nlp/util/Filters$CollectionAcceptFilter
instanceKlass edu/stanford/nlp/util/Filters
instanceKlass edu/stanford/nlp/trees/GrammaticalStructureFactory
instanceKlass edu/stanford/nlp/trees/HeadFinder
instanceKlass edu/stanford/nlp/process/TokenizerFactory
instanceKlass edu/stanford/nlp/objectbank/IteratorFromReaderFactory
instanceKlass edu/stanford/nlp/trees/TreeReaderFactory
instanceKlass edu/stanford/nlp/trees/AbstractTreebankLanguagePack
instanceKlass edu/stanford/nlp/trees/TreeReader
instanceKlass edu/stanford/nlp/ling/LabelFactory
instanceKlass edu/stanford/nlp/ling/Label
instanceKlass edu/stanford/nlp/trees/TreebankLanguagePack
instanceKlass java/util/function/Predicate
instanceKlass edu/stanford/nlp/trees/TreePrint
instanceKlass edu/stanford/nlp/ie/machinereading/structure/ExtractionObject
instanceKlass nu/xom/Node
instanceKlass edu/stanford/nlp/pipeline/AnnotationOutputter
instanceKlass java/util/LinkedList$ListItr
instanceKlass org/slf4j/helpers/NOPLoggerFactory
instanceKlass org/slf4j/Logger
instanceKlass org/slf4j/helpers/SubstituteLoggerFactory
instanceKlass org/slf4j/ILoggerFactory
instanceKlass org/slf4j/LoggerFactory
instanceKlass edu/stanford/nlp/util/MetaClass$ClassFactory
instanceKlass edu/stanford/nlp/trees/TreeFactory
instanceKlass edu/stanford/nlp/util/MetaClass
instanceKlass java/lang/invoke/LambdaForm$MH
instanceKlass edu/stanford/nlp/util/logging/RedwoodConfiguration$$Lambda$8
instanceKlass java/lang/invoke/LambdaForm$DMH
instanceKlass edu/stanford/nlp/util/logging/RedwoodConfiguration$Handlers$7
instanceKlass edu/stanford/nlp/util/logging/RedwoodConfiguration$Handlers$$Lambda$7
instanceKlass edu/stanford/nlp/util/logging/RepeatedRecordHandler$RepeatedRecordInfo
instanceKlass edu/stanford/nlp/util/logging/RepeatedRecordHandler$ExactRepeatSemantics
instanceKlass edu/stanford/nlp/util/logging/RepeatedRecordHandler$ApproximateRepeatSemantics
instanceKlass edu/stanford/nlp/util/logging/VisibilityHandler$1
instanceKlass edu/stanford/nlp/util/logging/RedwoodConfiguration$Handlers$$Lambda$6
instanceKlass edu/stanford/nlp/util/logging/RedwoodConfiguration$Handlers$$Lambda$5
instanceKlass edu/stanford/nlp/util/logging/RedwoodConfiguration$Handlers$$Lambda$4
instanceKlass edu/stanford/nlp/util/logging/RedwoodConfiguration$Handlers$$Lambda$3
instanceKlass edu/stanford/nlp/util/logging/RedwoodConfiguration$Handlers$$Lambda$2
instanceKlass java/lang/invoke/LambdaForm$DMH
instanceKlass edu/stanford/nlp/util/logging/RedwoodConfiguration$Handlers$2
instanceKlass edu/stanford/nlp/util/logging/RedwoodConfiguration$Handlers
instanceKlass edu/stanford/nlp/util/logging/RedwoodConfiguration$Thunk
instanceKlass java/lang/invoke/LambdaForm$MH
instanceKlass java/lang/invoke/LambdaForm$MH
instanceKlass java/lang/invoke/InnerClassLambdaMetafactory$1
instanceKlass edu/stanford/nlp/util/logging/RedwoodConfiguration$$Lambda$1
instanceKlass java/lang/invoke/InfoFromMemberName
instanceKlass java/lang/invoke/MethodHandleInfo
instanceKlass sun/security/util/SecurityConstants
instanceKlass java/security/AccessController$1
instanceKlass java/lang/invoke/AbstractValidatingLambdaMetafactory
instanceKlass java/lang/invoke/LambdaForm$BMH
instanceKlass java/lang/invoke/LambdaForm$BMH
instanceKlass java/lang/invoke/LambdaForm$BMH
instanceKlass java/lang/invoke/LambdaForm$BMH
instanceKlass sun/reflect/UnsafeFieldAccessorFactory
instanceKlass jdk/internal/org/objectweb/asm/FieldVisitor
instanceKlass java/lang/invoke/BoundMethodHandle$Factory$1
instanceKlass java/lang/invoke/BoundMethodHandle$SpeciesData$1
instanceKlass java/lang/invoke/LambdaForm$BMH
instanceKlass java/lang/invoke/LambdaForm$MH
instanceKlass java/lang/invoke/LambdaForm$BMH
instanceKlass java/lang/invoke/LambdaForm$MH
instanceKlass java/lang/invoke/LambdaForm$DMH
instanceKlass java/lang/invoke/LambdaForm$DMH
instanceKlass java/lang/invoke/LambdaForm$BMH
instanceKlass java/lang/invoke/LambdaForm$BMH
instanceKlass java/lang/invoke/LambdaForm$MH
instanceKlass java/lang/invoke/LambdaFormBuffer
instanceKlass java/lang/invoke/LambdaFormEditor
instanceKlass java/lang/invoke/LambdaForm$BMH
instanceKlass java/lang/invoke/LambdaForm$DMH
instanceKlass java/lang/invoke/LambdaForm$DMH
instanceKlass java/lang/invoke/LambdaForm$DMH
instanceKlass java/lang/invoke/LambdaForm$DMH
instanceKlass java/lang/invoke/LambdaForm$MH
instanceKlass java/lang/invoke/LambdaForm$DMH
instanceKlass java/lang/invoke/LambdaForm$DMH
instanceKlass java/lang/invoke/LambdaForm$MH
instanceKlass java/lang/invoke/LambdaForm$DMH
instanceKlass java/lang/invoke/LambdaForm$DMH
instanceKlass java/lang/invoke/LambdaForm$MH
instanceKlass java/lang/invoke/LambdaForm$DMH
instanceKlass java/lang/invoke/LambdaForm$DMH
instanceKlass java/lang/invoke/LambdaForm$MH
instanceKlass java/lang/invoke/LambdaForm$DMH
instanceKlass java/lang/invoke/LambdaForm$DMH
instanceKlass java/lang/invoke/LambdaForm$MH
instanceKlass java/lang/invoke/LambdaForm$DMH
instanceKlass java/lang/invoke/LambdaForm$MH
instanceKlass java/lang/invoke/LambdaForm$DMH
instanceKlass java/lang/invoke/LambdaForm$DMH
instanceKlass java/lang/invoke/LambdaForm$MH
instanceKlass java/lang/invoke/LambdaForm$DMH
instanceKlass java/lang/invoke/LambdaForm$DMH
instanceKlass java/lang/invoke/LambdaForm$MH
instanceKlass java/lang/invoke/LambdaForm$DMH
instanceKlass java/lang/invoke/LambdaForm$MH
instanceKlass java/lang/invoke/LambdaForm$DMH
instanceKlass java/lang/invoke/LambdaForm$MH
instanceKlass java/lang/invoke/LambdaForm$DMH
instanceKlass java/lang/invoke/LambdaForm$DMH
instanceKlass java/lang/invoke/MethodHandleImpl$Lazy
instanceKlass java/lang/invoke/LambdaForm$BMH
instanceKlass java/lang/invoke/LambdaForm$MH
instanceKlass java/lang/invoke/LambdaForm$DMH
instanceKlass java/lang/invoke/LambdaForm$DMH
instanceKlass java/lang/invoke/LambdaForm$DMH
instanceKlass java/lang/invoke/LambdaForm$DMH
instanceKlass java/lang/invoke/LambdaForm$DMH
instanceKlass java/util/SubList$1
instanceKlass java/util/ListIterator
instanceKlass java/lang/invoke/LambdaForm$MH
instanceKlass java/lang/invoke/LambdaForm$MH
instanceKlass java/lang/invoke/LambdaForm$MH
instanceKlass java/lang/invoke/LambdaForm$MH
instanceKlass java/lang/invoke/LambdaForm$MH
instanceKlass java/lang/invoke/LambdaForm$MH
instanceKlass java/lang/invoke/LambdaForm$MH
instanceKlass java/lang/invoke/LambdaForm$MH
instanceKlass java/lang/invoke/LambdaForm$MH
instanceKlass java/lang/invoke/LambdaForm$MH
instanceKlass java/lang/invoke/LambdaForm$MH
instanceKlass java/lang/invoke/LambdaForm$MH
instanceKlass java/lang/invoke/InvokerBytecodeGenerator$CpPatch
instanceKlass java/lang/invoke/LambdaForm$DMH
instanceKlass java/lang/invoke/LambdaForm$DMH
instanceKlass java/lang/invoke/LambdaForm$DMH
instanceKlass java/lang/invoke/LambdaForm$DMH
instanceKlass java/lang/invoke/LambdaForm$DMH
instanceKlass java/lang/invoke/LambdaForm$DMH
instanceKlass java/util/HashMap$HashIterator
instanceKlass sun/invoke/empty/Empty
instanceKlass sun/invoke/util/VerifyType
instanceKlass java/lang/invoke/InvokerBytecodeGenerator$2
instanceKlass jdk/internal/org/objectweb/asm/AnnotationVisitor
instanceKlass jdk/internal/org/objectweb/asm/Frame
instanceKlass jdk/internal/org/objectweb/asm/Label
instanceKlass jdk/internal/org/objectweb/asm/Type
instanceKlass jdk/internal/org/objectweb/asm/MethodVisitor
instanceKlass jdk/internal/org/objectweb/asm/Item
instanceKlass jdk/internal/org/objectweb/asm/ByteVector
instanceKlass jdk/internal/org/objectweb/asm/ClassVisitor
instanceKlass java/lang/invoke/InvokerBytecodeGenerator
instanceKlass java/util/Collections$UnmodifiableCollection$1
instanceKlass java/lang/invoke/DirectMethodHandle$Lazy
instanceKlass sun/invoke/util/BytecodeDescriptor
instanceKlass java/lang/invoke/BoundMethodHandle$Factory
instanceKlass java/lang/invoke/BoundMethodHandle$SpeciesData
instanceKlass java/lang/invoke/LambdaForm$NamedFunction
instanceKlass java/lang/invoke/LambdaForm$Name
instanceKlass sun/invoke/util/ValueConversions
instanceKlass sun/invoke/util/VerifyAccess
instanceKlass java/lang/Long$LongCache
instanceKlass java/lang/Character$CharacterCache
instanceKlass java/lang/Short$ShortCache
instanceKlass java/lang/Byte$ByteCache
instanceKlass sun/invoke/util/Wrapper$Format
instanceKlass java/lang/invoke/MethodHandles
instanceKlass java/lang/invoke/Invokers
instanceKlass java/lang/invoke/MethodTypeForm
instanceKlass java/lang/invoke/MethodType$ConcurrentWeakInternSet
instanceKlass java/lang/invoke/MethodHandles$Lookup
instanceKlass java/lang/invoke/LambdaMetafactory
instanceKlass edu/stanford/nlp/util/logging/RepeatedRecordHandler$RepeatSemantics
instanceKlass edu/stanford/nlp/util/logging/LogRecordHandler
instanceKlass edu/stanford/nlp/util/logging/RedwoodConfiguration
instanceKlass java/util/concurrent/locks/AbstractQueuedSynchronizer$Node
instanceKlass java/util/concurrent/locks/AbstractOwnableSynchronizer
instanceKlass edu/stanford/nlp/util/logging/Redwood$RecordHandlerTree
instanceKlass edu/stanford/nlp/util/logging/Redwood$RedwoodChannels
instanceKlass edu/stanford/nlp/util/logging/Redwood
instanceKlass java/util/AbstractList$Itr
instanceKlass java/net/Socket$2
instanceKlass sun/net/NetHooks
instanceKlass java/util/ArrayList$Itr
instanceKlass java/net/Proxy
instanceKlass edu/stanford/nlp/pipeline/AnnotationPipeline
instanceKlass edu/stanford/nlp/pipeline/Annotator
instanceKlass sun/net/spi/DefaultProxySelector$3
instanceKlass sun/net/spi/DefaultProxySelector$NonProxyInfo
instanceKlass java/net/URI$Parser
instanceKlass java/net/URI
instanceKlass java/lang/Void
instanceKlass java/util/Scanner
instanceKlass edu/stanford/nlp/ie/util/RelationTriple
instanceKlass java/util/Properties$LineReader
instanceKlass java/lang/Class$MethodArray
instanceKlass sun/launcher/LauncherHelper$FXHelper
instanceKlass OpenIESample
instanceKlass sun/net/NetProperties$1
instanceKlass sun/net/NetProperties
instanceKlass sun/net/spi/DefaultProxySelector$1
instanceKlass java/net/ProxySelector
instanceKlass java/net/SocksSocketImpl$3
instanceKlass java/net/Inet6Address$Inet6AddressHolder
instanceKlass sun/nio/cs/SingleByte
instanceKlass sun/misc/FloatingDecimal$ASCIIToBinaryBuffer
instanceKlass sun/misc/FloatingDecimal$PreparedASCIIToBinaryBuffer
instanceKlass sun/misc/FloatingDecimal$ASCIIToBinaryConverter
instanceKlass sun/misc/FloatingDecimal$BinaryToASCIIBuffer
instanceKlass sun/misc/FloatingDecimal$ExceptionalBinaryToASCIIBuffer
instanceKlass sun/misc/FloatingDecimal$BinaryToASCIIConverter
instanceKlass sun/misc/FloatingDecimal
instanceKlass java/net/PlainSocketImpl$1
instanceKlass java/net/AbstractPlainSocketImpl$1
instanceKlass java/io/FileOutputStream$1
instanceKlass java/lang/StringCoding$StringEncoder
instanceKlass java/net/SocketImpl
instanceKlass java/net/SocketOptions
instanceKlass java/net/SocksConsts
instanceKlass sun/net/util/IPAddressUtil
instanceKlass java/net/InetAddress$2
instanceKlass sun/net/spi/nameservice/NameService
instanceKlass java/net/Inet6AddressImpl
instanceKlass java/net/InetAddressImpl
instanceKlass sun/usagetracker/UsageTrackerClient$3
instanceKlass java/net/InetAddressImplFactory
instanceKlass java/net/InetAddress$Cache
instanceKlass java/net/InetAddress$InetAddressHolder
instanceKlass jdk/internal/util/EnvUtils
instanceKlass sun/usagetracker/UsageTrackerClient$2
instanceKlass sun/usagetracker/UsageTrackerClient$4
instanceKlass sun/usagetracker/UsageTrackerClient$1
instanceKlass java/util/concurrent/atomic/AtomicBoolean
instanceKlass sun/usagetracker/UsageTrackerClient
instanceKlass sun/misc/PostVMInitHook
instanceKlass java/lang/invoke/MethodHandleStatics$1
instanceKlass java/lang/invoke/MethodHandleStatics
instanceKlass java/lang/invoke/MemberName$Factory
instanceKlass java/lang/ClassValue$Version
instanceKlass java/lang/ClassValue$Identity
instanceKlass java/lang/ClassValue
instanceKlass java/lang/invoke/MethodHandleImpl$3
instanceKlass java/lang/invoke/MethodHandleImpl$2
instanceKlass java/util/function/Function
instanceKlass java/net/InetAddress$1
instanceKlass java/lang/invoke/MethodHandleImpl$1
instanceKlass sun/security/action/GetBooleanAction
instanceKlass java/net/InetSocketAddress$InetSocketAddressHolder
instanceKlass java/net/InetAddress
instanceKlass java/lang/invoke/MethodHandleImpl
instanceKlass java/net/SocketAddress
instanceKlass java/net/Socket
instanceKlass com/intellij/rt/execution/application/AppMainV2
instanceKlass sun/instrument/InstrumentationImpl$1
instanceKlass com/intellij/rt/execution/application/AppMainV2$Agent
instanceKlass java/io/FilePermission$1
instanceKlass sun/net/www/MessageHeader
instanceKlass java/net/URLConnection
instanceKlass java/security/PermissionCollection
instanceKlass sun/nio/ByteBuffered
instanceKlass java/lang/Package
instanceKlass sun/misc/Resource
instanceKlass sun/misc/ASCIICaseInsensitiveComparator
instanceKlass java/util/jar/Attributes$Name
instanceKlass java/lang/StringCoding$StringDecoder
instanceKlass java/lang/StringCoding
instanceKlass java/util/jar/Attributes
instanceKlass java/util/jar/JarVerifier$3
instanceKlass java/security/CodeSigner
instanceKlass java/util/jar/JarVerifier
instanceKlass java/util/LinkedList$Node
instanceKlass java/util/zip/ZStreamRef
instanceKlass java/util/zip/Inflater
instanceKlass sun/misc/IOUtils
instanceKlass java/util/zip/ZipEntry
instanceKlass sun/misc/ExtensionDependency
instanceKlass sun/misc/JarIndex
instanceKlass sun/nio/ch/DirectBuffer
instanceKlass sun/misc/PerfCounter$CoreCounters
instanceKlass sun/misc/Perf
instanceKlass sun/misc/Perf$GetPerfAction
instanceKlass sun/misc/PerfCounter
instanceKlass java/util/zip/ZipCoder
instanceKlass java/util/Deque
instanceKlass java/util/Queue
instanceKlass java/nio/charset/StandardCharsets
instanceKlass java/util/jar/JavaUtilJarAccessImpl
instanceKlass sun/misc/JavaUtilJarAccess
instanceKlass sun/misc/FileURLMapper
instanceKlass sun/misc/URLClassPath$JarLoader$1
instanceKlass java/lang/ThreadLocal$ThreadLocalMap
instanceKlass sun/nio/cs/ThreadLocalCoders$Cache
instanceKlass sun/nio/cs/ThreadLocalCoders
instanceKlass java/util/zip/ZipFile$1
instanceKlass sun/misc/JavaUtilZipFileAccess
instanceKlass java/util/zip/ZipFile
instanceKlass java/util/zip/ZipConstants
instanceKlass sun/misc/URLClassPath$Loader
instanceKlass sun/misc/URLClassPath$3
instanceKlass sun/net/util/URLUtil
instanceKlass java/net/URLClassLoader$1
instanceKlass sun/instrument/TransformerManager$TransformerInfo
instanceKlass sun/instrument/TransformerManager
instanceKlass sun/instrument/InstrumentationImpl
instanceKlass java/lang/instrument/Instrumentation
instanceKlass java/lang/SystemClassLoaderAction
instanceKlass sun/misc/Launcher$AppClassLoader$1
instanceKlass sun/misc/URLClassPath
instanceKlass java/security/Principal
instanceKlass java/security/ProtectionDomain$Key
instanceKlass java/security/ProtectionDomain$2
instanceKlass sun/misc/JavaSecurityProtectionDomainAccess
instanceKlass java/security/ProtectionDomain$JavaSecurityAccessImpl
instanceKlass sun/misc/JavaSecurityAccess
instanceKlass java/net/URLStreamHandler
instanceKlass java/net/Parts
instanceKlass java/util/BitSet
instanceKlass sun/net/www/ParseUtil
instanceKlass java/io/FileInputStream$1
instanceKlass java/lang/CharacterData
instanceKlass sun/util/locale/LocaleUtils
instanceKlass java/util/Locale$LocaleKey
instanceKlass sun/util/locale/BaseLocale$Key
instanceKlass sun/util/locale/BaseLocale
instanceKlass java/util/concurrent/ConcurrentHashMap$CollectionView
instanceKlass java/util/concurrent/ConcurrentHashMap$CounterCell
instanceKlass java/util/concurrent/ConcurrentHashMap$Node
instanceKlass java/util/concurrent/locks/ReentrantLock
instanceKlass java/util/concurrent/locks/Lock
instanceKlass java/util/concurrent/ConcurrentMap
instanceKlass sun/util/locale/LocaleObjectCache
instanceKlass java/util/Locale
instanceKlass java/lang/reflect/Array
instanceKlass java/nio/charset/CoderResult$Cache
instanceKlass java/nio/charset/CoderResult
instanceKlass java/nio/charset/CharsetDecoder
instanceKlass sun/nio/cs/ArrayDecoder
instanceKlass java/io/Reader
instanceKlass java/lang/Readable
instanceKlass sun/misc/MetaIndex
instanceKlass java/util/StringTokenizer
instanceKlass sun/misc/Launcher$ExtClassLoader$1
instanceKlass java/net/URLClassLoader$7
instanceKlass sun/misc/JavaNetAccess
instanceKlass java/lang/ClassLoader$ParallelLoaders
instanceKlass sun/security/util/Debug
instanceKlass sun/misc/Launcher$Factory
instanceKlass java/net/URLStreamHandlerFactory
instanceKlass java/lang/Compiler$1
instanceKlass java/lang/Compiler
instanceKlass java/lang/System$2
instanceKlass sun/misc/JavaLangAccess
instanceKlass sun/io/Win32ErrorMode
instanceKlass sun/misc/OSEnvironment
instanceKlass java/lang/Integer$IntegerCache
instanceKlass sun/misc/NativeSignalHandler
instanceKlass sun/misc/Signal
instanceKlass java/lang/Terminator$1
instanceKlass sun/misc/SignalHandler
instanceKlass java/lang/Terminator
instanceKlass java/lang/ClassLoader$NativeLibrary
instanceKlass java/io/ExpiringCache$Entry
instanceKlass java/lang/ClassLoader$3
instanceKlass java/nio/file/Path
instanceKlass java/nio/file/Watchable
instanceKlass java/lang/Enum
instanceKlass java/io/ExpiringCache
instanceKlass java/io/FileSystem
instanceKlass java/io/DefaultFileSystem
instanceKlass java/nio/Bits$1
instanceKlass sun/misc/JavaNioAccess
instanceKlass java/nio/ByteOrder
instanceKlass java/nio/Bits
instanceKlass java/nio/charset/CodingErrorAction
instanceKlass java/nio/charset/CharsetEncoder
instanceKlass sun/nio/cs/ArrayEncoder
instanceKlass sun/reflect/ReflectionFactory$1
instanceKlass java/lang/Class$1
instanceKlass sun/nio/cs/HistoricallyNamedCharset
instanceKlass sun/security/action/GetPropertyAction
instanceKlass java/lang/ThreadLocal
instanceKlass java/nio/charset/spi/CharsetProvider
instanceKlass java/nio/charset/Charset
instanceKlass java/io/Writer
instanceKlass java/util/Arrays
instanceKlass sun/reflect/misc/ReflectUtil
instanceKlass java/lang/reflect/ReflectAccess
instanceKlass sun/reflect/LangReflectAccess
instanceKlass java/lang/reflect/Modifier
instanceKlass sun/reflect/annotation/AnnotationType
instanceKlass java/lang/Class$AnnotationData
instanceKlass sun/reflect/generics/repository/AbstractRepository
instanceKlass java/lang/Class$Atomic
instanceKlass java/lang/Class$ReflectionData
instanceKlass java/lang/Class$3
instanceKlass java/util/concurrent/atomic/AtomicReferenceFieldUpdater$AtomicReferenceFieldUpdaterImpl$1
instanceKlass java/security/PrivilegedExceptionAction
instanceKlass java/util/concurrent/atomic/AtomicReferenceFieldUpdater
instanceKlass java/io/OutputStream
instanceKlass java/io/Flushable
instanceKlass java/io/FileDescriptor$1
instanceKlass sun/misc/JavaIOFileDescriptorAccess
instanceKlass java/io/FileDescriptor
instanceKlass sun/misc/Version
instanceKlass java/lang/Runtime
instanceKlass java/util/Hashtable$Enumerator
instanceKlass java/util/Iterator
instanceKlass java/util/Enumeration
instanceKlass java/util/Objects
instanceKlass java/util/Collections$SynchronizedCollection
instanceKlass java/lang/Math
instanceKlass java/util/Hashtable$Entry
instanceKlass sun/misc/VM
instanceKlass java/util/HashMap$Node
instanceKlass java/util/Map$Entry
instanceKlass sun/reflect/Reflection
instanceKlass sun/misc/SharedSecrets
instanceKlass java/lang/ref/Reference$1
instanceKlass sun/misc/JavaLangRefAccess
instanceKlass java/lang/ref/ReferenceQueue$Lock
instanceKlass java/util/Collections$UnmodifiableCollection
instanceKlass java/util/AbstractMap
instanceKlass java/util/Set
instanceKlass java/util/Collections
instanceKlass java/lang/ref/Reference$Lock
instanceKlass sun/reflect/ReflectionFactory
instanceKlass java/util/AbstractCollection
instanceKlass java/util/RandomAccess
instanceKlass java/util/List
instanceKlass java/util/Collection
instanceKlass java/lang/Iterable
instanceKlass java/security/cert/Certificate
instanceKlass sun/reflect/ReflectionFactory$GetReflectionFactoryAction
instanceKlass java/security/PrivilegedAction
instanceKlass java/security/AccessController
instanceKlass java/security/Permission
instanceKlass java/security/Guard
instanceKlass java/lang/String$CaseInsensitiveComparator
instanceKlass java/util/Comparator
instanceKlass java/io/ObjectStreamField
instanceKlass java/lang/Number
instanceKlass java/lang/Character
instanceKlass java/lang/Boolean
instanceKlass java/nio/Buffer
instanceKlass java/lang/StackTraceElement
instanceKlass java/security/CodeSource
instanceKlass sun/misc/Launcher
instanceKlass java/util/jar/Manifest
instanceKlass java/net/URL
instanceKlass java/io/File
instanceKlass java/io/InputStream
instanceKlass java/io/Closeable
instanceKlass java/lang/AutoCloseable
instanceKlass sun/misc/Unsafe
instanceKlass java/lang/AbstractStringBuilder
instanceKlass java/lang/Appendable
instanceKlass java/lang/invoke/CallSite
instanceKlass java/lang/invoke/MethodType
instanceKlass java/lang/invoke/LambdaForm
instanceKlass java/lang/invoke/MethodHandleNatives
instanceKlass java/lang/invoke/MemberName
instanceKlass java/lang/invoke/MethodHandle
instanceKlass sun/reflect/CallerSensitive
instanceKlass java/lang/annotation/Annotation
instanceKlass sun/reflect/FieldAccessor
instanceKlass sun/reflect/ConstantPool
instanceKlass sun/reflect/ConstructorAccessor
instanceKlass sun/reflect/MethodAccessor
instanceKlass sun/reflect/MagicAccessorImpl
instanceKlass java/lang/reflect/Parameter
instanceKlass java/lang/reflect/Member
instanceKlass java/lang/reflect/AccessibleObject
instanceKlass java/util/Dictionary
instanceKlass java/util/Map
instanceKlass java/lang/ThreadGroup
instanceKlass java/lang/Thread$UncaughtExceptionHandler
instanceKlass java/lang/Thread
instanceKlass java/lang/Runnable
instanceKlass java/lang/ref/ReferenceQueue
instanceKlass java/lang/ref/Reference
instanceKlass java/security/AccessControlContext
instanceKlass java/security/ProtectionDomain
instanceKlass java/lang/SecurityManager
instanceKlass java/lang/Throwable
instanceKlass java/lang/System
instanceKlass java/lang/ClassLoader
instanceKlass java/lang/Cloneable
instanceKlass java/lang/Class
instanceKlass java/lang/reflect/Type
instanceKlass java/lang/reflect/GenericDeclaration
instanceKlass java/lang/reflect/AnnotatedElement
instanceKlass java/lang/String
instanceKlass java/lang/CharSequence
instanceKlass java/lang/Comparable
instanceKlass java/io/Serializable
