JvmtiExport can_access_local_variables 0
JvmtiExport can_hotswap_or_post_breakpoint 0
JvmtiExport can_post_on_exceptions 0
# 118 ciObject found
ciMethod java/util/regex/Pattern$Node match (Ljava/util/regex/Matcher;ILjava/lang/CharSequence;)Z 3329 1 4512 0 -1
ciMethod java/util/regex/Pattern$LastNode match (Ljava/util/regex/Matcher;ILjava/lang/CharSequence;)Z 2385 1 5424 0 160
ciMethod java/util/regex/Pattern$GroupHead match (Ljava/util/regex/Matcher;ILjava/lang/CharSequence;)Z 4097 1 153360 0 5984
ciMethod java/util/regex/Pattern$BranchConn match (Ljava/util/regex/Matcher;ILjava/lang/CharSequence;)Z 2057 1 5379 0 0
ciMethod java/util/regex/Pattern$GroupTail match (Ljava/util/regex/Matcher;ILjava/lang/CharSequence;)Z 3425 1 5539 0 0
ciMethod java/util/regex/Pattern$Loop match (Ljava/util/regex/Matcher;ILjava/lang/CharSequence;)Z 3625 1 4448 0 0
ciMethodData java/util/regex/Pattern$LastNode match (Ljava/util/regex/Matcher;ILjava/lang/CharSequence;)Z 2 5424 orig 264 88 131 48 100 0 0 0 0 0 150 70 25 0 0 0 0 120 1 0 0 0 0 0 0 0 0 0 0 0 0 0 0 0 0 0 0 0 0 0 0 0 0 0 0 0 0 0 0 0 0 0 0 0 0 0 0 0 0 0 0 0 0 0 0 0 0 0 0 0 0 0 0 0 0 0 0 0 0 0 0 77 68 79 32 101 120 116 114 97 32 100 97 116 97 32 108 111 99 107 0 0 0 0 0 0 0 0 0 0 0 0 0 0 0 0 0 0 0 0 0 0 0 0 0 0 0 0 0 0 0 0 0 0 0 0 0 0 0 0 0 0 0 0 0 0 0 0 0 0 0 0 0 0 0 0 0 0 0 0 0 0 0 0 0 0 0 0 0 0 0 0 0 0 0 0 0 0 0 0 0 0 0 0 0 0 0 0 0 0 0 0 0 0 0 0 0 0 0 0 0 0 0 0 0 0 0 0 0 0 0 0 0 0 0 0 0 42 1 0 0 49 160 0 0 1 0 0 0 0 0 0 0 0 0 0 0 2 0 0 0 0 0 8 0 2 0 0 0 64 0 0 0 255 255 255 255 7 0 5 0 0 0 0 0 data 8 0x50007 0x12e5 0x40 0x121 0xd0007 0x10b 0x20 0x16 oops 0
ciMethodData java/util/regex/Pattern$GroupTail match (Ljava/util/regex/Matcher;ILjava/lang/CharSequence;)Z 2 5539 orig 264 88 131 48 100 0 0 0 0 192 156 74 25 0 0 0 0 208 1 0 0 0 0 0 0 0 0 0 0 0 0 0 0 0 0 0 0 0 0 0 0 0 0 0 0 0 0 0 0 0 0 0 0 0 0 0 0 0 0 0 0 0 0 0 0 0 0 0 0 0 0 0 0 0 0 0 0 0 0 0 0 77 68 79 32 101 120 116 114 97 32 100 97 116 97 32 108 111 99 107 0 0 0 0 0 0 0 0 0 0 0 0 0 0 0 0 0 0 0 0 0 0 0 0 0 0 0 0 0 0 0 0 0 0 0 0 0 0 0 0 0 0 0 0 0 0 0 0 0 0 0 0 0 0 0 0 0 0 0 0 0 0 0 0 0 0 0 0 0 0 0 0 0 0 0 0 0 0 0 0 0 0 0 0 0 0 0 0 0 0 0 0 0 0 0 0 0 0 0 0 0 0 0 0 0 0 0 0 0 0 0 0 0 0 0 0 0 172 1 0 0 185 159 0 0 1 0 0 0 0 0 0 0 0 0 0 0 2 0 0 0 0 0 7 0 2 0 0 0 112 0 0 0 255 255 255 255 7 0 13 0 0 0 0 0 data 14 0xd0007 0x0 0x70 0x13f7 0x460005 0x0 0x1d2da350 0xfb4 0x1d2d5200 0x443 0x490007 0x0 0x20 0x13f7 oops 2 6 java/util/regex/Pattern$Loop 8 java/util/regex/Pattern$BranchConn
ciMethodData java/util/regex/Pattern$Loop match (Ljava/util/regex/Matcher;ILjava/lang/CharSequence;)Z 2 4448 orig 264 88 131 48 100 0 0 0 0 16 193 74 25 0 0 0 0 168 2 0 0 0 1 0 0 0 0 0 0 0 0 0 0 0 0 0 0 0 0 0 0 0 0 0 0 0 0 0 0 0 0 0 0 0 0 0 0 0 0 0 0 0 0 0 0 0 0 0 0 0 0 0 0 0 0 0 0 0 0 0 0 77 68 79 32 101 120 116 114 97 32 100 97 116 97 32 108 111 99 107 0 0 0 0 0 0 0 0 0 0 0 0 0 0 0 0 0 0 0 0 0 0 0 0 0 0 0 0 0 0 0 0 0 0 0 0 0 0 0 0 0 0 0 0 0 0 0 0 0 0 0 0 0 0 0 0 0 0 0 0 0 0 0 0 0 0 0 0 0 0 0 0 0 0 0 0 0 0 0 0 0 0 0 0 0 0 0 0 0 0 0 0 0 0 0 0 0 0 0 0 0 0 0 0 0 0 0 0 0 0 0 0 0 0 0 0 0 197 1 0 0 217 124 0 0 1 0 0 0 0 0 0 0 0 0 0 0 2 0 0 0 0 0 15 0 2 0 0 0 72 1 0 0 255 255 255 255 7 0 10 0 0 0 0 0 data 41 0xa0007 0x0 0x118 0xf9b 0x1e0007 0xf9b 0x70 0x0 0x350005 0x0 0x0 0x0 0x0 0x0 0x3c0007 0x0 0x20 0x0 0x530007 0x0 0x88 0xf9b 0x6a0005 0x0 0x1c229250 0xf9b 0x0 0x0 0x710007 0x0 0x38 0xf9b 0x7f0003 0xf9b 0x18 0x8b0005 0x0 0x1d2d5770 0xf9b 0x0 0x0 oops 2 24 java/util/regex/Pattern$GroupHead 37 java/util/regex/Pattern$LastNode
ciMethodData java/util/regex/Pattern$BranchConn match (Ljava/util/regex/Matcher;ILjava/lang/CharSequence;)Z 2 5379 orig 264 88 131 48 100 0 0 0 0 240 88 73 25 0 0 0 0 144 1 0 0 0 0 0 0 0 0 0 0 0 0 0 0 0 0 0 0 0 0 0 0 0 0 0 0 0 0 0 0 0 0 0 0 0 0 0 0 0 0 0 0 0 0 0 0 0 0 0 0 0 0 0 0 0 0 0 0 0 0 0 0 77 68 79 32 101 120 116 114 97 32 100 97 116 97 32 108 111 99 107 0 0 0 0 0 0 0 0 0 0 0 0 0 0 0 0 0 0 0 0 0 0 0 0 0 0 0 0 0 0 0 0 0 0 0 0 0 0 0 0 0 0 0 0 0 0 0 0 0 0 0 0 0 0 0 0 0 0 0 0 0 0 0 0 0 0 0 0 0 0 0 0 0 0 0 0 0 0 0 0 0 0 0 0 0 0 0 0 0 0 0 0 0 0 0 0 0 0 0 0 0 0 0 0 0 0 0 0 0 0 0 0 0 0 0 0 0 1 1 0 0 17 160 0 0 1 0 0 0 0 0 0 0 0 0 0 0 2 0 0 0 0 0 3 0 2 0 0 0 48 0 0 0 255 255 255 255 5 0 7 0 0 0 0 0 data 6 0x70005 0x0 0x1d2d5770 0x137c 0x1d2d5820 0x86 oops 2 2 java/util/regex/Pattern$LastNode 4 java/util/regex/Pattern$GroupTail
instanceKlass edu/stanford/nlp/ie/crf/LabelDictionary
instanceKlass edu/stanford/nlp/sequences/PlainTextDocumentReaderAndWriter$1
instanceKlass edu/stanford/nlp/ling/CoreAnnotations$AnswerProbAnnotation
instanceKlass edu/stanford/nlp/sequences/ExactBestSequenceFinder
instanceKlass edu/stanford/nlp/ie/crf/TestSequenceModel
instanceKlass edu/stanford/nlp/ling/CoreAnnotations$MentionTokenAnnotation
instanceKlass edu/stanford/nlp/ling/CoreAnnotations$ForcedSentenceUntilEndAnnotation
instanceKlass edu/stanford/nlp/ling/CoreAnnotations$ForcedSentenceEndAnnotation
instanceKlass edu/stanford/nlp/process/LexerUtils
instanceKlass edu/stanford/nlp/process/PTBLexer
instanceKlass edu/stanford/nlp/process/PTBTokenizer$PTBTokenizerFactory
instanceKlass edu/stanford/nlp/process/TokenizerFactory
instanceKlass edu/stanford/nlp/process/AbstractTokenizer
instanceKlass edu/stanford/nlp/process/Tokenizer
instanceKlass edu/stanford/nlp/process/WordToSentenceProcessor
instanceKlass edu/stanford/nlp/process/ListProcessor
instanceKlass edu/stanford/nlp/sequences/PlainTextDocumentReaderAndWriter
instanceKlass sun/nio/ch/IOStatus
instanceKlass java/nio/DirectByteBuffer$Deallocator
instanceKlass sun/nio/ch/Util$BufferCache
instanceKlass sun/nio/ch/Util$2
instanceKlass sun/nio/ch/Util
instanceKlass sun/nio/ch/NativeThread
instanceKlass java/nio/channels/spi/AbstractInterruptibleChannel$1
instanceKlass sun/misc/LRUCache
instanceKlass java/nio/channels/Channels
instanceKlass sun/nio/ch/FileDispatcherImpl$1
instanceKlass sun/nio/ch/NativeDispatcher
instanceKlass sun/nio/ch/NativeThreadSet
instanceKlass sun/nio/ch/IOUtil$1
instanceKlass sun/nio/ch/IOUtil
instanceKlass java/nio/file/attribute/FileAttribute
instanceKlass java/nio/channels/spi/AbstractInterruptibleChannel
instanceKlass java/nio/channels/InterruptibleChannel
instanceKlass java/nio/channels/ScatteringByteChannel
instanceKlass java/nio/channels/GatheringByteChannel
instanceKlass java/nio/channels/SeekableByteChannel
instanceKlass java/nio/channels/ByteChannel
instanceKlass java/nio/channels/ReadableByteChannel
instanceKlass java/util/regex/Pattern$CharPropertyNames$CharPropertyFactory
instanceKlass java/util/regex/Pattern$CharPropertyNames
instanceKlass java/util/Scanner
instanceKlass java/lang/Class$4
instanceKlass java/io/ObjectOutputStream$PutField
instanceKlass java/util/function/ToLongBiFunction
instanceKlass java/util/function/ToIntBiFunction
instanceKlass java/util/function/ToDoubleBiFunction
instanceKlass java/util/function/LongBinaryOperator
instanceKlass java/util/function/ToLongFunction
instanceKlass java/util/function/IntBinaryOperator
instanceKlass java/util/function/ToIntFunction
instanceKlass java/util/function/DoubleBinaryOperator
instanceKlass java/util/function/ToDoubleFunction
instanceKlass java/util/stream/Stream
instanceKlass java/util/stream/BaseStream
instanceKlass java/io/ObjectStreamClass$6
instanceKlass java/io/ObjectStreamClass$5
instanceKlass java/util/TimSort
instanceKlass java/io/ObjectStreamClass$4
instanceKlass java/io/ObjectStreamClass$MemberSignature
instanceKlass java/io/ObjectStreamClass$2
instanceKlass java/io/ObjectStreamClass$ExceptionInfo
instanceKlass sun/misc/ObjectInputFilter$Config$$Lambda$15
instanceKlass java/lang/invoke/LambdaForm$DMH
instanceKlass sun/misc/ObjectInputFilter
instanceKlass sun/misc/ObjectInputFilter$Config
instanceKlass java/io/ObjectInputStream$ValidationList
instanceKlass java/io/ObjectInputStream$HandleTable$HandleList
instanceKlass java/io/ObjectInputStream$HandleTable
instanceKlass java/util/zip/CRC32
instanceKlass java/util/zip/Checksum
instanceKlass java/lang/invoke/LambdaForm$MH
instanceKlass java/io/ObjectInputStream$$Lambda$14
instanceKlass sun/misc/JavaObjectInputStreamAccess
instanceKlass sun/misc/ObjectStreamClassValidator
instanceKlass java/io/ObjectInputStream$1
instanceKlass sun/misc/JavaOISAccess
instanceKlass edu/stanford/nlp/optimization/QNMinimizer$1
instanceKlass edu/stanford/nlp/optimization/QNMinimizer$Record
instanceKlass edu/stanford/nlp/math/ArrayMath
instanceKlass edu/stanford/nlp/math/SloppyMath
instanceKlass edu/stanford/nlp/ie/crf/FactorTable
instanceKlass edu/stanford/nlp/ie/crf/CRFCliqueTree
instanceKlass edu/stanford/nlp/sequences/ListeningSequenceModel
instanceKlass java/util/concurrent/FutureTask$WaitNode
instanceKlass java/util/concurrent/FutureTask
instanceKlass java/util/concurrent/RunnableFuture
instanceKlass java/util/concurrent/Future
instanceKlass edu/stanford/nlp/util/concurrent/MulticoreWrapper$CallableJob
instanceKlass sun/nio/ch/Interruptible
instanceKlass java/util/concurrent/locks/LockSupport
instanceKlass edu/stanford/nlp/util/concurrent/MulticoreWrapper$$Lambda$13
instanceKlass edu/stanford/nlp/util/concurrent/MulticoreWrapper$JobCallback
instanceKlass java/lang/invoke/LambdaForm$DMH
instanceKlass edu/stanford/nlp/util/concurrent/MulticoreWrapper$QueueItem
instanceKlass java/util/concurrent/Executors$DefaultThreadFactory
instanceKlass java/util/concurrent/ThreadFactory
instanceKlass java/util/concurrent/LinkedBlockingQueue$Node
instanceKlass java/util/concurrent/ThreadPoolExecutor$AbortPolicy
instanceKlass java/util/concurrent/RejectedExecutionHandler
instanceKlass java/util/concurrent/AbstractExecutorService
instanceKlass java/util/concurrent/ExecutorService
instanceKlass java/util/concurrent/Executor
instanceKlass java/util/concurrent/Executors
instanceKlass java/util/concurrent/Callable
instanceKlass java/util/concurrent/BlockingQueue
instanceKlass edu/stanford/nlp/util/concurrent/MulticoreWrapper
instanceKlass edu/stanford/nlp/ie/crf/LinearCliquePotentialFunction
instanceKlass edu/stanford/nlp/optimization/QNMinimizer$QNInfo
instanceKlass java/util/Currency$CurrencyNameGetter
instanceKlass sun/util/locale/provider/LocaleServiceProviderPool$LocalizedObjectGetter
instanceKlass sun/util/locale/provider/SPILocaleProviderAdapter$1
instanceKlass sun/util/locale/provider/LocaleServiceProviderPool
instanceKlass java/util/Collections$EmptyIterator
instanceKlass sun/util/locale/LanguageTag
instanceKlass java/util/Locale$1
instanceKlass edu/stanford/nlp/optimization/QNMinimizer
instanceKlass edu/stanford/nlp/optimization/HasEvaluators
instanceKlass edu/stanford/nlp/ie/crf/CRFLogConditionalObjectiveFunction$ExpectationThreadsafeProcessor
instanceKlass edu/stanford/nlp/optimization/AbstractCachingDiffFunction
instanceKlass edu/stanford/nlp/optimization/HasInitial
instanceKlass edu/stanford/nlp/optimization/DiffFunction
instanceKlass edu/stanford/nlp/optimization/HasFeatureGrouping
instanceKlass java/util/concurrent/locks/AbstractQueuedSynchronizer$ConditionObject
instanceKlass java/util/concurrent/locks/Condition
instanceKlass java/util/function/Predicate
instanceKlass java/util/function/Consumer
instanceKlass java/util/Spliterator
instanceKlass java/util/function/UnaryOperator
instanceKlass java/io/SerialCallbackContext
instanceKlass java/util/function/BiConsumer
instanceKlass java/io/ObjectStreamClass$ClassDataSlot
instanceKlass java/io/ObjectStreamClass$FieldReflector
instanceKlass java/io/ObjectInput
instanceKlass java/io/ObjectStreamClass$3
instanceKlass java/io/Externalizable
instanceKlass java/lang/reflect/Proxy$ProxyClassFactory
instanceKlass java/lang/reflect/Proxy$KeyFactory
instanceKlass java/util/function/BiFunction
instanceKlass java/lang/reflect/WeakCache
instanceKlass java/lang/reflect/InvocationHandler
instanceKlass java/lang/reflect/Proxy
instanceKlass java/io/ObjectStreamClass$EntryFuture
instanceKlass java/io/ObjectStreamClass$Caches
instanceKlass java/io/ObjectStreamClass$1
instanceKlass java/io/ObjectStreamClass
instanceKlass java/io/Bits
instanceKlass java/io/ObjectOutputStream$ReplaceTable
instanceKlass java/io/ObjectOutputStream$HandleTable
instanceKlass java/io/ObjectStreamConstants
instanceKlass java/io/ObjectOutput
instanceKlass java/io/DataOutput
instanceKlass java/lang/Shutdown$Lock
instanceKlass java/lang/Shutdown
instanceKlass java/io/DeleteOnExitHook$1
instanceKlass java/io/DeleteOnExitHook
instanceKlass sun/nio/fs/BasicFileAttributesHolder
instanceKlass sun/nio/fs/WindowsDirectoryStream$WindowsDirectoryIterator
instanceKlass sun/nio/fs/WindowsFileAttributes
instanceKlass java/nio/file/attribute/DosFileAttributes
instanceKlass java/nio/file/attribute/BasicFileAttributes
instanceKlass sun/nio/fs/NativeBuffer$Deallocator
instanceKlass sun/nio/fs/NativeBuffer
instanceKlass sun/nio/fs/NativeBuffers
instanceKlass sun/nio/fs/WindowsNativeDispatcher$BackupResult
instanceKlass sun/nio/fs/WindowsNativeDispatcher$CompletionStatus
instanceKlass sun/nio/fs/WindowsNativeDispatcher$AclInformation
instanceKlass sun/nio/fs/WindowsNativeDispatcher$Account
instanceKlass sun/nio/fs/WindowsNativeDispatcher$DiskFreeSpace
instanceKlass sun/nio/fs/WindowsNativeDispatcher$VolumeInformation
instanceKlass sun/nio/fs/WindowsNativeDispatcher$FirstStream
instanceKlass sun/nio/fs/WindowsNativeDispatcher$FirstFile
instanceKlass sun/nio/fs/WindowsNativeDispatcher$1
instanceKlass sun/nio/fs/WindowsNativeDispatcher
instanceKlass sun/nio/fs/WindowsDirectoryStream
instanceKlass java/nio/file/DirectoryStream
instanceKlass java/nio/file/Files$AcceptAllFilter
instanceKlass java/nio/file/DirectoryStream$Filter
instanceKlass java/nio/file/Files
instanceKlass sun/nio/fs/AbstractPath
instanceKlass sun/nio/fs/Util
instanceKlass sun/nio/fs/WindowsPathParser$Result
instanceKlass sun/nio/fs/WindowsPathParser
instanceKlass java/nio/file/FileSystem
instanceKlass java/nio/file/spi/FileSystemProvider
instanceKlass sun/nio/fs/DefaultFileSystemProvider
instanceKlass java/nio/file/FileSystems$DefaultFileSystemHolder$1
instanceKlass java/nio/file/FileSystems$DefaultFileSystemHolder
instanceKlass java/nio/file/FileSystems
instanceKlass java/net/NetworkInterface$2
instanceKlass java/net/DefaultInterface
instanceKlass java/net/InterfaceAddress
instanceKlass java/net/NetworkInterface$1
instanceKlass java/net/NetworkInterface
instanceKlass sun/security/provider/ByteArrayAccess
instanceKlass sun/security/provider/SeedGenerator$1
instanceKlass sun/security/provider/SeedGenerator
instanceKlass sun/security/provider/SecureRandom$SeederHolder
instanceKlass sun/security/jca/GetInstance$Instance
instanceKlass java/security/MessageDigestSpi
instanceKlass sun/security/jca/GetInstance
instanceKlass java/security/SecureRandomSpi
instanceKlass java/security/Provider$UString
instanceKlass java/security/Provider$Service
instanceKlass sun/security/provider/NativePRNG$NonBlocking
instanceKlass sun/security/provider/NativePRNG$Blocking
instanceKlass sun/security/provider/NativePRNG
instanceKlass sun/security/provider/SunEntries$1
instanceKlass sun/security/provider/SunEntries
instanceKlass sun/security/jca/ProviderConfig$2
instanceKlass java/security/Security$1
instanceKlass java/security/Security
instanceKlass sun/security/jca/ProviderList$2
instanceKlass java/security/Provider$EngineDescription
instanceKlass java/security/Provider$ServiceKey
instanceKlass sun/security/jca/ProviderConfig
instanceKlass sun/security/jca/ProviderList
instanceKlass sun/security/jca/Providers
instanceKlass java/io/File$TempDirectory
instanceKlass edu/stanford/nlp/util/Triple
instanceKlass java/text/AttributedCharacterIterator$Attribute
instanceKlass java/text/DigitList$1
instanceKlass sun/misc/FDBigInteger
instanceKlass java/text/DontCareFieldPosition$1
instanceKlass java/text/Format$FieldDelegate
instanceKlass java/util/AbstractList$1
instanceKlass sun/reflect/ClassDefiner$1
instanceKlass sun/reflect/ClassDefiner
instanceKlass sun/reflect/MethodAccessorGenerator$1
instanceKlass sun/reflect/Label$PatchInfo
instanceKlass sun/reflect/Label
instanceKlass sun/reflect/UTF8
instanceKlass sun/reflect/ClassFileAssembler
instanceKlass sun/reflect/ByteVectorImpl
instanceKlass sun/reflect/ByteVector
instanceKlass sun/reflect/ByteVectorFactory
instanceKlass sun/reflect/AccessorGenerator
instanceKlass sun/reflect/ClassFileConstants
instanceKlass edu/stanford/nlp/ie/crf/CRFLabel
instanceKlass edu/stanford/nlp/ie/crf/CRFDatum
instanceKlass java/util/ComparableTimSort
instanceKlass java/util/Arrays$LegacyMergeSort
instanceKlass edu/stanford/nlp/ling/CoreAnnotations$DistSimAnnotation
instanceKlass edu/stanford/nlp/ling/CoreAnnotations$DomainAnnotation
instanceKlass java/util/concurrent/Semaphore
instanceKlass edu/stanford/nlp/ling/CoreAnnotations$PositionAnnotation
instanceKlass java/nio/channels/WritableByteChannel
instanceKlass java/nio/channels/Channel
instanceKlass edu/stanford/nlp/io/IOUtils
instanceKlass java/text/DigitList
instanceKlass java/io/DataInput
instanceKlass java/util/Currency$1
instanceKlass java/util/Currency
instanceKlass java/util/concurrent/atomic/AtomicMarkableReference$Pair
instanceKlass java/util/concurrent/atomic/AtomicMarkableReference
instanceKlass java/util/ResourceBundle$CacheKeyReference
instanceKlass java/util/ResourceBundle$CacheKey
instanceKlass java/util/ResourceBundle$RBClassLoader$1
instanceKlass java/util/ServiceLoader$1
instanceKlass java/util/ServiceLoader$LazyIterator
instanceKlass java/util/ServiceLoader
instanceKlass java/util/spi/ResourceBundleControlProvider
instanceKlass java/util/ResourceBundle
instanceKlass java/util/ResourceBundle$Control
instanceKlass sun/util/resources/LocaleData$1
instanceKlass sun/util/resources/LocaleData
instanceKlass sun/util/locale/provider/LocaleResources
instanceKlass sun/util/locale/provider/JRELocaleProviderAdapter$1
instanceKlass sun/util/locale/provider/LocaleDataMetaInfo
instanceKlass sun/util/locale/provider/AvailableLanguageTags
instanceKlass sun/util/locale/provider/LocaleProviderAdapter$1
instanceKlass sun/util/locale/provider/ResourceBundleBasedAdapter
instanceKlass sun/util/locale/provider/LocaleProviderAdapter
instanceKlass java/util/spi/LocaleServiceProvider
instanceKlass java/text/DecimalFormatSymbols
instanceKlass java/text/FieldPosition
instanceKlass edu/stanford/nlp/util/Timing
instanceKlass edu/stanford/nlp/objectbank/DelimitRegExIterator$DelimitRegExIteratorFactory
instanceKlass edu/stanford/nlp/util/AbstractIterator
instanceKlass edu/stanford/nlp/sequences/ColumnDocumentReaderAndWriter$ColumnDocParser
instanceKlass edu/stanford/nlp/ling/CoreAnnotations$CoNLLDepParentIndexAnnotation
instanceKlass edu/stanford/nlp/ling/CoreAnnotations$CoNLLDepTypeAnnotation
instanceKlass edu/stanford/nlp/ling/CoreAnnotations$WebAnnotation
instanceKlass edu/stanford/nlp/ling/CoreAnnotations$FreqAnnotation
instanceKlass edu/stanford/nlp/ling/CoreAnnotations$AbstrAnnotation
instanceKlass edu/stanford/nlp/ling/CoreAnnotations$AbbrAnnotation
instanceKlass edu/stanford/nlp/ling/CoreAnnotations$GazAnnotation
instanceKlass edu/stanford/nlp/ling/CoreAnnotations$GovernorAnnotation
instanceKlass edu/stanford/nlp/ling/CoreAnnotations$HeadWordStringAnnotation
instanceKlass edu/stanford/nlp/ling/CoreAnnotations$StackedNamedEntityTagAnnotation
instanceKlass edu/stanford/nlp/ling/CoreAnnotations$SectionDateAnnotation
instanceKlass edu/stanford/nlp/ling/CoreAnnotations$SectionIDAnnotation
instanceKlass edu/stanford/nlp/ling/CoreAnnotations$SectionAnnotation
instanceKlass edu/stanford/nlp/ling/CoreAnnotations$AuthorAnnotation
instanceKlass edu/stanford/nlp/ling/CoreAnnotations$SpeakerAnnotation
instanceKlass edu/stanford/nlp/ling/CoreAnnotations$LinkAnnotation
instanceKlass edu/stanford/nlp/ling/CoreAnnotations$DocSourceTypeAnnotation
instanceKlass edu/stanford/nlp/ling/CoreAnnotations$DocDateAnnotation
instanceKlass edu/stanford/nlp/ling/CoreAnnotations$DocTypeAnnotation
instanceKlass edu/stanford/nlp/ling/CoreAnnotations$DocTitleAnnotation
instanceKlass edu/stanford/nlp/ling/CoreAnnotations$ProtoAnnotation
instanceKlass edu/stanford/nlp/ling/CoreAnnotations$WordnetSynAnnotation
instanceKlass edu/stanford/nlp/ling/CoreAnnotations$MorphoCaseAnnotation
instanceKlass edu/stanford/nlp/ling/CoreAnnotations$MorphoGenAnnotation
instanceKlass edu/stanford/nlp/ling/CoreAnnotations$MorphoPersAnnotation
instanceKlass edu/stanford/nlp/ling/CoreAnnotations$MorphoNumAnnotation
instanceKlass edu/stanford/nlp/ling/CoreAnnotations$NormalizedNamedEntityTagAnnotation
instanceKlass edu/stanford/nlp/ling/CoreAnnotations$ChunkAnnotation
instanceKlass edu/stanford/nlp/ling/CoreAnnotations$IDFAnnotation
instanceKlass edu/stanford/nlp/ling/CoreAnnotations$SentenceIndexAnnotation
instanceKlass edu/stanford/nlp/ling/CoreAnnotations$DocIDAnnotation
instanceKlass edu/stanford/nlp/ling/CoreAnnotations$CharacterOffsetEndAnnotation
instanceKlass edu/stanford/nlp/ling/CoreAnnotations$CharacterOffsetBeginAnnotation
instanceKlass edu/stanford/nlp/ling/CoreAnnotations$ChineseSegAnnotation
instanceKlass edu/stanford/nlp/ling/CoreAnnotations$ChineseOrigSegAnnotation
instanceKlass edu/stanford/nlp/ling/CoreAnnotations$ChineseCharAnnotation
instanceKlass edu/stanford/nlp/ling/CoreAnnotations$PolarityAnnotation
instanceKlass edu/stanford/nlp/ling/CoreAnnotations$StemAnnotation
instanceKlass edu/stanford/nlp/ling/CoreAnnotations$GazetteerAnnotation
instanceKlass edu/stanford/nlp/ling/CoreAnnotations$RoleAnnotation
instanceKlass edu/stanford/nlp/ling/CoreAnnotations$InterpretationAnnotation
instanceKlass edu/stanford/nlp/ling/CoreAnnotations$FeaturesAnnotation
instanceKlass edu/stanford/nlp/ling/CoreAnnotations$OriginalTextAnnotation
instanceKlass edu/stanford/nlp/ling/CoreAnnotations$AfterAnnotation
instanceKlass edu/stanford/nlp/ling/CoreAnnotations$BeforeAnnotation
instanceKlass edu/stanford/nlp/ling/CoreAnnotations$SpanAnnotation
instanceKlass edu/stanford/nlp/ling/CoreAnnotations$ParentAnnotation
instanceKlass edu/stanford/nlp/ling/CoreAnnotations$LeftTermAnnotation
instanceKlass edu/stanford/nlp/ling/CoreAnnotations$ShapeAnnotation
instanceKlass edu/stanford/nlp/ling/CoreAnnotations$NamedEntityTagAnnotation
instanceKlass edu/stanford/nlp/ling/CoreAnnotations$CategoryFunctionalTagAnnotation
instanceKlass edu/stanford/nlp/ling/CoreAnnotations$VerbSenseAnnotation
instanceKlass edu/stanford/nlp/ling/CoreAnnotations$SemanticHeadTagAnnotation
instanceKlass edu/stanford/nlp/ling/CoreAnnotations$SemanticHeadWordAnnotation
instanceKlass edu/stanford/nlp/ling/CoreAnnotations$MarkingAnnotation
instanceKlass edu/stanford/nlp/ling/CoreAnnotations$ArgumentAnnotation
instanceKlass edu/stanford/nlp/ling/CoreAnnotations$IndexAnnotation
instanceKlass edu/stanford/nlp/ling/CoreAnnotations$CategoryAnnotation
instanceKlass edu/stanford/nlp/ling/CoreAnnotations$LemmaAnnotation
instanceKlass edu/stanford/nlp/ling/CoreAnnotations$TextAnnotation
instanceKlass edu/stanford/nlp/ling/CoreAnnotations$PartOfSpeechAnnotation
instanceKlass edu/stanford/nlp/ling/CoreAnnotations$ValueAnnotation
instanceKlass edu/stanford/nlp/ling/AnnotationLookup
instanceKlass java/util/ArrayList$SubList$1
instanceKlass java/util/regex/Matcher
instanceKlass java/util/regex/MatchResult
instanceKlass edu/stanford/nlp/sequences/ColumnDocumentReaderAndWriter
instanceKlass edu/stanford/nlp/sequences/DocumentReaderAndWriter
instanceKlass edu/stanford/nlp/util/ReflectionLoading
instanceKlass java/util/Random
instanceKlass edu/stanford/nlp/util/MaxSizeConcurrentHashSet
instanceKlass edu/stanford/nlp/ling/CoreAnnotations$GoldAnswerAnnotation
instanceKlass edu/stanford/nlp/ling/CoreAnnotations$AnswerAnnotation
instanceKlass edu/stanford/nlp/ling/CoreAnnotation
instanceKlass edu/stanford/nlp/util/TypesafeMap$Key
instanceKlass edu/stanford/nlp/process/CoreLabelTokenFactory
instanceKlass edu/stanford/nlp/process/LexedTokenFactory
instanceKlass edu/stanford/nlp/sequences/Clique$CliqueEqualityWrapper
instanceKlass edu/stanford/nlp/util/ArrayUtils
instanceKlass edu/stanford/nlp/sequences/Clique
instanceKlass edu/stanford/nlp/sequences/FeatureFactory
instanceKlass edu/stanford/nlp/optimization/Minimizer
instanceKlass edu/stanford/nlp/optimization/Function
instanceKlass edu/stanford/nlp/ie/crf/HasCliquePotentialFunction
instanceKlass edu/stanford/nlp/ie/crf/CliquePotentialFunction
instanceKlass edu/stanford/nlp/sequences/SequenceListener
instanceKlass edu/stanford/nlp/sequences/BestSequenceFinder
instanceKlass edu/stanford/nlp/sequences/SequenceModel
instanceKlass edu/stanford/nlp/stats/Sampler
instanceKlass java/io/FileFilter
instanceKlass edu/stanford/nlp/objectbank/ObjectBank
instanceKlass edu/stanford/nlp/objectbank/ReaderIteratorFactory
instanceKlass edu/stanford/nlp/objectbank/IteratorFromReaderFactory
instanceKlass edu/stanford/nlp/util/concurrent/ThreadsafeProcessor
instanceKlass edu/stanford/nlp/stats/Counter
instanceKlass edu/stanford/nlp/process/CoreTokenFactory
instanceKlass java/util/regex/ASCII
instanceKlass edu/stanford/nlp/process/WordShapeClassifier
instanceKlass edu/stanford/nlp/util/logging/SLF4JHandler$1
instanceKlass java/net/URLClassLoader$2
instanceKlass org/slf4j/impl/SimpleLogger$1
instanceKlass java/text/Format
instanceKlass java/util/concurrent/ConcurrentHashMap$Traverser
instanceKlass org/slf4j/helpers/NamedLoggerBase
